-----------------------------------------------------------------------------------------
| end of epoch   1 | time:  2.09s | valid loss  4.05 | valid ppl    57.58
-----------------------------------------------------------------------------------------
-----------------------------------------------------------------------------------------
| end of epoch   2 | time:  1.90s | valid loss  4.49 | valid ppl    88.90
-----------------------------------------------------------------------------------------
-----------------------------------------------------------------------------------------
| end of epoch   3 | time:  1.90s | valid loss  3.39 | valid ppl    29.64
-----------------------------------------------------------------------------------------
-----------------------------------------------------------------------------------------
| end of epoch   4 | time:  1.91s | valid loss  3.01 | valid ppl    20.22
-----------------------------------------------------------------------------------------
-----------------------------------------------------------------------------------------
| end of epoch   5 | time:  1.90s | valid loss  2.79 | valid ppl    16.28
-----------------------------------------------------------------------------------------
-----------------------------------------------------------------------------------------
| end of epoch   6 | time:  1.91s | valid loss  2.65 | valid ppl    14.15
-----------------------------------------------------------------------------------------
-----------------------------------------------------------------------------------------
| end of epoch   7 | time:  1.90s | valid loss  2.62 | valid ppl    13.69
-----------------------------------------------------------------------------------------
-----------------------------------------------------------------------------------------
| end of epoch   8 | time:  1.90s | valid loss  2.51 | valid ppl    12.29
-----------------------------------------------------------------------------------------
-----------------------------------------------------------------------------------------
| end of epoch   9 | time:  1.90s | valid loss  2.43 | valid ppl    11.38
-----------------------------------------------------------------------------------------
-----------------------------------------------------------------------------------------
| end of epoch  10 | time:  1.90s | valid loss  2.40 | valid ppl    11.01
-----------------------------------------------------------------------------------------
-----------------------------------------------------------------------------------------
| end of epoch  11 | time:  1.91s | valid loss  2.33 | valid ppl    10.24
-----------------------------------------------------------------------------------------
-----------------------------------------------------------------------------------------
| end of epoch  12 | time:  1.91s | valid loss  2.29 | valid ppl     9.86
-----------------------------------------------------------------------------------------
-----------------------------------------------------------------------------------------
| end of epoch  13 | time:  1.91s | valid loss  2.25 | valid ppl     9.52
-----------------------------------------------------------------------------------------
-----------------------------------------------------------------------------------------
| end of epoch  14 | time:  1.91s | valid loss  2.21 | valid ppl     9.11
-----------------------------------------------------------------------------------------
-----------------------------------------------------------------------------------------
| end of epoch  15 | time:  1.91s | valid loss  2.17 | valid ppl     8.73
-----------------------------------------------------------------------------------------
-----------------------------------------------------------------------------------------
| end of epoch  16 | time:  1.90s | valid loss  2.13 | valid ppl     8.45
-----------------------------------------------------------------------------------------
-----------------------------------------------------------------------------------------
| end of epoch  17 | time:  1.90s | valid loss  2.14 | valid ppl     8.47
-----------------------------------------------------------------------------------------
-----------------------------------------------------------------------------------------
| end of epoch  18 | time:  1.91s | valid loss  2.05 | valid ppl     7.74
-----------------------------------------------------------------------------------------
-----------------------------------------------------------------------------------------
| end of epoch  19 | time:  1.91s | valid loss  2.04 | valid ppl     7.66
-----------------------------------------------------------------------------------------
-----------------------------------------------------------------------------------------
| end of epoch  20 | time:  1.91s | valid loss  2.03 | valid ppl     7.60
-----------------------------------------------------------------------------------------
-----------------------------------------------------------------------------------------
| end of epoch  21 | time:  1.91s | valid loss  2.02 | valid ppl     7.54
-----------------------------------------------------------------------------------------
-----------------------------------------------------------------------------------------
| end of epoch  22 | time:  1.91s | valid loss  2.01 | valid ppl     7.48
-----------------------------------------------------------------------------------------
-----------------------------------------------------------------------------------------
| end of epoch  23 | time:  1.90s | valid loss  2.01 | valid ppl     7.43
-----------------------------------------------------------------------------------------
-----------------------------------------------------------------------------------------
| end of epoch  24 | time:  1.90s | valid loss  2.00 | valid ppl     7.37
-----------------------------------------------------------------------------------------
-----------------------------------------------------------------------------------------
| end of epoch  25 | time:  1.91s | valid loss  1.99 | valid ppl     7.33
-----------------------------------------------------------------------------------------
-----------------------------------------------------------------------------------------
| end of epoch  26 | time:  1.92s | valid loss  1.98 | valid ppl     7.27
-----------------------------------------------------------------------------------------
-----------------------------------------------------------------------------------------
| end of epoch  27 | time:  1.92s | valid loss  1.98 | valid ppl     7.23
-----------------------------------------------------------------------------------------
-----------------------------------------------------------------------------------------
| end of epoch  28 | time:  1.91s | valid loss  1.97 | valid ppl     7.18
-----------------------------------------------------------------------------------------
-----------------------------------------------------------------------------------------
| end of epoch  29 | time:  1.91s | valid loss  1.97 | valid ppl     7.14
-----------------------------------------------------------------------------------------
-----------------------------------------------------------------------------------------
| end of epoch  30 | time:  1.91s | valid loss  1.96 | valid ppl     7.10
-----------------------------------------------------------------------------------------
-----------------------------------------------------------------------------------------
| end of epoch  31 | time:  1.91s | valid loss  1.95 | valid ppl     7.06
-----------------------------------------------------------------------------------------
-----------------------------------------------------------------------------------------
| end of epoch  32 | time:  1.91s | valid loss  1.95 | valid ppl     7.01
-----------------------------------------------------------------------------------------
-----------------------------------------------------------------------------------------
| end of epoch  33 | time:  1.91s | valid loss  1.94 | valid ppl     6.98
-----------------------------------------------------------------------------------------
-----------------------------------------------------------------------------------------
| end of epoch  34 | time:  1.90s | valid loss  1.94 | valid ppl     6.95
-----------------------------------------------------------------------------------------
-----------------------------------------------------------------------------------------
| end of epoch  35 | time:  1.90s | valid loss  1.93 | valid ppl     6.91
-----------------------------------------------------------------------------------------
-----------------------------------------------------------------------------------------
| end of epoch  36 | time:  1.91s | valid loss  1.93 | valid ppl     6.87
-----------------------------------------------------------------------------------------
-----------------------------------------------------------------------------------------
| end of epoch  37 | time:  1.90s | valid loss  1.92 | valid ppl     6.84
-----------------------------------------------------------------------------------------
-----------------------------------------------------------------------------------------
| end of epoch  38 | time:  1.91s | valid loss  1.92 | valid ppl     6.81
-----------------------------------------------------------------------------------------
-----------------------------------------------------------------------------------------
| end of epoch  39 | time:  1.91s | valid loss  1.91 | valid ppl     6.78
-----------------------------------------------------------------------------------------
-----------------------------------------------------------------------------------------
| end of epoch  40 | time:  1.91s | valid loss  1.91 | valid ppl     6.74
-----------------------------------------------------------------------------------------
-----------------------------------------------------------------------------------------
| end of epoch  41 | time:  1.91s | valid loss  1.90 | valid ppl     6.71
-----------------------------------------------------------------------------------------
-----------------------------------------------------------------------------------------
| end of epoch  42 | time:  1.91s | valid loss  1.90 | valid ppl     6.68
-----------------------------------------------------------------------------------------
-----------------------------------------------------------------------------------------
| end of epoch  43 | time:  1.91s | valid loss  1.89 | valid ppl     6.65
-----------------------------------------------------------------------------------------
-----------------------------------------------------------------------------------------
| end of epoch  44 | time:  1.90s | valid loss  1.89 | valid ppl     6.62
-----------------------------------------------------------------------------------------
-----------------------------------------------------------------------------------------
| end of epoch  45 | time:  1.90s | valid loss  1.89 | valid ppl     6.60
-----------------------------------------------------------------------------------------
-----------------------------------------------------------------------------------------
| end of epoch  46 | time:  1.91s | valid loss  1.88 | valid ppl     6.57
-----------------------------------------------------------------------------------------
-----------------------------------------------------------------------------------------
| end of epoch  47 | time:  1.91s | valid loss  1.88 | valid ppl     6.53
-----------------------------------------------------------------------------------------
-----------------------------------------------------------------------------------------
| end of epoch  48 | time:  1.91s | valid loss  1.87 | valid ppl     6.52
-----------------------------------------------------------------------------------------
-----------------------------------------------------------------------------------------
| end of epoch  49 | time:  1.90s | valid loss  1.87 | valid ppl     6.49
-----------------------------------------------------------------------------------------
-----------------------------------------------------------------------------------------
| end of epoch  50 | time:  1.90s | valid loss  1.87 | valid ppl     6.46
-----------------------------------------------------------------------------------------
-----------------------------------------------------------------------------------------
| end of epoch  51 | time:  1.90s | valid loss  1.86 | valid ppl     6.44
-----------------------------------------------------------------------------------------
-----------------------------------------------------------------------------------------
| end of epoch  52 | time:  1.91s | valid loss  1.86 | valid ppl     6.42
-----------------------------------------------------------------------------------------
-----------------------------------------------------------------------------------------
| end of epoch  53 | time:  1.91s | valid loss  1.85 | valid ppl     6.39
-----------------------------------------------------------------------------------------
-----------------------------------------------------------------------------------------
| end of epoch  54 | time:  1.91s | valid loss  1.85 | valid ppl     6.37
-----------------------------------------------------------------------------------------
-----------------------------------------------------------------------------------------
| end of epoch  55 | time:  1.90s | valid loss  1.85 | valid ppl     6.34
-----------------------------------------------------------------------------------------
-----------------------------------------------------------------------------------------
| end of epoch  56 | time:  1.91s | valid loss  1.84 | valid ppl     6.32
-----------------------------------------------------------------------------------------
-----------------------------------------------------------------------------------------
| end of epoch  57 | time:  1.91s | valid loss  1.84 | valid ppl     6.30
-----------------------------------------------------------------------------------------
-----------------------------------------------------------------------------------------
| end of epoch  58 | time:  1.91s | valid loss  1.84 | valid ppl     6.28
-----------------------------------------------------------------------------------------
-----------------------------------------------------------------------------------------
| end of epoch  59 | time:  1.91s | valid loss  1.83 | valid ppl     6.26
-----------------------------------------------------------------------------------------
-----------------------------------------------------------------------------------------
| end of epoch  60 | time:  1.91s | valid loss  1.83 | valid ppl     6.24
-----------------------------------------------------------------------------------------
-----------------------------------------------------------------------------------------
| end of epoch  61 | time:  1.91s | valid loss  1.83 | valid ppl     6.22
-----------------------------------------------------------------------------------------
-----------------------------------------------------------------------------------------
| end of epoch  62 | time:  1.91s | valid loss  1.82 | valid ppl     6.20
-----------------------------------------------------------------------------------------
-----------------------------------------------------------------------------------------
| end of epoch  63 | time:  1.90s | valid loss  1.82 | valid ppl     6.18
-----------------------------------------------------------------------------------------
-----------------------------------------------------------------------------------------
| end of epoch  64 | time:  1.90s | valid loss  1.82 | valid ppl     6.17
-----------------------------------------------------------------------------------------
-----------------------------------------------------------------------------------------
| end of epoch  65 | time:  1.90s | valid loss  1.82 | valid ppl     6.15
-----------------------------------------------------------------------------------------
-----------------------------------------------------------------------------------------
| end of epoch  66 | time:  1.91s | valid loss  1.81 | valid ppl     6.13
-----------------------------------------------------------------------------------------
-----------------------------------------------------------------------------------------
| end of epoch  67 | time:  1.91s | valid loss  1.81 | valid ppl     6.11
-----------------------------------------------------------------------------------------
-----------------------------------------------------------------------------------------
| end of epoch  68 | time:  1.91s | valid loss  1.81 | valid ppl     6.09
-----------------------------------------------------------------------------------------
-----------------------------------------------------------------------------------------
| end of epoch  69 | time:  1.91s | valid loss  1.80 | valid ppl     6.07
-----------------------------------------------------------------------------------------
-----------------------------------------------------------------------------------------
| end of epoch  70 | time:  1.91s | valid loss  1.80 | valid ppl     6.06
-----------------------------------------------------------------------------------------
-----------------------------------------------------------------------------------------
| end of epoch  71 | time:  1.91s | valid loss  1.80 | valid ppl     6.04
-----------------------------------------------------------------------------------------
-----------------------------------------------------------------------------------------
| end of epoch  72 | time:  1.90s | valid loss  1.80 | valid ppl     6.02
-----------------------------------------------------------------------------------------
-----------------------------------------------------------------------------------------
| end of epoch  73 | time:  1.90s | valid loss  1.79 | valid ppl     6.01
-----------------------------------------------------------------------------------------
-----------------------------------------------------------------------------------------
| end of epoch  74 | time:  1.91s | valid loss  1.79 | valid ppl     5.99
-----------------------------------------------------------------------------------------
-----------------------------------------------------------------------------------------
| end of epoch  75 | time:  1.90s | valid loss  1.79 | valid ppl     5.98
-----------------------------------------------------------------------------------------
-----------------------------------------------------------------------------------------
| end of epoch  76 | time:  1.90s | valid loss  1.78 | valid ppl     5.96
-----------------------------------------------------------------------------------------
-----------------------------------------------------------------------------------------
| end of epoch  77 | time:  1.91s | valid loss  1.78 | valid ppl     5.94
-----------------------------------------------------------------------------------------
-----------------------------------------------------------------------------------------
| end of epoch  78 | time:  1.91s | valid loss  1.78 | valid ppl     5.94
-----------------------------------------------------------------------------------------
-----------------------------------------------------------------------------------------
| end of epoch  79 | time:  1.91s | valid loss  1.78 | valid ppl     5.92
-----------------------------------------------------------------------------------------
-----------------------------------------------------------------------------------------
| end of epoch  80 | time:  1.90s | valid loss  1.78 | valid ppl     5.90
-----------------------------------------------------------------------------------------
-----------------------------------------------------------------------------------------
| end of epoch  81 | time:  1.91s | valid loss  1.77 | valid ppl     5.89
-----------------------------------------------------------------------------------------
-----------------------------------------------------------------------------------------
| end of epoch  82 | time:  1.91s | valid loss  1.77 | valid ppl     5.88
-----------------------------------------------------------------------------------------
-----------------------------------------------------------------------------------------
| end of epoch  83 | time:  1.91s | valid loss  1.77 | valid ppl     5.86
-----------------------------------------------------------------------------------------
-----------------------------------------------------------------------------------------
| end of epoch  84 | time:  1.91s | valid loss  1.77 | valid ppl     5.85
-----------------------------------------------------------------------------------------
-----------------------------------------------------------------------------------------
| end of epoch  85 | time:  1.90s | valid loss  1.76 | valid ppl     5.84
-----------------------------------------------------------------------------------------
-----------------------------------------------------------------------------------------
| end of epoch  86 | time:  1.91s | valid loss  1.76 | valid ppl     5.82
-----------------------------------------------------------------------------------------
-----------------------------------------------------------------------------------------
| end of epoch  87 | time:  1.91s | valid loss  1.76 | valid ppl     5.81
-----------------------------------------------------------------------------------------
-----------------------------------------------------------------------------------------
| end of epoch  88 | time:  1.91s | valid loss  1.76 | valid ppl     5.80
-----------------------------------------------------------------------------------------
-----------------------------------------------------------------------------------------
| end of epoch  89 | time:  1.91s | valid loss  1.76 | valid ppl     5.79
-----------------------------------------------------------------------------------------
-----------------------------------------------------------------------------------------
| end of epoch  90 | time:  1.91s | valid loss  1.75 | valid ppl     5.77
-----------------------------------------------------------------------------------------
-----------------------------------------------------------------------------------------
| end of epoch  91 | time:  1.90s | valid loss  1.75 | valid ppl     5.77
-----------------------------------------------------------------------------------------
-----------------------------------------------------------------------------------------
| end of epoch  92 | time:  1.91s | valid loss  1.75 | valid ppl     5.75
-----------------------------------------------------------------------------------------
-----------------------------------------------------------------------------------------
| end of epoch  93 | time:  1.91s | valid loss  1.75 | valid ppl     5.74
-----------------------------------------------------------------------------------------
-----------------------------------------------------------------------------------------
| end of epoch  94 | time:  1.91s | valid loss  1.75 | valid ppl     5.73
-----------------------------------------------------------------------------------------
-----------------------------------------------------------------------------------------
| end of epoch  95 | time:  1.91s | valid loss  1.74 | valid ppl     5.73
-----------------------------------------------------------------------------------------
-----------------------------------------------------------------------------------------
| end of epoch  96 | time:  1.91s | valid loss  1.74 | valid ppl     5.71
-----------------------------------------------------------------------------------------
-----------------------------------------------------------------------------------------
| end of epoch  97 | time:  1.91s | valid loss  1.74 | valid ppl     5.70
-----------------------------------------------------------------------------------------
-----------------------------------------------------------------------------------------
| end of epoch  98 | time:  1.90s | valid loss  1.74 | valid ppl     5.69
-----------------------------------------------------------------------------------------
-----------------------------------------------------------------------------------------
| end of epoch  99 | time:  1.90s | valid loss  1.74 | valid ppl     5.68
-----------------------------------------------------------------------------------------
-----------------------------------------------------------------------------------------
| end of epoch 100 | time:  1.90s | valid loss  1.74 | valid ppl     5.67
-----------------------------------------------------------------------------------------
=========================================================================================
| End of training | test loss  1.78 | test ppl     5.96
=========================================================================================
| Generated 0/1000 words
| Generated 100/1000 words
| Generated 200/1000 words
| Generated 300/1000 words
| Generated 400/1000 words
| Generated 500/1000 words
| Generated 600/1000 words
| Generated 700/1000 words
| Generated 800/1000 words
| Generated 900/1000 words
