+ python main.py --cuda --data data --model LSTM --emsize 32 --nhid 512 --nlayers 2 --batch_size 64 --bptt 141 --lr 20 --clip 0.25 --epochs 400 --save modellovesdatatrump.pt
| epoch   1 |   200/  929 batches | lr 20.00 | ms/batch 142.52 | loss  2.97 | ppl    19.55
| epoch   1 |   400/  929 batches | lr 20.00 | ms/batch 142.47 | loss  1.63 | ppl     5.10
| epoch   1 |   600/  929 batches | lr 20.00 | ms/batch 286.00 | loss  1.40 | ppl     4.06
| epoch   1 |   800/  929 batches | lr 20.00 | ms/batch 298.31 | loss  1.28 | ppl     3.59
-----------------------------------------------------------------------------------------
| end of epoch   1 | time: 261.42s | valid loss  1.17 | valid ppl     3.22
-----------------------------------------------------------------------------------------
| epoch   2 |   200/  929 batches | lr 20.00 | ms/batch 301.66 | loss  1.17 | ppl     3.23
| epoch   2 |   400/  929 batches | lr 20.00 | ms/batch 299.66 | loss  1.13 | ppl     3.09
| epoch   2 |   600/  929 batches | lr 20.00 | ms/batch 301.40 | loss  1.10 | ppl     3.00
| epoch   2 |   800/  929 batches | lr 20.00 | ms/batch 301.00 | loss  1.08 | ppl     2.95
-----------------------------------------------------------------------------------------
| end of epoch   2 | time: 328.69s | valid loss  1.05 | valid ppl     2.85
-----------------------------------------------------------------------------------------
| epoch   3 |   200/  929 batches | lr 20.00 | ms/batch 300.59 | loss  1.05 | ppl     2.87
| epoch   3 |   400/  929 batches | lr 20.00 | ms/batch 299.17 | loss  1.03 | ppl     2.81
| epoch   3 |   600/  929 batches | lr 20.00 | ms/batch 298.77 | loss  1.02 | ppl     2.77
| epoch   3 |   800/  929 batches | lr 20.00 | ms/batch 299.69 | loss  1.02 | ppl     2.76
-----------------------------------------------------------------------------------------
| end of epoch   3 | time: 327.57s | valid loss  1.00 | valid ppl     2.71
-----------------------------------------------------------------------------------------
| epoch   4 |   200/  929 batches | lr 20.00 | ms/batch 301.53 | loss  1.00 | ppl     2.72
| epoch   4 |   400/  929 batches | lr 20.00 | ms/batch 300.47 | loss  0.99 | ppl     2.68
| epoch   4 |   600/  929 batches | lr 20.00 | ms/batch 300.58 | loss  0.98 | ppl     2.66
| epoch   4 |   800/  929 batches | lr 20.00 | ms/batch 299.64 | loss  0.98 | ppl     2.66
-----------------------------------------------------------------------------------------
| end of epoch   4 | time: 328.10s | valid loss  0.97 | valid ppl     2.63
-----------------------------------------------------------------------------------------
| epoch   5 |   200/  929 batches | lr 20.00 | ms/batch 301.26 | loss  0.97 | ppl     2.63
| epoch   5 |   400/  929 batches | lr 20.00 | ms/batch 299.39 | loss  0.96 | ppl     2.60
| epoch   5 |   600/  929 batches | lr 20.00 | ms/batch 299.78 | loss  0.95 | ppl     2.58
| epoch   5 |   800/  929 batches | lr 20.00 | ms/batch 300.06 | loss  0.95 | ppl     2.59
-----------------------------------------------------------------------------------------
| end of epoch   5 | time: 327.53s | valid loss  0.94 | valid ppl     2.57
-----------------------------------------------------------------------------------------
| epoch   6 |   200/  929 batches | lr 20.00 | ms/batch 301.22 | loss  0.94 | ppl     2.57
| epoch   6 |   400/  929 batches | lr 20.00 | ms/batch 299.09 | loss  0.93 | ppl     2.55
| epoch   6 |   600/  929 batches | lr 20.00 | ms/batch 299.53 | loss  0.93 | ppl     2.53
| epoch   6 |   800/  929 batches | lr 20.00 | ms/batch 300.23 | loss  0.93 | ppl     2.54
-----------------------------------------------------------------------------------------
| end of epoch   6 | time: 327.71s | valid loss  0.93 | valid ppl     2.54
-----------------------------------------------------------------------------------------
| epoch   7 |   200/  929 batches | lr 20.00 | ms/batch 302.52 | loss  0.93 | ppl     2.52
| epoch   7 |   400/  929 batches | lr 20.00 | ms/batch 300.83 | loss  0.92 | ppl     2.50
| epoch   7 |   600/  929 batches | lr 20.00 | ms/batch 301.40 | loss  0.91 | ppl     2.49
| epoch   7 |   800/  929 batches | lr 20.00 | ms/batch 303.19 | loss  0.92 | ppl     2.50
-----------------------------------------------------------------------------------------
| end of epoch   7 | time: 329.78s | valid loss  0.92 | valid ppl     2.51
-----------------------------------------------------------------------------------------
| epoch   8 |   200/  929 batches | lr 20.00 | ms/batch 300.63 | loss  0.91 | ppl     2.48
| epoch   8 |   400/  929 batches | lr 20.00 | ms/batch 300.47 | loss  0.90 | ppl     2.46
| epoch   8 |   600/  929 batches | lr 20.00 | ms/batch 299.98 | loss  0.90 | ppl     2.45
| epoch   8 |   800/  929 batches | lr 20.00 | ms/batch 299.22 | loss  0.90 | ppl     2.46
-----------------------------------------------------------------------------------------
| end of epoch   8 | time: 327.73s | valid loss  0.91 | valid ppl     2.47
-----------------------------------------------------------------------------------------
| epoch   9 |   200/  929 batches | lr 20.00 | ms/batch 302.22 | loss  0.90 | ppl     2.45
| epoch   9 |   400/  929 batches | lr 20.00 | ms/batch 299.91 | loss  0.89 | ppl     2.43
| epoch   9 |   600/  929 batches | lr 20.00 | ms/batch 299.87 | loss  0.89 | ppl     2.42
| epoch   9 |   800/  929 batches | lr 20.00 | ms/batch 300.67 | loss  0.89 | ppl     2.44
-----------------------------------------------------------------------------------------
| end of epoch   9 | time: 313.99s | valid loss  0.90 | valid ppl     2.46
-----------------------------------------------------------------------------------------
| epoch  10 |   200/  929 batches | lr 20.00 | ms/batch 145.30 | loss  0.89 | ppl     2.43
| epoch  10 |   400/  929 batches | lr 20.00 | ms/batch 146.39 | loss  0.88 | ppl     2.41
| epoch  10 |   600/  929 batches | lr 20.00 | ms/batch 144.48 | loss  0.88 | ppl     2.40
| epoch  10 |   800/  929 batches | lr 20.00 | ms/batch 144.38 | loss  0.88 | ppl     2.41
-----------------------------------------------------------------------------------------
| end of epoch  10 | time: 158.17s | valid loss  0.89 | valid ppl     2.44
-----------------------------------------------------------------------------------------
| epoch  11 |   200/  929 batches | lr 20.00 | ms/batch 145.18 | loss  0.88 | ppl     2.40
| epoch  11 |   400/  929 batches | lr 20.00 | ms/batch 144.31 | loss  0.87 | ppl     2.38
| epoch  11 |   600/  929 batches | lr 20.00 | ms/batch 144.29 | loss  0.87 | ppl     2.38
| epoch  11 |   800/  929 batches | lr 20.00 | ms/batch 144.25 | loss  0.87 | ppl     2.39
-----------------------------------------------------------------------------------------
| end of epoch  11 | time: 157.88s | valid loss  0.88 | valid ppl     2.42
-----------------------------------------------------------------------------------------
| epoch  12 |   200/  929 batches | lr 20.00 | ms/batch 145.05 | loss  0.87 | ppl     2.38
| epoch  12 |   400/  929 batches | lr 20.00 | ms/batch 144.28 | loss  0.86 | ppl     2.36
| epoch  12 |   600/  929 batches | lr 20.00 | ms/batch 144.23 | loss  0.86 | ppl     2.36
| epoch  12 |   800/  929 batches | lr 20.00 | ms/batch 144.41 | loss  0.86 | ppl     2.37
-----------------------------------------------------------------------------------------
| end of epoch  12 | time: 157.80s | valid loss  0.88 | valid ppl     2.40
-----------------------------------------------------------------------------------------
| epoch  13 |   200/  929 batches | lr 20.00 | ms/batch 144.26 | loss  0.86 | ppl     2.37
| epoch  13 |   400/  929 batches | lr 20.00 | ms/batch 143.60 | loss  0.85 | ppl     2.35
| epoch  13 |   600/  929 batches | lr 20.00 | ms/batch 143.65 | loss  0.85 | ppl     2.34
| epoch  13 |   800/  929 batches | lr 20.00 | ms/batch 143.58 | loss  0.86 | ppl     2.35
-----------------------------------------------------------------------------------------
| end of epoch  13 | time: 157.11s | valid loss  0.87 | valid ppl     2.40
-----------------------------------------------------------------------------------------
| epoch  14 |   200/  929 batches | lr 20.00 | ms/batch 145.13 | loss  0.85 | ppl     2.35
| epoch  14 |   400/  929 batches | lr 20.00 | ms/batch 144.67 | loss  0.85 | ppl     2.33
| epoch  14 |   600/  929 batches | lr 20.00 | ms/batch 144.64 | loss  0.84 | ppl     2.33
| epoch  14 |   800/  929 batches | lr 20.00 | ms/batch 144.59 | loss  0.85 | ppl     2.34
-----------------------------------------------------------------------------------------
| end of epoch  14 | time: 158.08s | valid loss  0.87 | valid ppl     2.39
-----------------------------------------------------------------------------------------
| epoch  15 |   200/  929 batches | lr 20.00 | ms/batch 144.62 | loss  0.85 | ppl     2.34
| epoch  15 |   400/  929 batches | lr 20.00 | ms/batch 143.98 | loss  0.84 | ppl     2.32
| epoch  15 |   600/  929 batches | lr 20.00 | ms/batch 143.82 | loss  0.84 | ppl     2.32
| epoch  15 |   800/  929 batches | lr 20.00 | ms/batch 144.06 | loss  0.84 | ppl     2.33
-----------------------------------------------------------------------------------------
| end of epoch  15 | time: 157.33s | valid loss  0.86 | valid ppl     2.37
-----------------------------------------------------------------------------------------
| epoch  16 |   200/  929 batches | lr 20.00 | ms/batch 145.19 | loss  0.84 | ppl     2.32
| epoch  16 |   400/  929 batches | lr 20.00 | ms/batch 144.39 | loss  0.84 | ppl     2.31
| epoch  16 |   600/  929 batches | lr 20.00 | ms/batch 144.49 | loss  0.83 | ppl     2.30
| epoch  16 |   800/  929 batches | lr 20.00 | ms/batch 144.51 | loss  0.84 | ppl     2.31
-----------------------------------------------------------------------------------------
| end of epoch  16 | time: 158.00s | valid loss  0.86 | valid ppl     2.36
-----------------------------------------------------------------------------------------
| epoch  17 |   200/  929 batches | lr 20.00 | ms/batch 145.21 | loss  0.84 | ppl     2.31
| epoch  17 |   400/  929 batches | lr 20.00 | ms/batch 144.75 | loss  0.83 | ppl     2.30
| epoch  17 |   600/  929 batches | lr 20.00 | ms/batch 144.92 | loss  0.83 | ppl     2.29
| epoch  17 |   800/  929 batches | lr 20.00 | ms/batch 145.09 | loss  0.83 | ppl     2.30
-----------------------------------------------------------------------------------------
| end of epoch  17 | time: 158.38s | valid loss  0.86 | valid ppl     2.36
-----------------------------------------------------------------------------------------
| epoch  18 |   200/  929 batches | lr 20.00 | ms/batch 145.04 | loss  0.83 | ppl     2.30
| epoch  18 |   400/  929 batches | lr 20.00 | ms/batch 144.31 | loss  0.83 | ppl     2.28
| epoch  18 |   600/  929 batches | lr 20.00 | ms/batch 144.40 | loss  0.83 | ppl     2.28
| epoch  18 |   800/  929 batches | lr 20.00 | ms/batch 144.52 | loss  0.83 | ppl     2.29
-----------------------------------------------------------------------------------------
| end of epoch  18 | time: 157.89s | valid loss  0.86 | valid ppl     2.36
-----------------------------------------------------------------------------------------
| epoch  19 |   200/  929 batches | lr 20.00 | ms/batch 145.42 | loss  0.83 | ppl     2.29
| epoch  19 |   400/  929 batches | lr 20.00 | ms/batch 144.59 | loss  0.82 | ppl     2.28
| epoch  19 |   600/  929 batches | lr 20.00 | ms/batch 144.56 | loss  0.82 | ppl     2.27
| epoch  19 |   800/  929 batches | lr 20.00 | ms/batch 144.56 | loss  0.83 | ppl     2.28
-----------------------------------------------------------------------------------------
| end of epoch  19 | time: 158.17s | valid loss  0.85 | valid ppl     2.34
-----------------------------------------------------------------------------------------
| epoch  20 |   200/  929 batches | lr 20.00 | ms/batch 145.17 | loss  0.83 | ppl     2.28
| epoch  20 |   400/  929 batches | lr 20.00 | ms/batch 144.58 | loss  0.82 | ppl     2.27
| epoch  20 |   600/  929 batches | lr 20.00 | ms/batch 144.58 | loss  0.82 | ppl     2.26
| epoch  20 |   800/  929 batches | lr 20.00 | ms/batch 144.63 | loss  0.82 | ppl     2.28
-----------------------------------------------------------------------------------------
| end of epoch  20 | time: 157.91s | valid loss  0.85 | valid ppl     2.34
-----------------------------------------------------------------------------------------
| epoch  21 |   200/  929 batches | lr 20.00 | ms/batch 145.24 | loss  0.82 | ppl     2.27
| epoch  21 |   400/  929 batches | lr 20.00 | ms/batch 144.55 | loss  0.81 | ppl     2.26
| epoch  21 |   600/  929 batches | lr 20.00 | ms/batch 144.65 | loss  0.81 | ppl     2.26
| epoch  21 |   800/  929 batches | lr 20.00 | ms/batch 144.75 | loss  0.82 | ppl     2.27
-----------------------------------------------------------------------------------------
| end of epoch  21 | time: 158.25s | valid loss  0.85 | valid ppl     2.33
-----------------------------------------------------------------------------------------
| epoch  22 |   200/  929 batches | lr 20.00 | ms/batch 145.69 | loss  0.82 | ppl     2.26
| epoch  22 |   400/  929 batches | lr 20.00 | ms/batch 144.93 | loss  0.81 | ppl     2.25
| epoch  22 |   600/  929 batches | lr 20.00 | ms/batch 144.95 | loss  0.81 | ppl     2.25
| epoch  22 |   800/  929 batches | lr 20.00 | ms/batch 144.66 | loss  0.82 | ppl     2.26
-----------------------------------------------------------------------------------------
| end of epoch  22 | time: 158.29s | valid loss  0.85 | valid ppl     2.33
-----------------------------------------------------------------------------------------
| epoch  23 |   200/  929 batches | lr 5.00 | ms/batch 144.73 | loss  0.81 | ppl     2.26
| epoch  23 |   400/  929 batches | lr 5.00 | ms/batch 144.21 | loss  0.80 | ppl     2.23
| epoch  23 |   600/  929 batches | lr 5.00 | ms/batch 144.19 | loss  0.79 | ppl     2.21
| epoch  23 |   800/  929 batches | lr 5.00 | ms/batch 144.24 | loss  0.79 | ppl     2.21
-----------------------------------------------------------------------------------------
| end of epoch  23 | time: 157.62s | valid loss  0.82 | valid ppl     2.27
-----------------------------------------------------------------------------------------
| epoch  24 |   200/  929 batches | lr 5.00 | ms/batch 145.05 | loss  0.80 | ppl     2.22
| epoch  24 |   400/  929 batches | lr 5.00 | ms/batch 144.53 | loss  0.79 | ppl     2.21
| epoch  24 |   600/  929 batches | lr 5.00 | ms/batch 144.57 | loss  0.79 | ppl     2.20
| epoch  24 |   800/  929 batches | lr 5.00 | ms/batch 144.50 | loss  0.79 | ppl     2.20
-----------------------------------------------------------------------------------------
| end of epoch  24 | time: 158.10s | valid loss  0.82 | valid ppl     2.27
-----------------------------------------------------------------------------------------
| epoch  25 |   200/  929 batches | lr 5.00 | ms/batch 145.18 | loss  0.79 | ppl     2.21
| epoch  25 |   400/  929 batches | lr 5.00 | ms/batch 144.43 | loss  0.79 | ppl     2.19
| epoch  25 |   600/  929 batches | lr 5.00 | ms/batch 144.55 | loss  0.78 | ppl     2.19
| epoch  25 |   800/  929 batches | lr 5.00 | ms/batch 144.61 | loss  0.78 | ppl     2.19
-----------------------------------------------------------------------------------------
| end of epoch  25 | time: 157.93s | valid loss  0.82 | valid ppl     2.26
-----------------------------------------------------------------------------------------
| epoch  26 |   200/  929 batches | lr 5.00 | ms/batch 145.50 | loss  0.79 | ppl     2.21
| epoch  26 |   400/  929 batches | lr 5.00 | ms/batch 144.68 | loss  0.78 | ppl     2.19
| epoch  26 |   600/  929 batches | lr 5.00 | ms/batch 144.76 | loss  0.78 | ppl     2.18
| epoch  26 |   800/  929 batches | lr 5.00 | ms/batch 144.77 | loss  0.78 | ppl     2.19
-----------------------------------------------------------------------------------------
| end of epoch  26 | time: 158.39s | valid loss  0.82 | valid ppl     2.26
-----------------------------------------------------------------------------------------
| epoch  27 |   200/  929 batches | lr 5.00 | ms/batch 145.84 | loss  0.79 | ppl     2.20
| epoch  27 |   400/  929 batches | lr 5.00 | ms/batch 145.09 | loss  0.78 | ppl     2.18
| epoch  27 |   600/  929 batches | lr 5.00 | ms/batch 145.09 | loss  0.78 | ppl     2.18
| epoch  27 |   800/  929 batches | lr 5.00 | ms/batch 144.95 | loss  0.78 | ppl     2.18
-----------------------------------------------------------------------------------------
| end of epoch  27 | time: 158.48s | valid loss  0.81 | valid ppl     2.25
-----------------------------------------------------------------------------------------
| epoch  28 |   200/  929 batches | lr 5.00 | ms/batch 144.52 | loss  0.79 | ppl     2.19
| epoch  28 |   400/  929 batches | lr 5.00 | ms/batch 143.94 | loss  0.78 | ppl     2.18
| epoch  28 |   600/  929 batches | lr 5.00 | ms/batch 144.23 | loss  0.78 | ppl     2.17
| epoch  28 |   800/  929 batches | lr 5.00 | ms/batch 144.29 | loss  0.78 | ppl     2.18
-----------------------------------------------------------------------------------------
| end of epoch  28 | time: 157.56s | valid loss  0.81 | valid ppl     2.25
-----------------------------------------------------------------------------------------
| epoch  29 |   200/  929 batches | lr 5.00 | ms/batch 145.17 | loss  0.78 | ppl     2.19
| epoch  29 |   400/  929 batches | lr 5.00 | ms/batch 144.51 | loss  0.78 | ppl     2.17
| epoch  29 |   600/  929 batches | lr 5.00 | ms/batch 144.52 | loss  0.77 | ppl     2.17
| epoch  29 |   800/  929 batches | lr 5.00 | ms/batch 144.55 | loss  0.78 | ppl     2.18
-----------------------------------------------------------------------------------------
| end of epoch  29 | time: 158.08s | valid loss  0.81 | valid ppl     2.25
-----------------------------------------------------------------------------------------
| epoch  30 |   200/  929 batches | lr 5.00 | ms/batch 145.15 | loss  0.78 | ppl     2.19
| epoch  30 |   400/  929 batches | lr 5.00 | ms/batch 144.27 | loss  0.77 | ppl     2.17
| epoch  30 |   600/  929 batches | lr 5.00 | ms/batch 144.48 | loss  0.77 | ppl     2.16
| epoch  30 |   800/  929 batches | lr 5.00 | ms/batch 144.31 | loss  0.78 | ppl     2.17
-----------------------------------------------------------------------------------------
| end of epoch  30 | time: 157.71s | valid loss  0.81 | valid ppl     2.25
-----------------------------------------------------------------------------------------
| epoch  31 |   200/  929 batches | lr 5.00 | ms/batch 145.41 | loss  0.78 | ppl     2.18
| epoch  31 |   400/  929 batches | lr 5.00 | ms/batch 144.58 | loss  0.77 | ppl     2.16
| epoch  31 |   600/  929 batches | lr 5.00 | ms/batch 144.62 | loss  0.77 | ppl     2.16
| epoch  31 |   800/  929 batches | lr 5.00 | ms/batch 144.73 | loss  0.77 | ppl     2.17
-----------------------------------------------------------------------------------------
| end of epoch  31 | time: 158.19s | valid loss  0.81 | valid ppl     2.25
-----------------------------------------------------------------------------------------
| epoch  32 |   200/  929 batches | lr 5.00 | ms/batch 145.70 | loss  0.78 | ppl     2.18
| epoch  32 |   400/  929 batches | lr 5.00 | ms/batch 145.01 | loss  0.77 | ppl     2.16
| epoch  32 |   600/  929 batches | lr 5.00 | ms/batch 144.98 | loss  0.77 | ppl     2.16
| epoch  32 |   800/  929 batches | lr 5.00 | ms/batch 144.73 | loss  0.77 | ppl     2.17
-----------------------------------------------------------------------------------------
| end of epoch  32 | time: 158.35s | valid loss  0.81 | valid ppl     2.25
-----------------------------------------------------------------------------------------
| epoch  33 |   200/  929 batches | lr 5.00 | ms/batch 144.84 | loss  0.78 | ppl     2.17
| epoch  33 |   400/  929 batches | lr 5.00 | ms/batch 144.18 | loss  0.77 | ppl     2.16
| epoch  33 |   600/  929 batches | lr 5.00 | ms/batch 144.02 | loss  0.77 | ppl     2.16
| epoch  33 |   800/  929 batches | lr 5.00 | ms/batch 144.09 | loss  0.77 | ppl     2.16
-----------------------------------------------------------------------------------------
| end of epoch  33 | time: 157.58s | valid loss  0.81 | valid ppl     2.24
-----------------------------------------------------------------------------------------
| epoch  34 |   200/  929 batches | lr 5.00 | ms/batch 145.09 | loss  0.77 | ppl     2.17
| epoch  34 |   400/  929 batches | lr 5.00 | ms/batch 144.52 | loss  0.77 | ppl     2.15
| epoch  34 |   600/  929 batches | lr 5.00 | ms/batch 144.59 | loss  0.77 | ppl     2.15
| epoch  34 |   800/  929 batches | lr 5.00 | ms/batch 144.58 | loss  0.77 | ppl     2.16
-----------------------------------------------------------------------------------------
| end of epoch  34 | time: 158.20s | valid loss  0.81 | valid ppl     2.24
-----------------------------------------------------------------------------------------
| epoch  35 |   200/  929 batches | lr 5.00 | ms/batch 145.26 | loss  0.77 | ppl     2.17
| epoch  35 |   400/  929 batches | lr 5.00 | ms/batch 144.63 | loss  0.77 | ppl     2.15
| epoch  35 |   600/  929 batches | lr 5.00 | ms/batch 144.75 | loss  0.76 | ppl     2.15
| epoch  35 |   800/  929 batches | lr 5.00 | ms/batch 144.71 | loss  0.77 | ppl     2.16
-----------------------------------------------------------------------------------------
| end of epoch  35 | time: 158.04s | valid loss  0.81 | valid ppl     2.24
-----------------------------------------------------------------------------------------
| epoch  36 |   200/  929 batches | lr 1.25 | ms/batch 145.34 | loss  0.78 | ppl     2.17
| epoch  36 |   400/  929 batches | lr 1.25 | ms/batch 144.39 | loss  0.77 | ppl     2.15
| epoch  36 |   600/  929 batches | lr 1.25 | ms/batch 144.53 | loss  0.76 | ppl     2.14
| epoch  36 |   800/  929 batches | lr 1.25 | ms/batch 144.79 | loss  0.76 | ppl     2.14
-----------------------------------------------------------------------------------------
| end of epoch  36 | time: 158.22s | valid loss  0.80 | valid ppl     2.22
-----------------------------------------------------------------------------------------
| epoch  37 |   200/  929 batches | lr 1.25 | ms/batch 145.72 | loss  0.77 | ppl     2.16
| epoch  37 |   400/  929 batches | lr 1.25 | ms/batch 144.80 | loss  0.76 | ppl     2.15
| epoch  37 |   600/  929 batches | lr 1.25 | ms/batch 144.88 | loss  0.76 | ppl     2.14
| epoch  37 |   800/  929 batches | lr 1.25 | ms/batch 144.98 | loss  0.76 | ppl     2.14
-----------------------------------------------------------------------------------------
| end of epoch  37 | time: 158.39s | valid loss  0.80 | valid ppl     2.22
-----------------------------------------------------------------------------------------
| epoch  38 |   200/  929 batches | lr 1.25 | ms/batch 144.82 | loss  0.77 | ppl     2.16
| epoch  38 |   400/  929 batches | lr 1.25 | ms/batch 143.96 | loss  0.76 | ppl     2.14
| epoch  38 |   600/  929 batches | lr 1.25 | ms/batch 143.97 | loss  0.76 | ppl     2.13
| epoch  38 |   800/  929 batches | lr 1.25 | ms/batch 144.02 | loss  0.76 | ppl     2.14
-----------------------------------------------------------------------------------------
| end of epoch  38 | time: 157.54s | valid loss  0.80 | valid ppl     2.22
-----------------------------------------------------------------------------------------
| epoch  39 |   200/  929 batches | lr 1.25 | ms/batch 145.28 | loss  0.77 | ppl     2.16
| epoch  39 |   400/  929 batches | lr 1.25 | ms/batch 144.36 | loss  0.76 | ppl     2.14
| epoch  39 |   600/  929 batches | lr 1.25 | ms/batch 144.36 | loss  0.76 | ppl     2.13
| epoch  39 |   800/  929 batches | lr 1.25 | ms/batch 144.60 | loss  0.76 | ppl     2.14
-----------------------------------------------------------------------------------------
| end of epoch  39 | time: 158.06s | valid loss  0.80 | valid ppl     2.22
-----------------------------------------------------------------------------------------
| epoch  40 |   200/  929 batches | lr 0.31 | ms/batch 145.05 | loss  0.77 | ppl     2.16
| epoch  40 |   400/  929 batches | lr 0.31 | ms/batch 144.52 | loss  0.76 | ppl     2.14
| epoch  40 |   600/  929 batches | lr 0.31 | ms/batch 144.42 | loss  0.76 | ppl     2.13
| epoch  40 |   800/  929 batches | lr 0.31 | ms/batch 144.45 | loss  0.76 | ppl     2.14
-----------------------------------------------------------------------------------------
| end of epoch  40 | time: 157.92s | valid loss  0.80 | valid ppl     2.22
-----------------------------------------------------------------------------------------
| epoch  41 |   200/  929 batches | lr 0.31 | ms/batch 145.47 | loss  0.77 | ppl     2.16
| epoch  41 |   400/  929 batches | lr 0.31 | ms/batch 144.62 | loss  0.76 | ppl     2.14
| epoch  41 |   600/  929 batches | lr 0.31 | ms/batch 144.64 | loss  0.76 | ppl     2.13
| epoch  41 |   800/  929 batches | lr 0.31 | ms/batch 144.61 | loss  0.76 | ppl     2.14
-----------------------------------------------------------------------------------------
| end of epoch  41 | time: 158.26s | valid loss  0.80 | valid ppl     2.22
-----------------------------------------------------------------------------------------
| epoch  42 |   200/  929 batches | lr 0.31 | ms/batch 145.58 | loss  0.77 | ppl     2.16
| epoch  42 |   400/  929 batches | lr 0.31 | ms/batch 144.77 | loss  0.76 | ppl     2.14
| epoch  42 |   600/  929 batches | lr 0.31 | ms/batch 144.98 | loss  0.76 | ppl     2.13
| epoch  42 |   800/  929 batches | lr 0.31 | ms/batch 144.99 | loss  0.76 | ppl     2.14
-----------------------------------------------------------------------------------------
| end of epoch  42 | time: 158.48s | valid loss  0.80 | valid ppl     2.21
-----------------------------------------------------------------------------------------
| epoch  43 |   200/  929 batches | lr 0.31 | ms/batch 144.79 | loss  0.77 | ppl     2.16
| epoch  43 |   400/  929 batches | lr 0.31 | ms/batch 144.18 | loss  0.76 | ppl     2.14
| epoch  43 |   600/  929 batches | lr 0.31 | ms/batch 144.12 | loss  0.76 | ppl     2.13
| epoch  43 |   800/  929 batches | lr 0.31 | ms/batch 144.16 | loss  0.76 | ppl     2.14
-----------------------------------------------------------------------------------------
| end of epoch  43 | time: 157.68s | valid loss  0.79 | valid ppl     2.21
-----------------------------------------------------------------------------------------
| epoch  44 |   200/  929 batches | lr 0.31 | ms/batch 145.23 | loss  0.77 | ppl     2.15
| epoch  44 |   400/  929 batches | lr 0.31 | ms/batch 144.62 | loss  0.76 | ppl     2.14
| epoch  44 |   600/  929 batches | lr 0.31 | ms/batch 144.60 | loss  0.76 | ppl     2.13
| epoch  44 |   800/  929 batches | lr 0.31 | ms/batch 144.54 | loss  0.76 | ppl     2.14
-----------------------------------------------------------------------------------------
| end of epoch  44 | time: 158.16s | valid loss  0.79 | valid ppl     2.21
-----------------------------------------------------------------------------------------
| epoch  45 |   200/  929 batches | lr 0.31 | ms/batch 145.24 | loss  0.77 | ppl     2.15
| epoch  45 |   400/  929 batches | lr 0.31 | ms/batch 144.38 | loss  0.76 | ppl     2.14
| epoch  45 |   600/  929 batches | lr 0.31 | ms/batch 144.43 | loss  0.76 | ppl     2.13
| epoch  45 |   800/  929 batches | lr 0.31 | ms/batch 144.53 | loss  0.76 | ppl     2.14
-----------------------------------------------------------------------------------------
| end of epoch  45 | time: 157.81s | valid loss  0.79 | valid ppl     2.21
-----------------------------------------------------------------------------------------
| epoch  46 |   200/  929 batches | lr 0.31 | ms/batch 145.34 | loss  0.77 | ppl     2.15
| epoch  46 |   400/  929 batches | lr 0.31 | ms/batch 144.69 | loss  0.76 | ppl     2.13
| epoch  46 |   600/  929 batches | lr 0.31 | ms/batch 144.70 | loss  0.76 | ppl     2.13
| epoch  46 |   800/  929 batches | lr 0.31 | ms/batch 144.61 | loss  0.76 | ppl     2.14
-----------------------------------------------------------------------------------------
| end of epoch  46 | time: 158.24s | valid loss  0.79 | valid ppl     2.21
-----------------------------------------------------------------------------------------
| epoch  47 |   200/  929 batches | lr 0.31 | ms/batch 145.54 | loss  0.77 | ppl     2.15
| epoch  47 |   400/  929 batches | lr 0.31 | ms/batch 144.96 | loss  0.76 | ppl     2.14
| epoch  47 |   600/  929 batches | lr 0.31 | ms/batch 144.85 | loss  0.76 | ppl     2.13
| epoch  47 |   800/  929 batches | lr 0.31 | ms/batch 144.94 | loss  0.76 | ppl     2.14
-----------------------------------------------------------------------------------------
| end of epoch  47 | time: 158.32s | valid loss  0.79 | valid ppl     2.21
-----------------------------------------------------------------------------------------
| epoch  48 |   200/  929 batches | lr 0.31 | ms/batch 144.86 | loss  0.77 | ppl     2.15
| epoch  48 |   400/  929 batches | lr 0.31 | ms/batch 144.02 | loss  0.76 | ppl     2.13
| epoch  48 |   600/  929 batches | lr 0.31 | ms/batch 144.11 | loss  0.76 | ppl     2.13
| epoch  48 |   800/  929 batches | lr 0.31 | ms/batch 144.12 | loss  0.76 | ppl     2.14
-----------------------------------------------------------------------------------------
| end of epoch  48 | time: 157.66s | valid loss  0.79 | valid ppl     2.21
-----------------------------------------------------------------------------------------
| epoch  49 |   200/  929 batches | lr 0.31 | ms/batch 145.31 | loss  0.77 | ppl     2.15
| epoch  49 |   400/  929 batches | lr 0.31 | ms/batch 144.56 | loss  0.76 | ppl     2.13
| epoch  49 |   600/  929 batches | lr 0.31 | ms/batch 144.69 | loss  0.76 | ppl     2.13
| epoch  49 |   800/  929 batches | lr 0.31 | ms/batch 144.82 | loss  0.76 | ppl     2.13
-----------------------------------------------------------------------------------------
| end of epoch  49 | time: 158.30s | valid loss  0.79 | valid ppl     2.21
-----------------------------------------------------------------------------------------
| epoch  50 |   200/  929 batches | lr 0.31 | ms/batch 145.18 | loss  0.77 | ppl     2.15
| epoch  50 |   400/  929 batches | lr 0.31 | ms/batch 144.45 | loss  0.76 | ppl     2.13
| epoch  50 |   600/  929 batches | lr 0.31 | ms/batch 144.42 | loss  0.76 | ppl     2.13
| epoch  50 |   800/  929 batches | lr 0.31 | ms/batch 144.39 | loss  0.76 | ppl     2.13
-----------------------------------------------------------------------------------------
| end of epoch  50 | time: 157.85s | valid loss  0.79 | valid ppl     2.21
-----------------------------------------------------------------------------------------
| epoch  51 |   200/  929 batches | lr 0.08 | ms/batch 145.44 | loss  0.77 | ppl     2.15
| epoch  51 |   400/  929 batches | lr 0.08 | ms/batch 144.70 | loss  0.76 | ppl     2.14
| epoch  51 |   600/  929 batches | lr 0.08 | ms/batch 144.69 | loss  0.76 | ppl     2.13
| epoch  51 |   800/  929 batches | lr 0.08 | ms/batch 144.85 | loss  0.76 | ppl     2.14
-----------------------------------------------------------------------------------------
| end of epoch  51 | time: 158.29s | valid loss  0.79 | valid ppl     2.21
-----------------------------------------------------------------------------------------
| epoch  52 |   200/  929 batches | lr 0.08 | ms/batch 145.69 | loss  0.77 | ppl     2.16
| epoch  52 |   400/  929 batches | lr 0.08 | ms/batch 144.86 | loss  0.76 | ppl     2.14
| epoch  52 |   600/  929 batches | lr 0.08 | ms/batch 144.82 | loss  0.76 | ppl     2.13
| epoch  52 |   800/  929 batches | lr 0.08 | ms/batch 145.02 | loss  0.76 | ppl     2.14
-----------------------------------------------------------------------------------------
| end of epoch  52 | time: 158.35s | valid loss  0.79 | valid ppl     2.21
-----------------------------------------------------------------------------------------
| epoch  53 |   200/  929 batches | lr 0.08 | ms/batch 144.84 | loss  0.77 | ppl     2.15
| epoch  53 |   400/  929 batches | lr 0.08 | ms/batch 144.21 | loss  0.76 | ppl     2.14
| epoch  53 |   600/  929 batches | lr 0.08 | ms/batch 144.08 | loss  0.76 | ppl     2.13
| epoch  53 |   800/  929 batches | lr 0.08 | ms/batch 144.15 | loss  0.76 | ppl     2.14
-----------------------------------------------------------------------------------------
| end of epoch  53 | time: 157.64s | valid loss  0.79 | valid ppl     2.21
-----------------------------------------------------------------------------------------
| epoch  54 |   200/  929 batches | lr 0.02 | ms/batch 145.25 | loss  0.77 | ppl     2.16
| epoch  54 |   400/  929 batches | lr 0.02 | ms/batch 144.66 | loss  0.77 | ppl     2.15
| epoch  54 |   600/  929 batches | lr 0.02 | ms/batch 144.66 | loss  0.76 | ppl     2.13
| epoch  54 |   800/  929 batches | lr 0.02 | ms/batch 144.58 | loss  0.76 | ppl     2.14
-----------------------------------------------------------------------------------------
| end of epoch  54 | time: 158.17s | valid loss  0.79 | valid ppl     2.20
-----------------------------------------------------------------------------------------
| epoch  55 |   200/  929 batches | lr 0.02 | ms/batch 145.37 | loss  0.77 | ppl     2.16
| epoch  55 |   400/  929 batches | lr 0.02 | ms/batch 144.74 | loss  0.77 | ppl     2.15
| epoch  55 |   600/  929 batches | lr 0.02 | ms/batch 144.63 | loss  0.76 | ppl     2.14
| epoch  55 |   800/  929 batches | lr 0.02 | ms/batch 144.54 | loss  0.76 | ppl     2.14
-----------------------------------------------------------------------------------------
| end of epoch  55 | time: 157.96s | valid loss  0.79 | valid ppl     2.20
-----------------------------------------------------------------------------------------
| epoch  56 |   200/  929 batches | lr 0.02 | ms/batch 145.37 | loss  0.77 | ppl     2.16
| epoch  56 |   400/  929 batches | lr 0.02 | ms/batch 144.76 | loss  0.77 | ppl     2.15
| epoch  56 |   600/  929 batches | lr 0.02 | ms/batch 144.72 | loss  0.76 | ppl     2.14
| epoch  56 |   800/  929 batches | lr 0.02 | ms/batch 144.73 | loss  0.76 | ppl     2.14
-----------------------------------------------------------------------------------------
| end of epoch  56 | time: 158.31s | valid loss  0.79 | valid ppl     2.19
-----------------------------------------------------------------------------------------
| epoch  57 |   200/  929 batches | lr 0.02 | ms/batch 145.63 | loss  0.77 | ppl     2.16
| epoch  57 |   400/  929 batches | lr 0.02 | ms/batch 144.88 | loss  0.77 | ppl     2.15
| epoch  57 |   600/  929 batches | lr 0.02 | ms/batch 145.01 | loss  0.76 | ppl     2.14
| epoch  57 |   800/  929 batches | lr 0.02 | ms/batch 144.95 | loss  0.76 | ppl     2.15
-----------------------------------------------------------------------------------------
| end of epoch  57 | time: 158.46s | valid loss  0.78 | valid ppl     2.19
-----------------------------------------------------------------------------------------
| epoch  58 |   200/  929 batches | lr 0.02 | ms/batch 144.93 | loss  0.77 | ppl     2.16
| epoch  58 |   400/  929 batches | lr 0.02 | ms/batch 144.13 | loss  0.77 | ppl     2.15
| epoch  58 |   600/  929 batches | lr 0.02 | ms/batch 144.25 | loss  0.76 | ppl     2.14
| epoch  58 |   800/  929 batches | lr 0.02 | ms/batch 144.28 | loss  0.76 | ppl     2.15
-----------------------------------------------------------------------------------------
| end of epoch  58 | time: 157.72s | valid loss  0.78 | valid ppl     2.19
-----------------------------------------------------------------------------------------
| epoch  59 |   200/  929 batches | lr 0.02 | ms/batch 145.28 | loss  0.77 | ppl     2.16
| epoch  59 |   400/  929 batches | lr 0.02 | ms/batch 144.53 | loss  0.77 | ppl     2.15
| epoch  59 |   600/  929 batches | lr 0.02 | ms/batch 144.58 | loss  0.76 | ppl     2.14
| epoch  59 |   800/  929 batches | lr 0.02 | ms/batch 144.64 | loss  0.76 | ppl     2.15
-----------------------------------------------------------------------------------------
| end of epoch  59 | time: 158.20s | valid loss  0.78 | valid ppl     2.19
-----------------------------------------------------------------------------------------
| epoch  60 |   200/  929 batches | lr 0.02 | ms/batch 145.33 | loss  0.77 | ppl     2.17
| epoch  60 |   400/  929 batches | lr 0.02 | ms/batch 144.43 | loss  0.77 | ppl     2.15
| epoch  60 |   600/  929 batches | lr 0.02 | ms/batch 144.40 | loss  0.76 | ppl     2.15
| epoch  60 |   800/  929 batches | lr 0.02 | ms/batch 144.53 | loss  0.76 | ppl     2.14
-----------------------------------------------------------------------------------------
| end of epoch  60 | time: 157.90s | valid loss  0.78 | valid ppl     2.19
-----------------------------------------------------------------------------------------
| epoch  61 |   200/  929 batches | lr 0.02 | ms/batch 145.49 | loss  0.77 | ppl     2.17
| epoch  61 |   400/  929 batches | lr 0.02 | ms/batch 144.94 | loss  0.77 | ppl     2.15
| epoch  61 |   600/  929 batches | lr 0.02 | ms/batch 144.81 | loss  0.77 | ppl     2.15
| epoch  61 |   800/  929 batches | lr 0.02 | ms/batch 144.91 | loss  0.76 | ppl     2.15
-----------------------------------------------------------------------------------------
| end of epoch  61 | time: 158.43s | valid loss  0.78 | valid ppl     2.18
-----------------------------------------------------------------------------------------
| epoch  62 |   200/  929 batches | lr 0.02 | ms/batch 145.69 | loss  0.77 | ppl     2.17
| epoch  62 |   400/  929 batches | lr 0.02 | ms/batch 144.99 | loss  0.77 | ppl     2.15
| epoch  62 |   600/  929 batches | lr 0.02 | ms/batch 144.86 | loss  0.77 | ppl     2.16
| epoch  62 |   800/  929 batches | lr 0.02 | ms/batch 145.08 | loss  0.76 | ppl     2.14
-----------------------------------------------------------------------------------------
| end of epoch  62 | time: 158.41s | valid loss  0.78 | valid ppl     2.18
-----------------------------------------------------------------------------------------
| epoch  63 |   200/  929 batches | lr 0.00 | ms/batch 144.92 | loss  0.78 | ppl     2.17
| epoch  63 |   400/  929 batches | lr 0.00 | ms/batch 144.14 | loss  0.77 | ppl     2.16
| epoch  63 |   600/  929 batches | lr 0.00 | ms/batch 144.20 | loss  0.78 | ppl     2.19
| epoch  63 |   800/  929 batches | lr 0.00 | ms/batch 144.30 | loss  0.78 | ppl     2.17
-----------------------------------------------------------------------------------------
| end of epoch  63 | time: 157.70s | valid loss  0.78 | valid ppl     2.18
-----------------------------------------------------------------------------------------
| epoch  64 |   200/  929 batches | lr 0.00 | ms/batch 145.39 | loss  0.79 | ppl     2.19
| epoch  64 |   400/  929 batches | lr 0.00 | ms/batch 144.72 | loss  0.78 | ppl     2.17
| epoch  64 |   600/  929 batches | lr 0.00 | ms/batch 144.78 | loss  0.78 | ppl     2.18
| epoch  64 |   800/  929 batches | lr 0.00 | ms/batch 144.86 | loss  0.78 | ppl     2.18
-----------------------------------------------------------------------------------------
| end of epoch  64 | time: 158.35s | valid loss  0.78 | valid ppl     2.17
-----------------------------------------------------------------------------------------
| epoch  65 |   200/  929 batches | lr 0.00 | ms/batch 145.36 | loss  0.78 | ppl     2.19
| epoch  65 |   400/  929 batches | lr 0.00 | ms/batch 144.81 | loss  0.77 | ppl     2.17
| epoch  65 |   600/  929 batches | lr 0.00 | ms/batch 144.69 | loss  0.78 | ppl     2.17
| epoch  65 |   800/  929 batches | lr 0.00 | ms/batch 144.77 | loss  0.78 | ppl     2.18
-----------------------------------------------------------------------------------------
| end of epoch  65 | time: 158.13s | valid loss  0.78 | valid ppl     2.17
-----------------------------------------------------------------------------------------
| epoch  66 |   200/  929 batches | lr 0.00 | ms/batch 145.50 | loss  0.78 | ppl     2.19
| epoch  66 |   400/  929 batches | lr 0.00 | ms/batch 144.83 | loss  0.77 | ppl     2.17
| epoch  66 |   600/  929 batches | lr 0.00 | ms/batch 144.98 | loss  0.78 | ppl     2.17
| epoch  66 |   800/  929 batches | lr 0.00 | ms/batch 144.78 | loss  0.78 | ppl     2.18
-----------------------------------------------------------------------------------------
| end of epoch  66 | time: 158.45s | valid loss  0.78 | valid ppl     2.17
-----------------------------------------------------------------------------------------
| epoch  67 |   200/  929 batches | lr 0.00 | ms/batch 145.58 | loss  0.78 | ppl     2.19
| epoch  67 |   400/  929 batches | lr 0.00 | ms/batch 145.01 | loss  0.77 | ppl     2.17
| epoch  67 |   600/  929 batches | lr 0.00 | ms/batch 144.97 | loss  0.78 | ppl     2.17
| epoch  67 |   800/  929 batches | lr 0.00 | ms/batch 145.07 | loss  0.78 | ppl     2.18
-----------------------------------------------------------------------------------------
| end of epoch  67 | time: 158.40s | valid loss  0.78 | valid ppl     2.17
-----------------------------------------------------------------------------------------
| epoch  68 |   200/  929 batches | lr 0.00 | ms/batch 145.00 | loss  0.78 | ppl     2.19
| epoch  68 |   400/  929 batches | lr 0.00 | ms/batch 144.19 | loss  0.77 | ppl     2.17
| epoch  68 |   600/  929 batches | lr 0.00 | ms/batch 144.08 | loss  0.78 | ppl     2.17
| epoch  68 |   800/  929 batches | lr 0.00 | ms/batch 144.28 | loss  0.78 | ppl     2.18
-----------------------------------------------------------------------------------------
| end of epoch  68 | time: 157.74s | valid loss  0.78 | valid ppl     2.17
-----------------------------------------------------------------------------------------
| epoch  69 |   200/  929 batches | lr 0.00 | ms/batch 145.53 | loss  0.78 | ppl     2.19
| epoch  69 |   400/  929 batches | lr 0.00 | ms/batch 144.75 | loss  0.77 | ppl     2.17
| epoch  69 |   600/  929 batches | lr 0.00 | ms/batch 144.79 | loss  0.78 | ppl     2.17
| epoch  69 |   800/  929 batches | lr 0.00 | ms/batch 144.79 | loss  0.78 | ppl     2.18
-----------------------------------------------------------------------------------------
| end of epoch  69 | time: 158.35s | valid loss  0.78 | valid ppl     2.17
-----------------------------------------------------------------------------------------
| epoch  70 |   200/  929 batches | lr 0.00 | ms/batch 145.27 | loss  0.78 | ppl     2.19
| epoch  70 |   400/  929 batches | lr 0.00 | ms/batch 144.77 | loss  0.77 | ppl     2.17
| epoch  70 |   600/  929 batches | lr 0.00 | ms/batch 144.61 | loss  0.78 | ppl     2.17
| epoch  70 |   800/  929 batches | lr 0.00 | ms/batch 144.60 | loss  0.78 | ppl     2.18
-----------------------------------------------------------------------------------------
| end of epoch  70 | time: 158.01s | valid loss  0.78 | valid ppl     2.17
-----------------------------------------------------------------------------------------
| epoch  71 |   200/  929 batches | lr 0.00 | ms/batch 145.29 | loss  0.78 | ppl     2.19
| epoch  71 |   400/  929 batches | lr 0.00 | ms/batch 144.67 | loss  0.77 | ppl     2.17
| epoch  71 |   600/  929 batches | lr 0.00 | ms/batch 144.53 | loss  0.77 | ppl     2.17
| epoch  71 |   800/  929 batches | lr 0.00 | ms/batch 144.68 | loss  0.78 | ppl     2.18
-----------------------------------------------------------------------------------------
| end of epoch  71 | time: 158.21s | valid loss  0.77 | valid ppl     2.17
-----------------------------------------------------------------------------------------
| epoch  72 |   200/  929 batches | lr 0.00 | ms/batch 145.63 | loss  0.78 | ppl     2.19
| epoch  72 |   400/  929 batches | lr 0.00 | ms/batch 145.08 | loss  0.77 | ppl     2.17
| epoch  72 |   600/  929 batches | lr 0.00 | ms/batch 145.08 | loss  0.77 | ppl     2.17
| epoch  72 |   800/  929 batches | lr 0.00 | ms/batch 144.84 | loss  0.78 | ppl     2.17
-----------------------------------------------------------------------------------------
| end of epoch  72 | time: 158.45s | valid loss  0.77 | valid ppl     2.17
-----------------------------------------------------------------------------------------
| epoch  73 |   200/  929 batches | lr 0.00 | ms/batch 144.95 | loss  0.79 | ppl     2.19
| epoch  73 |   400/  929 batches | lr 0.00 | ms/batch 144.46 | loss  0.78 | ppl     2.18
| epoch  73 |   600/  929 batches | lr 0.00 | ms/batch 144.34 | loss  0.78 | ppl     2.18
| epoch  73 |   800/  929 batches | lr 0.00 | ms/batch 144.31 | loss  0.77 | ppl     2.17
-----------------------------------------------------------------------------------------
| end of epoch  73 | time: 157.88s | valid loss  0.77 | valid ppl     2.16
-----------------------------------------------------------------------------------------
| epoch  74 |   200/  929 batches | lr 0.00 | ms/batch 145.46 | loss  0.78 | ppl     2.19
| epoch  74 |   400/  929 batches | lr 0.00 | ms/batch 144.73 | loss  0.78 | ppl     2.18
| epoch  74 |   600/  929 batches | lr 0.00 | ms/batch 144.71 | loss  0.78 | ppl     2.17
| epoch  74 |   800/  929 batches | lr 0.00 | ms/batch 144.78 | loss  0.78 | ppl     2.17
-----------------------------------------------------------------------------------------
| end of epoch  74 | time: 158.40s | valid loss  0.77 | valid ppl     2.16
-----------------------------------------------------------------------------------------
| epoch  75 |   200/  929 batches | lr 0.00 | ms/batch 145.21 | loss  0.78 | ppl     2.19
| epoch  75 |   400/  929 batches | lr 0.00 | ms/batch 144.41 | loss  0.78 | ppl     2.17
| epoch  75 |   600/  929 batches | lr 0.00 | ms/batch 144.26 | loss  0.78 | ppl     2.17
| epoch  75 |   800/  929 batches | lr 0.00 | ms/batch 144.55 | loss  0.78 | ppl     2.17
-----------------------------------------------------------------------------------------
| end of epoch  75 | time: 157.91s | valid loss  0.77 | valid ppl     2.16
-----------------------------------------------------------------------------------------
| epoch  76 |   200/  929 batches | lr 0.00 | ms/batch 145.37 | loss  0.78 | ppl     2.19
| epoch  76 |   400/  929 batches | lr 0.00 | ms/batch 144.92 | loss  0.78 | ppl     2.17
| epoch  76 |   600/  929 batches | lr 0.00 | ms/batch 145.88 | loss  0.78 | ppl     2.17
| epoch  76 |   800/  929 batches | lr 0.00 | ms/batch 144.80 | loss  0.78 | ppl     2.17
-----------------------------------------------------------------------------------------
| end of epoch  76 | time: 159.04s | valid loss  0.77 | valid ppl     2.16
-----------------------------------------------------------------------------------------
| epoch  77 |   200/  929 batches | lr 0.00 | ms/batch 145.57 | loss  0.78 | ppl     2.19
| epoch  77 |   400/  929 batches | lr 0.00 | ms/batch 144.93 | loss  0.78 | ppl     2.17
| epoch  77 |   600/  929 batches | lr 0.00 | ms/batch 144.77 | loss  0.78 | ppl     2.17
| epoch  77 |   800/  929 batches | lr 0.00 | ms/batch 144.75 | loss  0.78 | ppl     2.17
-----------------------------------------------------------------------------------------
| end of epoch  77 | time: 158.30s | valid loss  0.77 | valid ppl     2.16
-----------------------------------------------------------------------------------------
| epoch  78 |   200/  929 batches | lr 0.00 | ms/batch 144.84 | loss  0.78 | ppl     2.19
| epoch  78 |   400/  929 batches | lr 0.00 | ms/batch 144.38 | loss  0.78 | ppl     2.17
| epoch  78 |   600/  929 batches | lr 0.00 | ms/batch 144.28 | loss  0.77 | ppl     2.17
| epoch  78 |   800/  929 batches | lr 0.00 | ms/batch 144.32 | loss  0.78 | ppl     2.17
-----------------------------------------------------------------------------------------
| end of epoch  78 | time: 157.81s | valid loss  0.77 | valid ppl     2.16
-----------------------------------------------------------------------------------------
| epoch  79 |   200/  929 batches | lr 0.00 | ms/batch 145.54 | loss  0.78 | ppl     2.19
| epoch  79 |   400/  929 batches | lr 0.00 | ms/batch 145.02 | loss  0.78 | ppl     2.17
| epoch  79 |   600/  929 batches | lr 0.00 | ms/batch 144.83 | loss  0.77 | ppl     2.17
| epoch  79 |   800/  929 batches | lr 0.00 | ms/batch 144.68 | loss  0.78 | ppl     2.17
-----------------------------------------------------------------------------------------
| end of epoch  79 | time: 158.39s | valid loss  0.77 | valid ppl     2.16
-----------------------------------------------------------------------------------------
| epoch  80 |   200/  929 batches | lr 0.00 | ms/batch 145.06 | loss  0.78 | ppl     2.19
| epoch  80 |   400/  929 batches | lr 0.00 | ms/batch 144.47 | loss  0.78 | ppl     2.17
| epoch  80 |   600/  929 batches | lr 0.00 | ms/batch 144.38 | loss  0.78 | ppl     2.17
| epoch  80 |   800/  929 batches | lr 0.00 | ms/batch 144.42 | loss  0.78 | ppl     2.18
-----------------------------------------------------------------------------------------
| end of epoch  80 | time: 157.85s | valid loss  0.77 | valid ppl     2.16
-----------------------------------------------------------------------------------------
| epoch  81 |   200/  929 batches | lr 0.00 | ms/batch 145.37 | loss  0.78 | ppl     2.19
| epoch  81 |   400/  929 batches | lr 0.00 | ms/batch 144.75 | loss  0.78 | ppl     2.17
| epoch  81 |   600/  929 batches | lr 0.00 | ms/batch 144.75 | loss  0.77 | ppl     2.17
| epoch  81 |   800/  929 batches | lr 0.00 | ms/batch 144.82 | loss  0.78 | ppl     2.17
-----------------------------------------------------------------------------------------
| end of epoch  81 | time: 158.40s | valid loss  0.77 | valid ppl     2.16
-----------------------------------------------------------------------------------------
| epoch  82 |   200/  929 batches | lr 0.00 | ms/batch 145.56 | loss  0.78 | ppl     2.19
| epoch  82 |   400/  929 batches | lr 0.00 | ms/batch 145.05 | loss  0.78 | ppl     2.17
| epoch  82 |   600/  929 batches | lr 0.00 | ms/batch 144.91 | loss  0.78 | ppl     2.17
| epoch  82 |   800/  929 batches | lr 0.00 | ms/batch 144.84 | loss  0.78 | ppl     2.17
-----------------------------------------------------------------------------------------
| end of epoch  82 | time: 158.47s | valid loss  0.77 | valid ppl     2.16
-----------------------------------------------------------------------------------------
| epoch  83 |   200/  929 batches | lr 0.00 | ms/batch 144.95 | loss  0.78 | ppl     2.19
| epoch  83 |   400/  929 batches | lr 0.00 | ms/batch 144.52 | loss  0.78 | ppl     2.17
| epoch  83 |   600/  929 batches | lr 0.00 | ms/batch 144.30 | loss  0.77 | ppl     2.17
| epoch  83 |   800/  929 batches | lr 0.00 | ms/batch 144.54 | loss  0.78 | ppl     2.17
-----------------------------------------------------------------------------------------
| end of epoch  83 | time: 157.99s | valid loss  0.77 | valid ppl     2.16
-----------------------------------------------------------------------------------------
| epoch  84 |   200/  929 batches | lr 0.00 | ms/batch 145.30 | loss  0.78 | ppl     2.19
| epoch  84 |   400/  929 batches | lr 0.00 | ms/batch 144.80 | loss  0.78 | ppl     2.17
| epoch  84 |   600/  929 batches | lr 0.00 | ms/batch 144.90 | loss  0.78 | ppl     2.17
| epoch  84 |   800/  929 batches | lr 0.00 | ms/batch 144.72 | loss  0.78 | ppl     2.17
-----------------------------------------------------------------------------------------
| end of epoch  84 | time: 158.43s | valid loss  0.77 | valid ppl     2.16
-----------------------------------------------------------------------------------------
| epoch  85 |   200/  929 batches | lr 0.00 | ms/batch 145.41 | loss  0.78 | ppl     2.19
| epoch  85 |   400/  929 batches | lr 0.00 | ms/batch 144.74 | loss  0.78 | ppl     2.17
| epoch  85 |   600/  929 batches | lr 0.00 | ms/batch 144.69 | loss  0.77 | ppl     2.17
| epoch  85 |   800/  929 batches | lr 0.00 | ms/batch 144.75 | loss  0.78 | ppl     2.17
-----------------------------------------------------------------------------------------
| end of epoch  85 | time: 158.14s | valid loss  0.77 | valid ppl     2.16
-----------------------------------------------------------------------------------------
| epoch  86 |   200/  929 batches | lr 0.00 | ms/batch 145.17 | loss  0.78 | ppl     2.19
| epoch  86 |   400/  929 batches | lr 0.00 | ms/batch 144.64 | loss  0.78 | ppl     2.17
| epoch  86 |   600/  929 batches | lr 0.00 | ms/batch 144.94 | loss  0.78 | ppl     2.17
| epoch  86 |   800/  929 batches | lr 0.00 | ms/batch 144.96 | loss  0.77 | ppl     2.17
-----------------------------------------------------------------------------------------
| end of epoch  86 | time: 158.40s | valid loss  0.77 | valid ppl     2.16
-----------------------------------------------------------------------------------------
| epoch  87 |   200/  929 batches | lr 0.00 | ms/batch 145.60 | loss  0.78 | ppl     2.19
| epoch  87 |   400/  929 batches | lr 0.00 | ms/batch 145.09 | loss  0.78 | ppl     2.17
| epoch  87 |   600/  929 batches | lr 0.00 | ms/batch 144.95 | loss  0.78 | ppl     2.17
| epoch  87 |   800/  929 batches | lr 0.00 | ms/batch 145.14 | loss  0.78 | ppl     2.17
-----------------------------------------------------------------------------------------
| end of epoch  87 | time: 158.51s | valid loss  0.77 | valid ppl     2.16
-----------------------------------------------------------------------------------------
| epoch  88 |   200/  929 batches | lr 0.00 | ms/batch 144.91 | loss  0.78 | ppl     2.19
| epoch  88 |   400/  929 batches | lr 0.00 | ms/batch 144.37 | loss  0.78 | ppl     2.17
| epoch  88 |   600/  929 batches | lr 0.00 | ms/batch 144.26 | loss  0.78 | ppl     2.17
| epoch  88 |   800/  929 batches | lr 0.00 | ms/batch 144.88 | loss  0.78 | ppl     2.17
-----------------------------------------------------------------------------------------
| end of epoch  88 | time: 158.00s | valid loss  0.77 | valid ppl     2.16
-----------------------------------------------------------------------------------------
| epoch  89 |   200/  929 batches | lr 0.00 | ms/batch 145.73 | loss  0.78 | ppl     2.19
| epoch  89 |   400/  929 batches | lr 0.00 | ms/batch 145.06 | loss  0.78 | ppl     2.17
| epoch  89 |   600/  929 batches | lr 0.00 | ms/batch 145.07 | loss  0.78 | ppl     2.17
| epoch  89 |   800/  929 batches | lr 0.00 | ms/batch 146.20 | loss  0.78 | ppl     2.17
-----------------------------------------------------------------------------------------
| end of epoch  89 | time: 160.28s | valid loss  0.77 | valid ppl     2.16
-----------------------------------------------------------------------------------------
| epoch  90 |   200/  929 batches | lr 0.00 | ms/batch 183.59 | loss  0.78 | ppl     2.19
| epoch  90 |   400/  929 batches | lr 0.00 | ms/batch 182.52 | loss  0.78 | ppl     2.17
| epoch  90 |   600/  929 batches | lr 0.00 | ms/batch 182.56 | loss  0.78 | ppl     2.17
| epoch  90 |   800/  929 batches | lr 0.00 | ms/batch 183.29 | loss  0.78 | ppl     2.17
-----------------------------------------------------------------------------------------
| end of epoch  90 | time: 191.39s | valid loss  0.77 | valid ppl     2.16
-----------------------------------------------------------------------------------------
| epoch  91 |   200/  929 batches | lr 0.00 | ms/batch 145.53 | loss  0.78 | ppl     2.19
| epoch  91 |   400/  929 batches | lr 0.00 | ms/batch 145.06 | loss  0.78 | ppl     2.17
| epoch  91 |   600/  929 batches | lr 0.00 | ms/batch 145.09 | loss  0.78 | ppl     2.17
| epoch  91 |   800/  929 batches | lr 0.00 | ms/batch 144.95 | loss  0.77 | ppl     2.17
-----------------------------------------------------------------------------------------
| end of epoch  91 | time: 158.53s | valid loss  0.77 | valid ppl     2.16
-----------------------------------------------------------------------------------------
| epoch  92 |   200/  929 batches | lr 0.00 | ms/batch 145.65 | loss  0.78 | ppl     2.19
| epoch  92 |   400/  929 batches | lr 0.00 | ms/batch 145.17 | loss  0.78 | ppl     2.17
| epoch  92 |   600/  929 batches | lr 0.00 | ms/batch 145.22 | loss  0.78 | ppl     2.17
| epoch  92 |   800/  929 batches | lr 0.00 | ms/batch 145.19 | loss  0.78 | ppl     2.17
-----------------------------------------------------------------------------------------
| end of epoch  92 | time: 158.57s | valid loss  0.77 | valid ppl     2.16
-----------------------------------------------------------------------------------------
| epoch  93 |   200/  929 batches | lr 0.00 | ms/batch 145.03 | loss  0.78 | ppl     2.19
| epoch  93 |   400/  929 batches | lr 0.00 | ms/batch 144.38 | loss  0.78 | ppl     2.17
| epoch  93 |   600/  929 batches | lr 0.00 | ms/batch 144.47 | loss  0.78 | ppl     2.17
| epoch  93 |   800/  929 batches | lr 0.00 | ms/batch 144.33 | loss  0.78 | ppl     2.17
-----------------------------------------------------------------------------------------
| end of epoch  93 | time: 157.88s | valid loss  0.77 | valid ppl     2.16
-----------------------------------------------------------------------------------------
| epoch  94 |   200/  929 batches | lr 0.00 | ms/batch 145.34 | loss  0.78 | ppl     2.19
| epoch  94 |   400/  929 batches | lr 0.00 | ms/batch 144.64 | loss  0.78 | ppl     2.17
| epoch  94 |   600/  929 batches | lr 0.00 | ms/batch 144.67 | loss  0.78 | ppl     2.17
| epoch  94 |   800/  929 batches | lr 0.00 | ms/batch 144.72 | loss  0.78 | ppl     2.17
-----------------------------------------------------------------------------------------