| epoch   1 |   200/ 1397 batches | lr 20.00 | ms/batch 167.71 | loss  2.96 | ppl    19.26
| epoch   1 |   400/ 1397 batches | lr 20.00 | ms/batch 165.90 | loss  2.48 | ppl    11.91
| epoch   1 |   600/ 1397 batches | lr 20.00 | ms/batch 167.28 | loss  2.38 | ppl    10.79
| epoch   1 |   800/ 1397 batches | lr 20.00 | ms/batch 166.57 | loss  2.33 | ppl    10.28
| epoch   1 |  1000/ 1397 batches | lr 20.00 | ms/batch 165.92 | loss  2.29 | ppl     9.89
| epoch   1 |  1200/ 1397 batches | lr 20.00 | ms/batch 166.73 | loss  2.26 | ppl     9.62
-----------------------------------------------------------------------------------------
| end of epoch   1 | time: 265.65s | valid loss  2.20 | valid ppl     9.02
-----------------------------------------------------------------------------------------
| epoch   2 |   200/ 1397 batches | lr 20.00 | ms/batch 166.80 | loss  2.23 | ppl     9.32
| epoch   2 |   400/ 1397 batches | lr 20.00 | ms/batch 167.02 | loss  2.20 | ppl     9.05
| epoch   2 |   600/ 1397 batches | lr 20.00 | ms/batch 166.46 | loss  2.19 | ppl     8.91
| epoch   2 |   800/ 1397 batches | lr 20.00 | ms/batch 166.92 | loss  2.17 | ppl     8.80
| epoch   2 |  1000/ 1397 batches | lr 20.00 | ms/batch 166.24 | loss  2.16 | ppl     8.69
| epoch   2 |  1200/ 1397 batches | lr 20.00 | ms/batch 166.99 | loss  2.15 | ppl     8.59
-----------------------------------------------------------------------------------------
| end of epoch   2 | time: 265.98s | valid loss  2.09 | valid ppl     8.07
-----------------------------------------------------------------------------------------
| epoch   3 |   200/ 1397 batches | lr 20.00 | ms/batch 167.22 | loss  2.14 | ppl     8.52
| epoch   3 |   400/ 1397 batches | lr 20.00 | ms/batch 166.32 | loss  2.12 | ppl     8.35
| epoch   3 |   600/ 1397 batches | lr 20.00 | ms/batch 166.51 | loss  2.11 | ppl     8.29
| epoch   3 |   800/ 1397 batches | lr 20.00 | ms/batch 165.69 | loss  2.11 | ppl     8.24
| epoch   3 |  1000/ 1397 batches | lr 20.00 | ms/batch 166.54 | loss  2.10 | ppl     8.19
| epoch   3 |  1200/ 1397 batches | lr 20.00 | ms/batch 166.32 | loss  2.10 | ppl     8.15
-----------------------------------------------------------------------------------------
| end of epoch   3 | time: 265.41s | valid loss  2.04 | valid ppl     7.67
-----------------------------------------------------------------------------------------
| epoch   4 |   200/ 1397 batches | lr 20.00 | ms/batch 166.76 | loss  2.10 | ppl     8.16
| epoch   4 |   400/ 1397 batches | lr 20.00 | ms/batch 166.40 | loss  2.08 | ppl     8.03
| epoch   4 |   600/ 1397 batches | lr 20.00 | ms/batch 166.72 | loss  2.08 | ppl     7.99
| epoch   4 |   800/ 1397 batches | lr 20.00 | ms/batch 107.02 | loss  2.08 | ppl     7.97
| epoch   4 |  1000/ 1397 batches | lr 20.00 | ms/batch 69.68 | loss  2.07 | ppl     7.94
| epoch   4 |  1200/ 1397 batches | lr 20.00 | ms/batch 69.72 | loss  2.07 | ppl     7.92
-----------------------------------------------------------------------------------------
| end of epoch   4 | time: 178.78s | valid loss  2.01 | valid ppl     7.47
-----------------------------------------------------------------------------------------
| epoch   5 |   200/ 1397 batches | lr 20.00 | ms/batch 69.97 | loss  2.07 | ppl     7.95
| epoch   5 |   400/ 1397 batches | lr 20.00 | ms/batch 69.71 | loss  2.06 | ppl     7.85
| epoch   5 |   600/ 1397 batches | lr 20.00 | ms/batch 69.63 | loss  2.06 | ppl     7.82
| epoch   5 |   800/ 1397 batches | lr 20.00 | ms/batch 69.74 | loss  2.06 | ppl     7.81
| epoch   5 |  1000/ 1397 batches | lr 20.00 | ms/batch 69.62 | loss  2.05 | ppl     7.79
| epoch   5 |  1200/ 1397 batches | lr 20.00 | ms/batch 69.66 | loss  2.05 | ppl     7.78
-----------------------------------------------------------------------------------------
| end of epoch   5 | time: 113.14s | valid loss  1.99 | valid ppl     7.32
-----------------------------------------------------------------------------------------
| epoch   6 |   200/ 1397 batches | lr 20.00 | ms/batch 70.06 | loss  2.06 | ppl     7.83
| epoch   6 |   400/ 1397 batches | lr 20.00 | ms/batch 69.70 | loss  2.04 | ppl     7.73
| epoch   6 |   600/ 1397 batches | lr 20.00 | ms/batch 69.74 | loss  2.04 | ppl     7.70
| epoch   6 |   800/ 1397 batches | lr 20.00 | ms/batch 69.77 | loss  2.04 | ppl     7.70
| epoch   6 |  1000/ 1397 batches | lr 20.00 | ms/batch 69.76 | loss  2.04 | ppl     7.68
| epoch   6 |  1200/ 1397 batches | lr 20.00 | ms/batch 69.78 | loss  2.04 | ppl     7.68
-----------------------------------------------------------------------------------------
| end of epoch   6 | time: 113.25s | valid loss  1.98 | valid ppl     7.24
-----------------------------------------------------------------------------------------
| epoch   7 |   200/ 1397 batches | lr 20.00 | ms/batch 70.01 | loss  2.05 | ppl     7.73
| epoch   7 |   400/ 1397 batches | lr 20.00 | ms/batch 69.65 | loss  2.03 | ppl     7.64
| epoch   7 |   600/ 1397 batches | lr 20.00 | ms/batch 134.88 | loss  2.03 | ppl     7.62
| epoch   7 |   800/ 1397 batches | lr 20.00 | ms/batch 171.62 | loss  2.03 | ppl     7.62
| epoch   7 |  1000/ 1397 batches | lr 20.00 | ms/batch 171.38 | loss  2.03 | ppl     7.60
| epoch   7 |  1200/ 1397 batches | lr 20.00 | ms/batch 170.90 | loss  2.03 | ppl     7.60
-----------------------------------------------------------------------------------------
| end of epoch   7 | time: 224.70s | valid loss  1.97 | valid ppl     7.18
-----------------------------------------------------------------------------------------
| epoch   8 |   200/ 1397 batches | lr 20.00 | ms/batch 172.69 | loss  2.04 | ppl     7.66
| epoch   8 |   400/ 1397 batches | lr 20.00 | ms/batch 172.44 | loss  2.02 | ppl     7.57
| epoch   8 |   600/ 1397 batches | lr 20.00 | ms/batch 171.34 | loss  2.02 | ppl     7.56
| epoch   8 |   800/ 1397 batches | lr 20.00 | ms/batch 171.80 | loss  2.02 | ppl     7.55
| epoch   8 |  1000/ 1397 batches | lr 20.00 | ms/batch 171.50 | loss  2.02 | ppl     7.54
| epoch   8 |  1200/ 1397 batches | lr 20.00 | ms/batch 172.01 | loss  2.02 | ppl     7.54
-----------------------------------------------------------------------------------------
| end of epoch   8 | time: 273.46s | valid loss  1.96 | valid ppl     7.12
-----------------------------------------------------------------------------------------
| epoch   9 |   200/ 1397 batches | lr 20.00 | ms/batch 172.41 | loss  2.03 | ppl     7.60
| epoch   9 |   400/ 1397 batches | lr 20.00 | ms/batch 172.21 | loss  2.02 | ppl     7.52
| epoch   9 |   600/ 1397 batches | lr 20.00 | ms/batch 170.84 | loss  2.02 | ppl     7.51
| epoch   9 |   800/ 1397 batches | lr 20.00 | ms/batch 171.95 | loss  2.02 | ppl     7.51
| epoch   9 |  1000/ 1397 batches | lr 20.00 | ms/batch 171.17 | loss  2.01 | ppl     7.50
| epoch   9 |  1200/ 1397 batches | lr 20.00 | ms/batch 171.67 | loss  2.01 | ppl     7.50
-----------------------------------------------------------------------------------------
| end of epoch   9 | time: 273.09s | valid loss  1.96 | valid ppl     7.09
-----------------------------------------------------------------------------------------
| epoch  10 |   200/ 1397 batches | lr 20.00 | ms/batch 171.97 | loss  2.02 | ppl     7.56
| epoch  10 |   400/ 1397 batches | lr 20.00 | ms/batch 172.15 | loss  2.01 | ppl     7.47
| epoch  10 |   600/ 1397 batches | lr 20.00 | ms/batch 171.34 | loss  2.01 | ppl     7.46
| epoch  10 |   800/ 1397 batches | lr 20.00 | ms/batch 172.54 | loss  2.01 | ppl     7.46
| epoch  10 |  1000/ 1397 batches | lr 20.00 | ms/batch 171.16 | loss  2.01 | ppl     7.45
| epoch  10 |  1200/ 1397 batches | lr 20.00 | ms/batch 171.20 | loss  2.01 | ppl     7.46
-----------------------------------------------------------------------------------------
| end of epoch  10 | time: 273.13s | valid loss  1.95 | valid ppl     7.06
-----------------------------------------------------------------------------------------
| epoch  11 |   200/ 1397 batches | lr 20.00 | ms/batch 172.31 | loss  2.02 | ppl     7.52
| epoch  11 |   400/ 1397 batches | lr 20.00 | ms/batch 172.37 | loss  2.01 | ppl     7.44
| epoch  11 |   600/ 1397 batches | lr 20.00 | ms/batch 171.14 | loss  2.01 | ppl     7.43
| epoch  11 |   800/ 1397 batches | lr 20.00 | ms/batch 172.23 | loss  2.01 | ppl     7.43
| epoch  11 |  1000/ 1397 batches | lr 20.00 | ms/batch 171.47 | loss  2.00 | ppl     7.42
| epoch  11 |  1200/ 1397 batches | lr 20.00 | ms/batch 171.93 | loss  2.00 | ppl     7.42
-----------------------------------------------------------------------------------------
| end of epoch  11 | time: 273.33s | valid loss  1.95 | valid ppl     7.03
-----------------------------------------------------------------------------------------
| epoch  12 |   200/ 1397 batches | lr 20.00 | ms/batch 172.93 | loss  2.01 | ppl     7.49
| epoch  12 |   400/ 1397 batches | lr 20.00 | ms/batch 172.42 | loss  2.00 | ppl     7.41
| epoch  12 |   600/ 1397 batches | lr 20.00 | ms/batch 171.32 | loss  2.00 | ppl     7.40
| epoch  12 |   800/ 1397 batches | lr 20.00 | ms/batch 172.13 | loss  2.00 | ppl     7.40
| epoch  12 |  1000/ 1397 batches | lr 20.00 | ms/batch 171.69 | loss  2.00 | ppl     7.39
| epoch  12 |  1200/ 1397 batches | lr 20.00 | ms/batch 172.25 | loss  2.00 | ppl     7.39
-----------------------------------------------------------------------------------------
| end of epoch  12 | time: 273.52s | valid loss  1.95 | valid ppl     7.00
-----------------------------------------------------------------------------------------
| epoch  13 |   200/ 1397 batches | lr 20.00 | ms/batch 172.54 | loss  2.01 | ppl     7.46
| epoch  13 |   400/ 1397 batches | lr 20.00 | ms/batch 172.03 | loss  2.00 | ppl     7.38
| epoch  13 |   600/ 1397 batches | lr 20.00 | ms/batch 171.74 | loss  2.00 | ppl     7.37
| epoch  13 |   800/ 1397 batches | lr 20.00 | ms/batch 172.27 | loss  2.00 | ppl     7.37
| epoch  13 |  1000/ 1397 batches | lr 20.00 | ms/batch 171.16 | loss  2.00 | ppl     7.36
| epoch  13 |  1200/ 1397 batches | lr 20.00 | ms/batch 172.19 | loss  2.00 | ppl     7.37
-----------------------------------------------------------------------------------------
| end of epoch  13 | time: 273.68s | valid loss  1.94 | valid ppl     6.98
-----------------------------------------------------------------------------------------
| epoch  14 |   200/ 1397 batches | lr 20.00 | ms/batch 173.84 | loss  2.01 | ppl     7.44
| epoch  14 |   400/ 1397 batches | lr 20.00 | ms/batch 173.57 | loss  2.00 | ppl     7.36
| epoch  14 |   600/ 1397 batches | lr 20.00 | ms/batch 172.58 | loss  1.99 | ppl     7.35
| epoch  14 |   800/ 1397 batches | lr 20.00 | ms/batch 172.95 | loss  1.99 | ppl     7.35
| epoch  14 |  1000/ 1397 batches | lr 20.00 | ms/batch 173.38 | loss  1.99 | ppl     7.34
| epoch  14 |  1200/ 1397 batches | lr 20.00 | ms/batch 172.93 | loss  1.99 | ppl     7.35
-----------------------------------------------------------------------------------------
| end of epoch  14 | time: 275.36s | valid loss  1.94 | valid ppl     6.97
-----------------------------------------------------------------------------------------
| epoch  15 |   200/ 1397 batches | lr 20.00 | ms/batch 174.01 | loss  2.00 | ppl     7.42
| epoch  15 |   400/ 1397 batches | lr 20.00 | ms/batch 172.40 | loss  1.99 | ppl     7.33
| epoch  15 |   600/ 1397 batches | lr 20.00 | ms/batch 173.21 | loss  1.99 | ppl     7.33
| epoch  15 |   800/ 1397 batches | lr 20.00 | ms/batch 172.81 | loss  1.99 | ppl     7.33
| epoch  15 |  1000/ 1397 batches | lr 20.00 | ms/batch 173.11 | loss  1.99 | ppl     7.32
| epoch  15 |  1200/ 1397 batches | lr 20.00 | ms/batch 173.13 | loss  1.99 | ppl     7.33
-----------------------------------------------------------------------------------------
| end of epoch  15 | time: 275.10s | valid loss  1.94 | valid ppl     6.95
-----------------------------------------------------------------------------------------
| epoch  16 |   200/ 1397 batches | lr 20.00 | ms/batch 173.51 | loss  2.00 | ppl     7.39
| epoch  16 |   400/ 1397 batches | lr 20.00 | ms/batch 173.80 | loss  1.99 | ppl     7.31
| epoch  16 |   600/ 1397 batches | lr 20.00 | ms/batch 168.38 | loss  1.99 | ppl     7.31
| epoch  16 |   800/ 1397 batches | lr 20.00 | ms/batch 72.70 | loss  1.99 | ppl     7.31
| epoch  16 |  1000/ 1397 batches | lr 20.00 | ms/batch 69.81 | loss  1.99 | ppl     7.31
| epoch  16 |  1200/ 1397 batches | lr 20.00 | ms/batch 69.77 | loss  1.99 | ppl     7.31
-----------------------------------------------------------------------------------------
| end of epoch  16 | time: 175.08s | valid loss  1.94 | valid ppl     6.93
-----------------------------------------------------------------------------------------
| epoch  17 |   200/ 1397 batches | lr 20.00 | ms/batch 69.96 | loss  2.00 | ppl     7.38
| epoch  17 |   400/ 1397 batches | lr 20.00 | ms/batch 69.67 | loss  1.99 | ppl     7.30
| epoch  17 |   600/ 1397 batches | lr 20.00 | ms/batch 69.72 | loss  1.99 | ppl     7.29
| epoch  17 |   800/ 1397 batches | lr 20.00 | ms/batch 69.65 | loss  1.99 | ppl     7.30
| epoch  17 |  1000/ 1397 batches | lr 20.00 | ms/batch 69.55 | loss  1.99 | ppl     7.29
| epoch  17 |  1200/ 1397 batches | lr 20.00 | ms/batch 69.60 | loss  1.99 | ppl     7.29
-----------------------------------------------------------------------------------------
| end of epoch  17 | time: 113.08s | valid loss  1.93 | valid ppl     6.92
-----------------------------------------------------------------------------------------
| epoch  18 |   200/ 1397 batches | lr 20.00 | ms/batch 70.01 | loss  2.00 | ppl     7.36
| epoch  18 |   400/ 1397 batches | lr 20.00 | ms/batch 69.59 | loss  1.99 | ppl     7.28
| epoch  18 |   600/ 1397 batches | lr 20.00 | ms/batch 69.56 | loss  1.99 | ppl     7.28
| epoch  18 |   800/ 1397 batches | lr 20.00 | ms/batch 69.56 | loss  1.99 | ppl     7.28
| epoch  18 |  1000/ 1397 batches | lr 20.00 | ms/batch 69.63 | loss  1.98 | ppl     7.28
| epoch  18 |  1200/ 1397 batches | lr 20.00 | ms/batch 69.54 | loss  1.99 | ppl     7.28
-----------------------------------------------------------------------------------------
| end of epoch  18 | time: 113.06s | valid loss  1.93 | valid ppl     6.92
-----------------------------------------------------------------------------------------
| epoch  19 |   200/ 1397 batches | lr 5.00 | ms/batch 70.06 | loss  1.99 | ppl     7.30
| epoch  19 |   400/ 1397 batches | lr 5.00 | ms/batch 69.69 | loss  1.98 | ppl     7.21
| epoch  19 |   600/ 1397 batches | lr 5.00 | ms/batch 69.64 | loss  1.97 | ppl     7.20
| epoch  19 |   800/ 1397 batches | lr 5.00 | ms/batch 69.59 | loss  1.97 | ppl     7.19
| epoch  19 |  1000/ 1397 batches | lr 5.00 | ms/batch 69.51 | loss  1.97 | ppl     7.19
| epoch  19 |  1200/ 1397 batches | lr 5.00 | ms/batch 69.49 | loss  1.97 | ppl     7.18
-----------------------------------------------------------------------------------------
| end of epoch  19 | time: 113.07s | valid loss  1.92 | valid ppl     6.84
-----------------------------------------------------------------------------------------
| epoch  20 |   200/ 1397 batches | lr 5.00 | ms/batch 70.09 | loss  1.98 | ppl     7.26
| epoch  20 |   400/ 1397 batches | lr 5.00 | ms/batch 69.63 | loss  1.97 | ppl     7.19
| epoch  20 |   600/ 1397 batches | lr 5.00 | ms/batch 69.55 | loss  1.97 | ppl     7.18
| epoch  20 |   800/ 1397 batches | lr 5.00 | ms/batch 69.60 | loss  1.97 | ppl     7.18
| epoch  20 |  1000/ 1397 batches | lr 5.00 | ms/batch 69.73 | loss  1.97 | ppl     7.17
| epoch  20 |  1200/ 1397 batches | lr 5.00 | ms/batch 69.65 | loss  1.97 | ppl     7.17
-----------------------------------------------------------------------------------------
| end of epoch  20 | time: 113.09s | valid loss  1.92 | valid ppl     6.83
-----------------------------------------------------------------------------------------
=========================================================================================
| End of training | test loss  1.92 | test ppl     6.85
=========================================================================================
| Generated 0/1000 words
| Generated 100/1000 words
| Generated 200/1000 words
| Generated 300/1000 words
| Generated 400/1000 words
| Generated 500/1000 words
| Generated 600/1000 words
| Generated 700/1000 words
| Generated 800/1000 words
| Generated 900/1000 words
