Traceback (most recent call last):
  File "main.py", line 56, in <module>
    device = torch.device("cuda" if args.cuda else "cpu")
AttributeError: module 'torch' has no attribute 'device'
Traceback (most recent call last):
  File "generate.py", line 41, in <module>
    device = torch.device("cuda" if args.cuda else "cpu")
AttributeError: module 'torch' has no attribute 'device'
| epoch   1 |   200/  593 batches | lr 20.00 | ms/batch 66.31 | loss  5.22 | ppl   184.04
| epoch   1 |   400/  593 batches | lr 20.00 | ms/batch 65.39 | loss  3.34 | ppl    28.09
-----------------------------------------------------------------------------------------
| end of epoch   1 | time: 44.52s | valid loss  2.22 | valid ppl     9.22
-----------------------------------------------------------------------------------------
| epoch   2 |   200/  593 batches | lr 20.00 | ms/batch 65.70 | loss  2.22 | ppl     9.19
| epoch   2 |   400/  593 batches | lr 20.00 | ms/batch 65.37 | loss  1.94 | ppl     6.97
-----------------------------------------------------------------------------------------
| end of epoch   2 | time: 44.38s | valid loss  1.68 | valid ppl     5.35
-----------------------------------------------------------------------------------------
| epoch   3 |   200/  593 batches | lr 20.00 | ms/batch 65.74 | loss  1.79 | ppl     5.99
| epoch   3 |   400/  593 batches | lr 20.00 | ms/batch 65.36 | loss  1.75 | ppl     5.73
-----------------------------------------------------------------------------------------
| end of epoch   3 | time: 44.40s | valid loss  1.54 | valid ppl     4.66
-----------------------------------------------------------------------------------------
| epoch   4 |   200/  593 batches | lr 20.00 | ms/batch 65.79 | loss  1.70 | ppl     5.46
| epoch   4 |   400/  593 batches | lr 20.00 | ms/batch 65.55 | loss  1.67 | ppl     5.32
-----------------------------------------------------------------------------------------
| end of epoch   4 | time: 44.49s | valid loss  1.51 | valid ppl     4.53
-----------------------------------------------------------------------------------------
| epoch   5 |   200/  593 batches | lr 20.00 | ms/batch 65.77 | loss  1.65 | ppl     5.20
| epoch   5 |   400/  593 batches | lr 20.00 | ms/batch 65.40 | loss  1.63 | ppl     5.10
-----------------------------------------------------------------------------------------
| end of epoch   5 | time: 44.42s | valid loss  1.48 | valid ppl     4.38
-----------------------------------------------------------------------------------------
| epoch   6 |   200/  593 batches | lr 20.00 | ms/batch 65.71 | loss  1.62 | ppl     5.05
| epoch   6 |   400/  593 batches | lr 20.00 | ms/batch 65.40 | loss  1.60 | ppl     4.97
-----------------------------------------------------------------------------------------
| end of epoch   6 | time: 44.42s | valid loss  1.44 | valid ppl     4.23
-----------------------------------------------------------------------------------------
| epoch   7 |   200/  593 batches | lr 20.00 | ms/batch 65.82 | loss  1.60 | ppl     4.94
| epoch   7 |   400/  593 batches | lr 20.00 | ms/batch 65.41 | loss  1.58 | ppl     4.86
-----------------------------------------------------------------------------------------
| end of epoch   7 | time: 44.43s | valid loss  1.43 | valid ppl     4.19
-----------------------------------------------------------------------------------------
| epoch   8 |   200/  593 batches | lr 20.00 | ms/batch 65.79 | loss  1.58 | ppl     4.86
| epoch   8 |   400/  593 batches | lr 20.00 | ms/batch 65.55 | loss  1.57 | ppl     4.80
-----------------------------------------------------------------------------------------
| end of epoch   8 | time: 44.45s | valid loss  1.44 | valid ppl     4.21
-----------------------------------------------------------------------------------------
| epoch   9 |   200/  593 batches | lr 5.00 | ms/batch 65.74 | loss  1.52 | ppl     4.55
| epoch   9 |   400/  593 batches | lr 5.00 | ms/batch 65.48 | loss  1.49 | ppl     4.43
-----------------------------------------------------------------------------------------
| end of epoch   9 | time: 44.43s | valid loss  1.36 | valid ppl     3.88
-----------------------------------------------------------------------------------------
| epoch  10 |   200/  593 batches | lr 5.00 | ms/batch 65.78 | loss  1.49 | ppl     4.43
| epoch  10 |   400/  593 batches | lr 5.00 | ms/batch 65.52 | loss  1.47 | ppl     4.37
-----------------------------------------------------------------------------------------
| end of epoch  10 | time: 44.49s | valid loss  1.35 | valid ppl     3.85
-----------------------------------------------------------------------------------------
| epoch  11 |   200/  593 batches | lr 5.00 | ms/batch 65.81 | loss  1.48 | ppl     4.40
| epoch  11 |   400/  593 batches | lr 5.00 | ms/batch 65.47 | loss  1.47 | ppl     4.34
-----------------------------------------------------------------------------------------
| end of epoch  11 | time: 44.44s | valid loss  1.34 | valid ppl     3.83
-----------------------------------------------------------------------------------------
| epoch  12 |   200/  593 batches | lr 5.00 | ms/batch 65.80 | loss  1.47 | ppl     4.37
| epoch  12 |   400/  593 batches | lr 5.00 | ms/batch 65.51 | loss  1.46 | ppl     4.31
-----------------------------------------------------------------------------------------
| end of epoch  12 | time: 44.43s | valid loss  1.34 | valid ppl     3.81
-----------------------------------------------------------------------------------------
| epoch  13 |   200/  593 batches | lr 5.00 | ms/batch 65.75 | loss  1.47 | ppl     4.35
| epoch  13 |   400/  593 batches | lr 5.00 | ms/batch 65.48 | loss  1.46 | ppl     4.29
-----------------------------------------------------------------------------------------
| end of epoch  13 | time: 44.46s | valid loss  1.33 | valid ppl     3.80
-----------------------------------------------------------------------------------------
| epoch  14 |   200/  593 batches | lr 5.00 | ms/batch 65.70 | loss  1.47 | ppl     4.33
| epoch  14 |   400/  593 batches | lr 5.00 | ms/batch 65.49 | loss  1.45 | ppl     4.28
-----------------------------------------------------------------------------------------
| end of epoch  14 | time: 44.45s | valid loss  1.33 | valid ppl     3.78
-----------------------------------------------------------------------------------------
| epoch  15 |   200/  593 batches | lr 5.00 | ms/batch 65.72 | loss  1.46 | ppl     4.32
| epoch  15 |   400/  593 batches | lr 5.00 | ms/batch 65.50 | loss  1.45 | ppl     4.26
-----------------------------------------------------------------------------------------
| end of epoch  15 | time: 44.44s | valid loss  1.33 | valid ppl     3.77
-----------------------------------------------------------------------------------------
| epoch  16 |   200/  593 batches | lr 5.00 | ms/batch 65.81 | loss  1.46 | ppl     4.30
| epoch  16 |   400/  593 batches | lr 5.00 | ms/batch 65.56 | loss  1.45 | ppl     4.25
-----------------------------------------------------------------------------------------
| end of epoch  16 | time: 44.49s | valid loss  1.33 | valid ppl     3.76
-----------------------------------------------------------------------------------------
| epoch  17 |   200/  593 batches | lr 5.00 | ms/batch 65.81 | loss  1.46 | ppl     4.29
| epoch  17 |   400/  593 batches | lr 5.00 | ms/batch 65.36 | loss  1.44 | ppl     4.24
-----------------------------------------------------------------------------------------
| end of epoch  17 | time: 44.42s | valid loss  1.32 | valid ppl     3.75
-----------------------------------------------------------------------------------------
| epoch  18 |   200/  593 batches | lr 5.00 | ms/batch 65.78 | loss  1.45 | ppl     4.28
| epoch  18 |   400/  593 batches | lr 5.00 | ms/batch 65.37 | loss  1.44 | ppl     4.23
-----------------------------------------------------------------------------------------
| end of epoch  18 | time: 44.44s | valid loss  1.32 | valid ppl     3.74
-----------------------------------------------------------------------------------------
| epoch  19 |   200/  593 batches | lr 5.00 | ms/batch 65.85 | loss  1.45 | ppl     4.27
| epoch  19 |   400/  593 batches | lr 5.00 | ms/batch 65.42 | loss  1.44 | ppl     4.22
-----------------------------------------------------------------------------------------
| end of epoch  19 | time: 44.46s | valid loss  1.32 | valid ppl     3.74
-----------------------------------------------------------------------------------------
| epoch  20 |   200/  593 batches | lr 5.00 | ms/batch 65.75 | loss  1.45 | ppl     4.25
| epoch  20 |   400/  593 batches | lr 5.00 | ms/batch 65.46 | loss  1.44 | ppl     4.21
-----------------------------------------------------------------------------------------
| end of epoch  20 | time: 44.43s | valid loss  1.32 | valid ppl     3.73
-----------------------------------------------------------------------------------------
| epoch  21 |   200/  593 batches | lr 5.00 | ms/batch 65.77 | loss  1.45 | ppl     4.24
| epoch  21 |   400/  593 batches | lr 5.00 | ms/batch 65.42 | loss  1.43 | ppl     4.20
-----------------------------------------------------------------------------------------
| end of epoch  21 | time: 44.43s | valid loss  1.31 | valid ppl     3.72
-----------------------------------------------------------------------------------------
| epoch  22 |   200/  593 batches | lr 5.00 | ms/batch 65.84 | loss  1.44 | ppl     4.24
| epoch  22 |   400/  593 batches | lr 5.00 | ms/batch 65.53 | loss  1.43 | ppl     4.20
-----------------------------------------------------------------------------------------
| end of epoch  22 | time: 44.45s | valid loss  1.31 | valid ppl     3.71
-----------------------------------------------------------------------------------------
| epoch  23 |   200/  593 batches | lr 5.00 | ms/batch 65.76 | loss  1.44 | ppl     4.23
| epoch  23 |   400/  593 batches | lr 5.00 | ms/batch 65.48 | loss  1.43 | ppl     4.18
-----------------------------------------------------------------------------------------
| end of epoch  23 | time: 44.42s | valid loss  1.31 | valid ppl     3.71
-----------------------------------------------------------------------------------------
| epoch  24 |   200/  593 batches | lr 5.00 | ms/batch 65.76 | loss  1.44 | ppl     4.22
| epoch  24 |   400/  593 batches | lr 5.00 | ms/batch 65.43 | loss  1.43 | ppl     4.17
-----------------------------------------------------------------------------------------
| end of epoch  24 | time: 44.43s | valid loss  1.31 | valid ppl     3.70
-----------------------------------------------------------------------------------------
| epoch  25 |   200/  593 batches | lr 5.00 | ms/batch 65.79 | loss  1.44 | ppl     4.21
| epoch  25 |   400/  593 batches | lr 5.00 | ms/batch 65.43 | loss  1.43 | ppl     4.17
-----------------------------------------------------------------------------------------
| end of epoch  25 | time: 44.45s | valid loss  1.31 | valid ppl     3.70
-----------------------------------------------------------------------------------------
| epoch  26 |   200/  593 batches | lr 5.00 | ms/batch 65.76 | loss  1.44 | ppl     4.20
| epoch  26 |   400/  593 batches | lr 5.00 | ms/batch 65.45 | loss  1.42 | ppl     4.16
-----------------------------------------------------------------------------------------
| end of epoch  26 | time: 44.44s | valid loss  1.30 | valid ppl     3.69
-----------------------------------------------------------------------------------------
| epoch  27 |   200/  593 batches | lr 5.00 | ms/batch 65.71 | loss  1.43 | ppl     4.20
| epoch  27 |   400/  593 batches | lr 5.00 | ms/batch 65.47 | loss  1.42 | ppl     4.15
-----------------------------------------------------------------------------------------
| end of epoch  27 | time: 44.42s | valid loss  1.30 | valid ppl     3.68
-----------------------------------------------------------------------------------------
| epoch  28 |   200/  593 batches | lr 5.00 | ms/batch 65.80 | loss  1.43 | ppl     4.19
| epoch  28 |   400/  593 batches | lr 5.00 | ms/batch 65.53 | loss  1.42 | ppl     4.15
-----------------------------------------------------------------------------------------
| end of epoch  28 | time: 44.46s | valid loss  1.30 | valid ppl     3.68
-----------------------------------------------------------------------------------------
| epoch  29 |   200/  593 batches | lr 5.00 | ms/batch 65.70 | loss  1.43 | ppl     4.18
| epoch  29 |   400/  593 batches | lr 5.00 | ms/batch 65.43 | loss  1.42 | ppl     4.14
-----------------------------------------------------------------------------------------
| end of epoch  29 | time: 44.43s | valid loss  1.30 | valid ppl     3.67
-----------------------------------------------------------------------------------------
| epoch  30 |   200/  593 batches | lr 5.00 | ms/batch 65.79 | loss  1.43 | ppl     4.18
| epoch  30 |   400/  593 batches | lr 5.00 | ms/batch 65.37 | loss  1.42 | ppl     4.13
-----------------------------------------------------------------------------------------
| end of epoch  30 | time: 44.41s | valid loss  1.30 | valid ppl     3.67
-----------------------------------------------------------------------------------------
| epoch  31 |   200/  593 batches | lr 5.00 | ms/batch 65.79 | loss  1.43 | ppl     4.17
| epoch  31 |   400/  593 batches | lr 5.00 | ms/batch 65.40 | loss  1.42 | ppl     4.13
-----------------------------------------------------------------------------------------
| end of epoch  31 | time: 44.43s | valid loss  1.30 | valid ppl     3.66
-----------------------------------------------------------------------------------------
| epoch  32 |   200/  593 batches | lr 5.00 | ms/batch 65.80 | loss  1.43 | ppl     4.16
| epoch  32 |   400/  593 batches | lr 5.00 | ms/batch 65.38 | loss  1.42 | ppl     4.12
-----------------------------------------------------------------------------------------
| end of epoch  32 | time: 44.42s | valid loss  1.30 | valid ppl     3.66
-----------------------------------------------------------------------------------------
| epoch  33 |   200/  593 batches | lr 5.00 | ms/batch 65.81 | loss  1.43 | ppl     4.16
| epoch  33 |   400/  593 batches | lr 5.00 | ms/batch 65.42 | loss  1.41 | ppl     4.11
-----------------------------------------------------------------------------------------
| end of epoch  33 | time: 44.43s | valid loss  1.30 | valid ppl     3.66
-----------------------------------------------------------------------------------------
| epoch  34 |   200/  593 batches | lr 5.00 | ms/batch 65.90 | loss  1.42 | ppl     4.15
| epoch  34 |   400/  593 batches | lr 5.00 | ms/batch 65.56 | loss  1.41 | ppl     4.11
-----------------------------------------------------------------------------------------
| end of epoch  34 | time: 44.47s | valid loss  1.30 | valid ppl     3.66
-----------------------------------------------------------------------------------------
| epoch  35 |   200/  593 batches | lr 5.00 | ms/batch 65.84 | loss  1.42 | ppl     4.15
| epoch  35 |   400/  593 batches | lr 5.00 | ms/batch 65.50 | loss  1.41 | ppl     4.10
-----------------------------------------------------------------------------------------
| end of epoch  35 | time: 44.46s | valid loss  1.29 | valid ppl     3.65
-----------------------------------------------------------------------------------------
| epoch  36 |   200/  593 batches | lr 5.00 | ms/batch 65.83 | loss  1.42 | ppl     4.14
| epoch  36 |   400/  593 batches | lr 5.00 | ms/batch 65.45 | loss  1.41 | ppl     4.10
-----------------------------------------------------------------------------------------
| end of epoch  36 | time: 44.42s | valid loss  1.29 | valid ppl     3.64
-----------------------------------------------------------------------------------------
| epoch  37 |   200/  593 batches | lr 5.00 | ms/batch 65.74 | loss  1.42 | ppl     4.14
| epoch  37 |   400/  593 batches | lr 5.00 | ms/batch 65.42 | loss  1.41 | ppl     4.10
-----------------------------------------------------------------------------------------
| end of epoch  37 | time: 44.38s | valid loss  1.29 | valid ppl     3.64
-----------------------------------------------------------------------------------------
| epoch  38 |   200/  593 batches | lr 5.00 | ms/batch 65.79 | loss  1.42 | ppl     4.13
| epoch  38 |   400/  593 batches | lr 5.00 | ms/batch 65.40 | loss  1.41 | ppl     4.09
-----------------------------------------------------------------------------------------
| end of epoch  38 | time: 44.39s | valid loss  1.29 | valid ppl     3.63
-----------------------------------------------------------------------------------------
| epoch  39 |   200/  593 batches | lr 5.00 | ms/batch 65.72 | loss  1.42 | ppl     4.13
| epoch  39 |   400/  593 batches | lr 5.00 | ms/batch 65.52 | loss  1.41 | ppl     4.08
-----------------------------------------------------------------------------------------
| end of epoch  39 | time: 44.44s | valid loss  1.29 | valid ppl     3.63
-----------------------------------------------------------------------------------------
| epoch  40 |   200/  593 batches | lr 5.00 | ms/batch 65.81 | loss  1.42 | ppl     4.12
| epoch  40 |   400/  593 batches | lr 5.00 | ms/batch 65.50 | loss  1.41 | ppl     4.08
-----------------------------------------------------------------------------------------
| end of epoch  40 | time: 44.46s | valid loss  1.29 | valid ppl     3.63
-----------------------------------------------------------------------------------------
| epoch  41 |   200/  593 batches | lr 5.00 | ms/batch 65.66 | loss  1.42 | ppl     4.12
| epoch  41 |   400/  593 batches | lr 5.00 | ms/batch 65.44 | loss  1.41 | ppl     4.08
-----------------------------------------------------------------------------------------
| end of epoch  41 | time: 44.41s | valid loss  1.29 | valid ppl     3.63
-----------------------------------------------------------------------------------------
| epoch  42 |   200/  593 batches | lr 5.00 | ms/batch 65.77 | loss  1.41 | ppl     4.12
| epoch  42 |   400/  593 batches | lr 5.00 | ms/batch 65.41 | loss  1.40 | ppl     4.07
-----------------------------------------------------------------------------------------
| end of epoch  42 | time: 44.41s | valid loss  1.29 | valid ppl     3.62
-----------------------------------------------------------------------------------------
| epoch  43 |   200/  593 batches | lr 5.00 | ms/batch 65.77 | loss  1.41 | ppl     4.11
| epoch  43 |   400/  593 batches | lr 5.00 | ms/batch 65.41 | loss  1.40 | ppl     4.07
-----------------------------------------------------------------------------------------
| end of epoch  43 | time: 44.42s | valid loss  1.29 | valid ppl     3.62
-----------------------------------------------------------------------------------------
| epoch  44 |   200/  593 batches | lr 5.00 | ms/batch 65.79 | loss  1.41 | ppl     4.11
| epoch  44 |   400/  593 batches | lr 5.00 | ms/batch 65.35 | loss  1.40 | ppl     4.06
-----------------------------------------------------------------------------------------
| end of epoch  44 | time: 44.42s | valid loss  1.29 | valid ppl     3.62
-----------------------------------------------------------------------------------------
| epoch  45 |   200/  593 batches | lr 1.25 | ms/batch 65.75 | loss  1.41 | ppl     4.08
| epoch  45 |   400/  593 batches | lr 1.25 | ms/batch 65.36 | loss  1.39 | ppl     4.02
-----------------------------------------------------------------------------------------
| end of epoch  45 | time: 44.43s | valid loss  1.27 | valid ppl     3.57
-----------------------------------------------------------------------------------------
| epoch  46 |   200/  593 batches | lr 1.25 | ms/batch 65.88 | loss  1.40 | ppl     4.06
| epoch  46 |   400/  593 batches | lr 1.25 | ms/batch 65.51 | loss  1.39 | ppl     4.01
-----------------------------------------------------------------------------------------
| end of epoch  46 | time: 44.45s | valid loss  1.27 | valid ppl     3.57
-----------------------------------------------------------------------------------------
| epoch  47 |   200/  593 batches | lr 1.25 | ms/batch 65.74 | loss  1.40 | ppl     4.05
| epoch  47 |   400/  593 batches | lr 1.25 | ms/batch 65.38 | loss  1.39 | ppl     4.00
-----------------------------------------------------------------------------------------
| end of epoch  47 | time: 44.40s | valid loss  1.27 | valid ppl     3.56
-----------------------------------------------------------------------------------------
| epoch  48 |   200/  593 batches | lr 1.25 | ms/batch 65.77 | loss  1.40 | ppl     4.04
| epoch  48 |   400/  593 batches | lr 1.25 | ms/batch 65.43 | loss  1.38 | ppl     3.99
-----------------------------------------------------------------------------------------
| end of epoch  48 | time: 44.41s | valid loss  1.27 | valid ppl     3.56
-----------------------------------------------------------------------------------------
| epoch  49 |   200/  593 batches | lr 1.25 | ms/batch 65.78 | loss  1.40 | ppl     4.03
| epoch  49 |   400/  593 batches | lr 1.25 | ms/batch 65.45 | loss  1.38 | ppl     3.99
-----------------------------------------------------------------------------------------
| end of epoch  49 | time: 44.43s | valid loss  1.27 | valid ppl     3.56
-----------------------------------------------------------------------------------------
| epoch  50 |   200/  593 batches | lr 1.25 | ms/batch 65.77 | loss  1.39 | ppl     4.03
| epoch  50 |   400/  593 batches | lr 1.25 | ms/batch 65.43 | loss  1.38 | ppl     3.99
-----------------------------------------------------------------------------------------
| end of epoch  50 | time: 44.43s | valid loss  1.27 | valid ppl     3.56
-----------------------------------------------------------------------------------------
| epoch  51 |   200/  593 batches | lr 1.25 | ms/batch 65.70 | loss  1.39 | ppl     4.03
| epoch  51 |   400/  593 batches | lr 1.25 | ms/batch 65.51 | loss  1.38 | ppl     3.99
-----------------------------------------------------------------------------------------
| end of epoch  51 | time: 44.44s | valid loss  1.27 | valid ppl     3.55
-----------------------------------------------------------------------------------------
| epoch  52 |   200/  593 batches | lr 1.25 | ms/batch 65.75 | loss  1.39 | ppl     4.03
| epoch  52 |   400/  593 batches | lr 1.25 | ms/batch 65.56 | loss  1.38 | ppl     3.98
-----------------------------------------------------------------------------------------
| end of epoch  52 | time: 44.45s | valid loss  1.27 | valid ppl     3.55
-----------------------------------------------------------------------------------------
| epoch  53 |   200/  593 batches | lr 1.25 | ms/batch 65.72 | loss  1.39 | ppl     4.02
| epoch  53 |   400/  593 batches | lr 1.25 | ms/batch 65.36 | loss  1.38 | ppl     3.98
-----------------------------------------------------------------------------------------
| end of epoch  53 | time: 44.41s | valid loss  1.27 | valid ppl     3.55
-----------------------------------------------------------------------------------------
| epoch  54 |   200/  593 batches | lr 1.25 | ms/batch 65.80 | loss  1.39 | ppl     4.02
| epoch  54 |   400/  593 batches | lr 1.25 | ms/batch 65.37 | loss  1.38 | ppl     3.98
-----------------------------------------------------------------------------------------
| end of epoch  54 | time: 44.42s | valid loss  1.27 | valid ppl     3.55
-----------------------------------------------------------------------------------------
| epoch  55 |   200/  593 batches | lr 1.25 | ms/batch 65.79 | loss  1.39 | ppl     4.02
| epoch  55 |   400/  593 batches | lr 1.25 | ms/batch 65.42 | loss  1.38 | ppl     3.98
-----------------------------------------------------------------------------------------
| end of epoch  55 | time: 44.43s | valid loss  1.27 | valid ppl     3.55
-----------------------------------------------------------------------------------------
| epoch  56 |   200/  593 batches | lr 1.25 | ms/batch 65.77 | loss  1.39 | ppl     4.02
| epoch  56 |   400/  593 batches | lr 1.25 | ms/batch 65.41 | loss  1.38 | ppl     3.98
-----------------------------------------------------------------------------------------
| end of epoch  56 | time: 44.43s | valid loss  1.27 | valid ppl     3.55
-----------------------------------------------------------------------------------------
| epoch  57 |   200/  593 batches | lr 1.25 | ms/batch 65.77 | loss  1.39 | ppl     4.02
| epoch  57 |   400/  593 batches | lr 1.25 | ms/batch 65.42 | loss  1.38 | ppl     3.97
-----------------------------------------------------------------------------------------
| end of epoch  57 | time: 44.43s | valid loss  1.27 | valid ppl     3.54
-----------------------------------------------------------------------------------------
| epoch  58 |   200/  593 batches | lr 1.25 | ms/batch 65.91 | loss  1.39 | ppl     4.02
| epoch  58 |   400/  593 batches | lr 1.25 | ms/batch 65.52 | loss  1.38 | ppl     3.97
-----------------------------------------------------------------------------------------
| end of epoch  58 | time: 44.45s | valid loss  1.27 | valid ppl     3.54
-----------------------------------------------------------------------------------------
| epoch  59 |   200/  593 batches | lr 1.25 | ms/batch 65.77 | loss  1.39 | ppl     4.01
| epoch  59 |   400/  593 batches | lr 1.25 | ms/batch 65.47 | loss  1.38 | ppl     3.97
-----------------------------------------------------------------------------------------
| end of epoch  59 | time: 44.44s | valid loss  1.26 | valid ppl     3.54
-----------------------------------------------------------------------------------------
| epoch  60 |   200/  593 batches | lr 1.25 | ms/batch 65.79 | loss  1.39 | ppl     4.01
| epoch  60 |   400/  593 batches | lr 1.25 | ms/batch 65.44 | loss  1.38 | ppl     3.97
-----------------------------------------------------------------------------------------
| end of epoch  60 | time: 44.42s | valid loss  1.26 | valid ppl     3.54
-----------------------------------------------------------------------------------------
| epoch  61 |   200/  593 batches | lr 1.25 | ms/batch 65.80 | loss  1.39 | ppl     4.01
| epoch  61 |   400/  593 batches | lr 1.25 | ms/batch 65.47 | loss  1.38 | ppl     3.97
-----------------------------------------------------------------------------------------
| end of epoch  61 | time: 44.42s | valid loss  1.26 | valid ppl     3.54
-----------------------------------------------------------------------------------------
| epoch  62 |   200/  593 batches | lr 1.25 | ms/batch 65.74 | loss  1.39 | ppl     4.01
| epoch  62 |   400/  593 batches | lr 1.25 | ms/batch 65.53 | loss  1.38 | ppl     3.97
-----------------------------------------------------------------------------------------
| end of epoch  62 | time: 44.45s | valid loss  1.26 | valid ppl     3.54
-----------------------------------------------------------------------------------------
| epoch  63 |   200/  593 batches | lr 1.25 | ms/batch 65.70 | loss  1.39 | ppl     4.01
| epoch  63 |   400/  593 batches | lr 1.25 | ms/batch 65.45 | loss  1.38 | ppl     3.97
-----------------------------------------------------------------------------------------
| end of epoch  63 | time: 44.46s | valid loss  1.26 | valid ppl     3.54
-----------------------------------------------------------------------------------------
| epoch  64 |   200/  593 batches | lr 1.25 | ms/batch 65.77 | loss  1.39 | ppl     4.01
| epoch  64 |   400/  593 batches | lr 1.25 | ms/batch 65.50 | loss  1.38 | ppl     3.96
-----------------------------------------------------------------------------------------
| end of epoch  64 | time: 44.46s | valid loss  1.26 | valid ppl     3.54
-----------------------------------------------------------------------------------------
| epoch  65 |   200/  593 batches | lr 1.25 | ms/batch 65.79 | loss  1.39 | ppl     4.00
| epoch  65 |   400/  593 batches | lr 1.25 | ms/batch 65.39 | loss  1.38 | ppl     3.97
-----------------------------------------------------------------------------------------
| end of epoch  65 | time: 44.42s | valid loss  1.26 | valid ppl     3.54
-----------------------------------------------------------------------------------------
| epoch  66 |   200/  593 batches | lr 1.25 | ms/batch 65.77 | loss  1.39 | ppl     4.00
| epoch  66 |   400/  593 batches | lr 1.25 | ms/batch 65.42 | loss  1.38 | ppl     3.96
-----------------------------------------------------------------------------------------
| end of epoch  66 | time: 44.41s | valid loss  1.26 | valid ppl     3.53
-----------------------------------------------------------------------------------------
| epoch  67 |   200/  593 batches | lr 1.25 | ms/batch 65.78 | loss  1.39 | ppl     4.00
| epoch  67 |   400/  593 batches | lr 1.25 | ms/batch 65.42 | loss  1.38 | ppl     3.96
-----------------------------------------------------------------------------------------
| end of epoch  67 | time: 44.44s | valid loss  1.26 | valid ppl     3.53
-----------------------------------------------------------------------------------------
| epoch  68 |   200/  593 batches | lr 1.25 | ms/batch 65.76 | loss  1.39 | ppl     4.00
| epoch  68 |   400/  593 batches | lr 1.25 | ms/batch 65.41 | loss  1.38 | ppl     3.96
-----------------------------------------------------------------------------------------
| end of epoch  68 | time: 44.45s | valid loss  1.26 | valid ppl     3.53
-----------------------------------------------------------------------------------------
| epoch  69 |   200/  593 batches | lr 1.25 | ms/batch 65.82 | loss  1.39 | ppl     4.00
| epoch  69 |   400/  593 batches | lr 1.25 | ms/batch 65.44 | loss  1.38 | ppl     3.96
-----------------------------------------------------------------------------------------
| end of epoch  69 | time: 44.46s | valid loss  1.26 | valid ppl     3.53
-----------------------------------------------------------------------------------------
| epoch  70 |   200/  593 batches | lr 0.31 | ms/batch 65.93 | loss  1.39 | ppl     4.00
| epoch  70 |   400/  593 batches | lr 0.31 | ms/batch 65.48 | loss  1.37 | ppl     3.95
-----------------------------------------------------------------------------------------
| end of epoch  70 | time: 44.43s | valid loss  1.26 | valid ppl     3.52
-----------------------------------------------------------------------------------------
| epoch  71 |   200/  593 batches | lr 0.31 | ms/batch 65.82 | loss  1.38 | ppl     3.99
| epoch  71 |   400/  593 batches | lr 0.31 | ms/batch 65.42 | loss  1.37 | ppl     3.95
-----------------------------------------------------------------------------------------
| end of epoch  71 | time: 44.46s | valid loss  1.26 | valid ppl     3.52
-----------------------------------------------------------------------------------------
| epoch  72 |   200/  593 batches | lr 0.31 | ms/batch 65.75 | loss  1.38 | ppl     3.99
| epoch  72 |   400/  593 batches | lr 0.31 | ms/batch 65.47 | loss  1.37 | ppl     3.94
-----------------------------------------------------------------------------------------
| end of epoch  72 | time: 44.42s | valid loss  1.26 | valid ppl     3.52
-----------------------------------------------------------------------------------------
| epoch  73 |   200/  593 batches | lr 0.31 | ms/batch 65.84 | loss  1.38 | ppl     3.99
| epoch  73 |   400/  593 batches | lr 0.31 | ms/batch 65.41 | loss  1.37 | ppl     3.94
-----------------------------------------------------------------------------------------
| end of epoch  73 | time: 44.43s | valid loss  1.26 | valid ppl     3.52
-----------------------------------------------------------------------------------------
| epoch  74 |   200/  593 batches | lr 0.31 | ms/batch 65.79 | loss  1.38 | ppl     3.99
| epoch  74 |   400/  593 batches | lr 0.31 | ms/batch 65.52 | loss  1.37 | ppl     3.94
-----------------------------------------------------------------------------------------
| end of epoch  74 | time: 44.43s | valid loss  1.26 | valid ppl     3.52
-----------------------------------------------------------------------------------------
| epoch  75 |   200/  593 batches | lr 0.31 | ms/batch 65.72 | loss  1.38 | ppl     3.98
| epoch  75 |   400/  593 batches | lr 0.31 | ms/batch 65.57 | loss  1.37 | ppl     3.94
-----------------------------------------------------------------------------------------
| end of epoch  75 | time: 44.49s | valid loss  1.26 | valid ppl     3.52
-----------------------------------------------------------------------------------------
| epoch  76 |   200/  593 batches | lr 0.31 | ms/batch 65.78 | loss  1.38 | ppl     3.98
| epoch  76 |   400/  593 batches | lr 0.31 | ms/batch 65.43 | loss  1.37 | ppl     3.94
-----------------------------------------------------------------------------------------
| end of epoch  76 | time: 44.43s | valid loss  1.26 | valid ppl     3.52
-----------------------------------------------------------------------------------------
| epoch  77 |   200/  593 batches | lr 0.31 | ms/batch 65.73 | loss  1.38 | ppl     3.98
| epoch  77 |   400/  593 batches | lr 0.31 | ms/batch 65.46 | loss  1.37 | ppl     3.94
-----------------------------------------------------------------------------------------
| end of epoch  77 | time: 44.40s | valid loss  1.26 | valid ppl     3.52
-----------------------------------------------------------------------------------------
| epoch  78 |   200/  593 batches | lr 0.31 | ms/batch 65.69 | loss  1.38 | ppl     3.98
| epoch  78 |   400/  593 batches | lr 0.31 | ms/batch 65.45 | loss  1.37 | ppl     3.94
-----------------------------------------------------------------------------------------
| end of epoch  78 | time: 44.42s | valid loss  1.26 | valid ppl     3.52
-----------------------------------------------------------------------------------------
| epoch  79 |   200/  593 batches | lr 0.31 | ms/batch 65.79 | loss  1.38 | ppl     3.98
| epoch  79 |   400/  593 batches | lr 0.31 | ms/batch 65.43 | loss  1.37 | ppl     3.94
-----------------------------------------------------------------------------------------
| end of epoch  79 | time: 44.46s | valid loss  1.26 | valid ppl     3.52
-----------------------------------------------------------------------------------------
| epoch  80 |   200/  593 batches | lr 0.08 | ms/batch 65.79 | loss  1.38 | ppl     3.98
| epoch  80 |   400/  593 batches | lr 0.08 | ms/batch 65.32 | loss  1.37 | ppl     3.94
-----------------------------------------------------------------------------------------
| end of epoch  80 | time: 44.42s | valid loss  1.26 | valid ppl     3.52
-----------------------------------------------------------------------------------------
| epoch  81 |   200/  593 batches | lr 0.08 | ms/batch 65.80 | loss  1.38 | ppl     3.98
| epoch  81 |   400/  593 batches | lr 0.08 | ms/batch 65.45 | loss  1.37 | ppl     3.94
-----------------------------------------------------------------------------------------
| end of epoch  81 | time: 44.46s | valid loss  1.26 | valid ppl     3.52
-----------------------------------------------------------------------------------------
| epoch  82 |   200/  593 batches | lr 0.08 | ms/batch 65.82 | loss  1.38 | ppl     3.98
| epoch  82 |   400/  593 batches | lr 0.08 | ms/batch 65.47 | loss  1.37 | ppl     3.94
-----------------------------------------------------------------------------------------
| end of epoch  82 | time: 44.44s | valid loss  1.26 | valid ppl     3.52
-----------------------------------------------------------------------------------------
| epoch  83 |   200/  593 batches | lr 0.08 | ms/batch 65.79 | loss  1.38 | ppl     3.98
| epoch  83 |   400/  593 batches | lr 0.08 | ms/batch 65.45 | loss  1.37 | ppl     3.93
-----------------------------------------------------------------------------------------
| end of epoch  83 | time: 44.42s | valid loss  1.26 | valid ppl     3.52
-----------------------------------------------------------------------------------------
| epoch  84 |   200/  593 batches | lr 0.08 | ms/batch 65.78 | loss  1.38 | ppl     3.98
| epoch  84 |   400/  593 batches | lr 0.08 | ms/batch 65.43 | loss  1.37 | ppl     3.93
-----------------------------------------------------------------------------------------
| end of epoch  84 | time: 44.41s | valid loss  1.26 | valid ppl     3.52
-----------------------------------------------------------------------------------------
| epoch  85 |   200/  593 batches | lr 0.08 | ms/batch 65.77 | loss  1.38 | ppl     3.98
| epoch  85 |   400/  593 batches | lr 0.08 | ms/batch 65.45 | loss  1.37 | ppl     3.93
-----------------------------------------------------------------------------------------
| end of epoch  85 | time: 44.41s | valid loss  1.26 | valid ppl     3.52
-----------------------------------------------------------------------------------------
| epoch  86 |   200/  593 batches | lr 0.08 | ms/batch 65.77 | loss  1.38 | ppl     3.98
| epoch  86 |   400/  593 batches | lr 0.08 | ms/batch 65.49 | loss  1.37 | ppl     3.94
-----------------------------------------------------------------------------------------
| end of epoch  86 | time: 44.43s | valid loss  1.26 | valid ppl     3.52
-----------------------------------------------------------------------------------------
| epoch  87 |   200/  593 batches | lr 0.08 | ms/batch 65.76 | loss  1.38 | ppl     3.98
| epoch  87 |   400/  593 batches | lr 0.08 | ms/batch 65.53 | loss  1.37 | ppl     3.93
-----------------------------------------------------------------------------------------
| end of epoch  87 | time: 44.50s | valid loss  1.26 | valid ppl     3.51
-----------------------------------------------------------------------------------------
| epoch  88 |   200/  593 batches | lr 0.08 | ms/batch 65.74 | loss  1.38 | ppl     3.97
| epoch  88 |   400/  593 batches | lr 0.08 | ms/batch 65.43 | loss  1.37 | ppl     3.93
-----------------------------------------------------------------------------------------
| end of epoch  88 | time: 44.42s | valid loss  1.26 | valid ppl     3.51
-----------------------------------------------------------------------------------------
| epoch  89 |   200/  593 batches | lr 0.08 | ms/batch 65.70 | loss  1.38 | ppl     3.97
| epoch  89 |   400/  593 batches | lr 0.08 | ms/batch 65.44 | loss  1.37 | ppl     3.94
-----------------------------------------------------------------------------------------
| end of epoch  89 | time: 44.42s | valid loss  1.26 | valid ppl     3.51
-----------------------------------------------------------------------------------------
| epoch  90 |   200/  593 batches | lr 0.08 | ms/batch 65.75 | loss  1.38 | ppl     3.97
| epoch  90 |   400/  593 batches | lr 0.08 | ms/batch 65.43 | loss  1.37 | ppl     3.93
-----------------------------------------------------------------------------------------
| end of epoch  90 | time: 44.44s | valid loss  1.26 | valid ppl     3.51
-----------------------------------------------------------------------------------------
| epoch  91 |   200/  593 batches | lr 0.08 | ms/batch 65.78 | loss  1.38 | ppl     3.97
| epoch  91 |   400/  593 batches | lr 0.08 | ms/batch 65.32 | loss  1.37 | ppl     3.94
-----------------------------------------------------------------------------------------
| end of epoch  91 | time: 44.42s | valid loss  1.26 | valid ppl     3.51
-----------------------------------------------------------------------------------------
| epoch  92 |   200/  593 batches | lr 0.08 | ms/batch 65.74 | loss  1.38 | ppl     3.98
| epoch  92 |   400/  593 batches | lr 0.08 | ms/batch 65.36 | loss  1.37 | ppl     3.94
-----------------------------------------------------------------------------------------
| end of epoch  92 | time: 44.40s | valid loss  1.26 | valid ppl     3.51
-----------------------------------------------------------------------------------------
| epoch  93 |   200/  593 batches | lr 0.02 | ms/batch 65.81 | loss  1.38 | ppl     3.97
| epoch  93 |   400/  593 batches | lr 0.02 | ms/batch 65.53 | loss  1.37 | ppl     3.93
-----------------------------------------------------------------------------------------
| end of epoch  93 | time: 44.48s | valid loss  1.26 | valid ppl     3.51
-----------------------------------------------------------------------------------------
| epoch  94 |   200/  593 batches | lr 0.02 | ms/batch 65.82 | loss  1.38 | ppl     3.97
| epoch  94 |   400/  593 batches | lr 0.02 | ms/batch 65.37 | loss  1.37 | ppl     3.93
-----------------------------------------------------------------------------------------
| end of epoch  94 | time: 44.44s | valid loss  1.26 | valid ppl     3.51
-----------------------------------------------------------------------------------------
| epoch  95 |   200/  593 batches | lr 0.02 | ms/batch 65.74 | loss  1.38 | ppl     3.98
| epoch  95 |   400/  593 batches | lr 0.02 | ms/batch 65.41 | loss  1.37 | ppl     3.93
-----------------------------------------------------------------------------------------
| end of epoch  95 | time: 44.43s | valid loss  1.26 | valid ppl     3.51
-----------------------------------------------------------------------------------------
| epoch  96 |   200/  593 batches | lr 0.02 | ms/batch 65.80 | loss  1.38 | ppl     3.97
| epoch  96 |   400/  593 batches | lr 0.02 | ms/batch 65.44 | loss  1.37 | ppl     3.93
-----------------------------------------------------------------------------------------
| end of epoch  96 | time: 44.43s | valid loss  1.26 | valid ppl     3.51
-----------------------------------------------------------------------------------------
| epoch  97 |   200/  593 batches | lr 0.02 | ms/batch 65.79 | loss  1.38 | ppl     3.98
| epoch  97 |   400/  593 batches | lr 0.02 | ms/batch 65.56 | loss  1.37 | ppl     3.93
-----------------------------------------------------------------------------------------
| end of epoch  97 | time: 44.45s | valid loss  1.26 | valid ppl     3.51
-----------------------------------------------------------------------------------------
| epoch  98 |   200/  593 batches | lr 0.02 | ms/batch 65.84 | loss  1.38 | ppl     3.98
| epoch  98 |   400/  593 batches | lr 0.02 | ms/batch 65.41 | loss  1.37 | ppl     3.93
-----------------------------------------------------------------------------------------
| end of epoch  98 | time: 44.44s | valid loss  1.26 | valid ppl     3.51
-----------------------------------------------------------------------------------------
| epoch  99 |   200/  593 batches | lr 0.02 | ms/batch 65.75 | loss  1.38 | ppl     3.98
| epoch  99 |   400/  593 batches | lr 0.02 | ms/batch 65.52 | loss  1.37 | ppl     3.93
-----------------------------------------------------------------------------------------
| end of epoch  99 | time: 44.47s | valid loss  1.26 | valid ppl     3.51
-----------------------------------------------------------------------------------------
| epoch 100 |   200/  593 batches | lr 0.02 | ms/batch 65.80 | loss  1.38 | ppl     3.97
| epoch 100 |   400/  593 batches | lr 0.02 | ms/batch 65.40 | loss  1.37 | ppl     3.93
-----------------------------------------------------------------------------------------
| end of epoch 100 | time: 44.42s | valid loss  1.26 | valid ppl     3.51
-----------------------------------------------------------------------------------------
=========================================================================================
| End of training | test loss  1.26 | test ppl     3.52
=========================================================================================
| Generated 0/1000 words
| Generated 100/1000 words
| Generated 200/1000 words
| Generated 300/1000 words
| Generated 400/1000 words
| Generated 500/1000 words
| Generated 600/1000 words
| Generated 700/1000 words
| Generated 800/1000 words
| Generated 900/1000 words
