-----------------------------------------------------------------------------------------
| end of epoch   1 | time:  2.08s | valid loss  4.05 | valid ppl    57.58
-----------------------------------------------------------------------------------------
-----------------------------------------------------------------------------------------
| end of epoch   2 | time:  1.90s | valid loss  4.49 | valid ppl    88.90
-----------------------------------------------------------------------------------------
-----------------------------------------------------------------------------------------
| end of epoch   3 | time:  1.90s | valid loss  3.39 | valid ppl    29.64
-----------------------------------------------------------------------------------------
-----------------------------------------------------------------------------------------
| end of epoch   4 | time:  1.91s | valid loss  3.01 | valid ppl    20.22
-----------------------------------------------------------------------------------------
-----------------------------------------------------------------------------------------
| end of epoch   5 | time:  1.91s | valid loss  2.79 | valid ppl    16.28
-----------------------------------------------------------------------------------------
-----------------------------------------------------------------------------------------
| end of epoch   6 | time:  1.91s | valid loss  2.65 | valid ppl    14.15
-----------------------------------------------------------------------------------------
-----------------------------------------------------------------------------------------
| end of epoch   7 | time:  1.91s | valid loss  2.62 | valid ppl    13.69
-----------------------------------------------------------------------------------------
-----------------------------------------------------------------------------------------
| end of epoch   8 | time:  1.91s | valid loss  2.51 | valid ppl    12.29
-----------------------------------------------------------------------------------------
-----------------------------------------------------------------------------------------
| end of epoch   9 | time:  1.91s | valid loss  2.43 | valid ppl    11.38
-----------------------------------------------------------------------------------------
-----------------------------------------------------------------------------------------
| end of epoch  10 | time:  1.91s | valid loss  2.40 | valid ppl    11.01
-----------------------------------------------------------------------------------------
-----------------------------------------------------------------------------------------
| end of epoch  11 | time:  1.90s | valid loss  2.33 | valid ppl    10.24
-----------------------------------------------------------------------------------------
-----------------------------------------------------------------------------------------
| end of epoch  12 | time:  1.91s | valid loss  2.29 | valid ppl     9.86
-----------------------------------------------------------------------------------------
-----------------------------------------------------------------------------------------
| end of epoch  13 | time:  1.91s | valid loss  2.25 | valid ppl     9.52
-----------------------------------------------------------------------------------------
-----------------------------------------------------------------------------------------
| end of epoch  14 | time:  1.90s | valid loss  2.21 | valid ppl     9.11
-----------------------------------------------------------------------------------------
-----------------------------------------------------------------------------------------
| end of epoch  15 | time:  1.90s | valid loss  2.17 | valid ppl     8.73
-----------------------------------------------------------------------------------------
-----------------------------------------------------------------------------------------
| end of epoch  16 | time:  1.90s | valid loss  2.13 | valid ppl     8.45
-----------------------------------------------------------------------------------------
-----------------------------------------------------------------------------------------
| end of epoch  17 | time:  1.91s | valid loss  2.14 | valid ppl     8.47
-----------------------------------------------------------------------------------------
-----------------------------------------------------------------------------------------
| end of epoch  18 | time:  1.91s | valid loss  2.05 | valid ppl     7.74
-----------------------------------------------------------------------------------------
-----------------------------------------------------------------------------------------
| end of epoch  19 | time:  1.91s | valid loss  2.04 | valid ppl     7.66
-----------------------------------------------------------------------------------------
-----------------------------------------------------------------------------------------
| end of epoch  20 | time:  1.91s | valid loss  2.03 | valid ppl     7.60
-----------------------------------------------------------------------------------------
-----------------------------------------------------------------------------------------
| end of epoch  21 | time:  1.91s | valid loss  2.02 | valid ppl     7.54
-----------------------------------------------------------------------------------------
-----------------------------------------------------------------------------------------
| end of epoch  22 | time:  1.91s | valid loss  2.01 | valid ppl     7.48
-----------------------------------------------------------------------------------------
-----------------------------------------------------------------------------------------
| end of epoch  23 | time:  1.90s | valid loss  2.01 | valid ppl     7.43
-----------------------------------------------------------------------------------------
-----------------------------------------------------------------------------------------
| end of epoch  24 | time:  1.91s | valid loss  2.00 | valid ppl     7.37
-----------------------------------------------------------------------------------------
-----------------------------------------------------------------------------------------
| end of epoch  25 | time:  1.91s | valid loss  1.99 | valid ppl     7.33
-----------------------------------------------------------------------------------------
-----------------------------------------------------------------------------------------
| end of epoch  26 | time:  1.91s | valid loss  1.98 | valid ppl     7.27
-----------------------------------------------------------------------------------------
-----------------------------------------------------------------------------------------
| end of epoch  27 | time:  1.90s | valid loss  1.98 | valid ppl     7.23
-----------------------------------------------------------------------------------------
-----------------------------------------------------------------------------------------
| end of epoch  28 | time:  1.91s | valid loss  1.97 | valid ppl     7.18
-----------------------------------------------------------------------------------------
-----------------------------------------------------------------------------------------
| end of epoch  29 | time:  1.91s | valid loss  1.97 | valid ppl     7.14
-----------------------------------------------------------------------------------------
-----------------------------------------------------------------------------------------
| end of epoch  30 | time:  1.90s | valid loss  1.96 | valid ppl     7.10
-----------------------------------------------------------------------------------------
-----------------------------------------------------------------------------------------
| end of epoch  31 | time:  1.91s | valid loss  1.95 | valid ppl     7.06
-----------------------------------------------------------------------------------------
-----------------------------------------------------------------------------------------
| end of epoch  32 | time:  1.91s | valid loss  1.95 | valid ppl     7.01
-----------------------------------------------------------------------------------------
-----------------------------------------------------------------------------------------
| end of epoch  33 | time:  1.91s | valid loss  1.94 | valid ppl     6.98
-----------------------------------------------------------------------------------------
-----------------------------------------------------------------------------------------
| end of epoch  34 | time:  1.91s | valid loss  1.94 | valid ppl     6.95
-----------------------------------------------------------------------------------------
-----------------------------------------------------------------------------------------
| end of epoch  35 | time:  1.90s | valid loss  1.93 | valid ppl     6.91
-----------------------------------------------------------------------------------------
-----------------------------------------------------------------------------------------
| end of epoch  36 | time:  1.90s | valid loss  1.93 | valid ppl     6.87
-----------------------------------------------------------------------------------------
-----------------------------------------------------------------------------------------
| end of epoch  37 | time:  1.90s | valid loss  1.92 | valid ppl     6.84
-----------------------------------------------------------------------------------------
-----------------------------------------------------------------------------------------
| end of epoch  38 | time:  1.91s | valid loss  1.92 | valid ppl     6.81
-----------------------------------------------------------------------------------------
-----------------------------------------------------------------------------------------
| end of epoch  39 | time:  1.91s | valid loss  1.91 | valid ppl     6.78
-----------------------------------------------------------------------------------------
-----------------------------------------------------------------------------------------
| end of epoch  40 | time:  1.91s | valid loss  1.91 | valid ppl     6.74
-----------------------------------------------------------------------------------------
-----------------------------------------------------------------------------------------
| end of epoch  41 | time:  1.91s | valid loss  1.90 | valid ppl     6.71
-----------------------------------------------------------------------------------------
-----------------------------------------------------------------------------------------
| end of epoch  42 | time:  1.91s | valid loss  1.90 | valid ppl     6.68
-----------------------------------------------------------------------------------------
-----------------------------------------------------------------------------------------
| end of epoch  43 | time:  1.90s | valid loss  1.89 | valid ppl     6.65
-----------------------------------------------------------------------------------------
-----------------------------------------------------------------------------------------
| end of epoch  44 | time:  1.90s | valid loss  1.89 | valid ppl     6.62
-----------------------------------------------------------------------------------------
-----------------------------------------------------------------------------------------
| end of epoch  45 | time:  1.91s | valid loss  1.89 | valid ppl     6.60
-----------------------------------------------------------------------------------------
-----------------------------------------------------------------------------------------
| end of epoch  46 | time:  1.91s | valid loss  1.88 | valid ppl     6.57
-----------------------------------------------------------------------------------------
-----------------------------------------------------------------------------------------
| end of epoch  47 | time:  1.91s | valid loss  1.88 | valid ppl     6.53
-----------------------------------------------------------------------------------------
-----------------------------------------------------------------------------------------
| end of epoch  48 | time:  1.91s | valid loss  1.87 | valid ppl     6.52
-----------------------------------------------------------------------------------------
-----------------------------------------------------------------------------------------
| end of epoch  49 | time:  1.91s | valid loss  1.87 | valid ppl     6.49
-----------------------------------------------------------------------------------------
-----------------------------------------------------------------------------------------
| end of epoch  50 | time:  1.90s | valid loss  1.87 | valid ppl     6.46
-----------------------------------------------------------------------------------------
-----------------------------------------------------------------------------------------
| end of epoch  51 | time:  1.90s | valid loss  1.86 | valid ppl     6.44
-----------------------------------------------------------------------------------------
-----------------------------------------------------------------------------------------
| end of epoch  52 | time:  1.91s | valid loss  1.86 | valid ppl     6.42
-----------------------------------------------------------------------------------------
-----------------------------------------------------------------------------------------
| end of epoch  53 | time:  1.91s | valid loss  1.85 | valid ppl     6.39
-----------------------------------------------------------------------------------------
-----------------------------------------------------------------------------------------
| end of epoch  54 | time:  1.91s | valid loss  1.85 | valid ppl     6.37
-----------------------------------------------------------------------------------------
-----------------------------------------------------------------------------------------
| end of epoch  55 | time:  1.90s | valid loss  1.85 | valid ppl     6.34
-----------------------------------------------------------------------------------------
-----------------------------------------------------------------------------------------
| end of epoch  56 | time:  1.91s | valid loss  1.84 | valid ppl     6.32
-----------------------------------------------------------------------------------------
-----------------------------------------------------------------------------------------
| end of epoch  57 | time:  1.91s | valid loss  1.84 | valid ppl     6.30
-----------------------------------------------------------------------------------------
-----------------------------------------------------------------------------------------
| end of epoch  58 | time:  1.91s | valid loss  1.84 | valid ppl     6.28
-----------------------------------------------------------------------------------------
-----------------------------------------------------------------------------------------
| end of epoch  59 | time:  1.91s | valid loss  1.83 | valid ppl     6.26
-----------------------------------------------------------------------------------------
-----------------------------------------------------------------------------------------
| end of epoch  60 | time:  1.91s | valid loss  1.83 | valid ppl     6.24
-----------------------------------------------------------------------------------------
-----------------------------------------------------------------------------------------
| end of epoch  61 | time:  1.90s | valid loss  1.83 | valid ppl     6.22
-----------------------------------------------------------------------------------------
-----------------------------------------------------------------------------------------
| end of epoch  62 | time:  1.90s | valid loss  1.82 | valid ppl     6.20
-----------------------------------------------------------------------------------------
-----------------------------------------------------------------------------------------
| end of epoch  63 | time:  1.91s | valid loss  1.82 | valid ppl     6.18
-----------------------------------------------------------------------------------------
-----------------------------------------------------------------------------------------
| end of epoch  64 | time:  1.91s | valid loss  1.82 | valid ppl     6.17
-----------------------------------------------------------------------------------------
-----------------------------------------------------------------------------------------
| end of epoch  65 | time:  1.90s | valid loss  1.82 | valid ppl     6.15
-----------------------------------------------------------------------------------------
-----------------------------------------------------------------------------------------
| end of epoch  66 | time:  1.91s | valid loss  1.81 | valid ppl     6.13
-----------------------------------------------------------------------------------------
-----------------------------------------------------------------------------------------
| end of epoch  67 | time:  1.91s | valid loss  1.81 | valid ppl     6.11
-----------------------------------------------------------------------------------------
-----------------------------------------------------------------------------------------
| end of epoch  68 | time:  1.91s | valid loss  1.81 | valid ppl     6.09
-----------------------------------------------------------------------------------------
-----------------------------------------------------------------------------------------
| end of epoch  69 | time:  1.91s | valid loss  1.80 | valid ppl     6.07
-----------------------------------------------------------------------------------------
-----------------------------------------------------------------------------------------
| end of epoch  70 | time:  1.91s | valid loss  1.80 | valid ppl     6.06
-----------------------------------------------------------------------------------------
-----------------------------------------------------------------------------------------
| end of epoch  71 | time:  1.91s | valid loss  1.80 | valid ppl     6.04
-----------------------------------------------------------------------------------------
-----------------------------------------------------------------------------------------
| end of epoch  72 | time:  1.91s | valid loss  1.80 | valid ppl     6.02
-----------------------------------------------------------------------------------------
-----------------------------------------------------------------------------------------
| end of epoch  73 | time:  1.91s | valid loss  1.79 | valid ppl     6.01
-----------------------------------------------------------------------------------------
-----------------------------------------------------------------------------------------
| end of epoch  74 | time:  1.91s | valid loss  1.79 | valid ppl     5.99
-----------------------------------------------------------------------------------------
-----------------------------------------------------------------------------------------
| end of epoch  75 | time:  1.91s | valid loss  1.79 | valid ppl     5.98
-----------------------------------------------------------------------------------------
-----------------------------------------------------------------------------------------
| end of epoch  76 | time:  1.91s | valid loss  1.78 | valid ppl     5.96
-----------------------------------------------------------------------------------------
-----------------------------------------------------------------------------------------
| end of epoch  77 | time:  1.91s | valid loss  1.78 | valid ppl     5.94
-----------------------------------------------------------------------------------------
-----------------------------------------------------------------------------------------
| end of epoch  78 | time:  1.91s | valid loss  1.78 | valid ppl     5.94
-----------------------------------------------------------------------------------------
-----------------------------------------------------------------------------------------
| end of epoch  79 | time:  1.91s | valid loss  1.78 | valid ppl     5.92
-----------------------------------------------------------------------------------------
-----------------------------------------------------------------------------------------
| end of epoch  80 | time:  1.91s | valid loss  1.78 | valid ppl     5.90
-----------------------------------------------------------------------------------------
-----------------------------------------------------------------------------------------
| end of epoch  81 | time:  1.91s | valid loss  1.77 | valid ppl     5.89
-----------------------------------------------------------------------------------------
-----------------------------------------------------------------------------------------
| end of epoch  82 | time:  1.91s | valid loss  1.77 | valid ppl     5.88
-----------------------------------------------------------------------------------------
-----------------------------------------------------------------------------------------
| end of epoch  83 | time:  1.91s | valid loss  1.77 | valid ppl     5.86
-----------------------------------------------------------------------------------------
-----------------------------------------------------------------------------------------
| end of epoch  84 | time:  1.91s | valid loss  1.77 | valid ppl     5.85
-----------------------------------------------------------------------------------------
-----------------------------------------------------------------------------------------
| end of epoch  85 | time:  1.90s | valid loss  1.76 | valid ppl     5.84
-----------------------------------------------------------------------------------------
-----------------------------------------------------------------------------------------
| end of epoch  86 | time:  1.90s | valid loss  1.76 | valid ppl     5.82
-----------------------------------------------------------------------------------------
-----------------------------------------------------------------------------------------
| end of epoch  87 | time:  1.91s | valid loss  1.76 | valid ppl     5.81
-----------------------------------------------------------------------------------------
-----------------------------------------------------------------------------------------
| end of epoch  88 | time:  1.91s | valid loss  1.76 | valid ppl     5.80
-----------------------------------------------------------------------------------------
-----------------------------------------------------------------------------------------
| end of epoch  89 | time:  1.91s | valid loss  1.76 | valid ppl     5.79
-----------------------------------------------------------------------------------------
-----------------------------------------------------------------------------------------
| end of epoch  90 | time:  1.91s | valid loss  1.75 | valid ppl     5.77
-----------------------------------------------------------------------------------------
-----------------------------------------------------------------------------------------
| end of epoch  91 | time:  1.91s | valid loss  1.75 | valid ppl     5.77
-----------------------------------------------------------------------------------------
-----------------------------------------------------------------------------------------
| end of epoch  92 | time:  1.91s | valid loss  1.75 | valid ppl     5.75
-----------------------------------------------------------------------------------------
-----------------------------------------------------------------------------------------
| end of epoch  93 | time:  1.91s | valid loss  1.75 | valid ppl     5.74
-----------------------------------------------------------------------------------------
-----------------------------------------------------------------------------------------
| end of epoch  94 | time:  1.91s | valid loss  1.75 | valid ppl     5.73
-----------------------------------------------------------------------------------------
-----------------------------------------------------------------------------------------
| end of epoch  95 | time:  1.91s | valid loss  1.74 | valid ppl     5.73
-----------------------------------------------------------------------------------------
-----------------------------------------------------------------------------------------
| end of epoch  96 | time:  1.91s | valid loss  1.74 | valid ppl     5.71
-----------------------------------------------------------------------------------------
-----------------------------------------------------------------------------------------
| end of epoch  97 | time:  1.91s | valid loss  1.74 | valid ppl     5.70
-----------------------------------------------------------------------------------------
-----------------------------------------------------------------------------------------
| end of epoch  98 | time:  1.91s | valid loss  1.74 | valid ppl     5.69
-----------------------------------------------------------------------------------------
-----------------------------------------------------------------------------------------
| end of epoch  99 | time:  1.91s | valid loss  1.74 | valid ppl     5.68
-----------------------------------------------------------------------------------------
-----------------------------------------------------------------------------------------
| end of epoch 100 | time:  1.91s | valid loss  1.74 | valid ppl     5.67
-----------------------------------------------------------------------------------------
-----------------------------------------------------------------------------------------
| end of epoch 101 | time:  1.91s | valid loss  1.73 | valid ppl     5.67
-----------------------------------------------------------------------------------------
-----------------------------------------------------------------------------------------
| end of epoch 102 | time:  1.91s | valid loss  1.73 | valid ppl     5.65
-----------------------------------------------------------------------------------------
-----------------------------------------------------------------------------------------
| end of epoch 103 | time:  1.91s | valid loss  1.73 | valid ppl     5.64
-----------------------------------------------------------------------------------------
-----------------------------------------------------------------------------------------
| end of epoch 104 | time:  1.91s | valid loss  1.73 | valid ppl     5.64
-----------------------------------------------------------------------------------------
-----------------------------------------------------------------------------------------
| end of epoch 105 | time:  1.91s | valid loss  1.73 | valid ppl     5.63
-----------------------------------------------------------------------------------------
-----------------------------------------------------------------------------------------
| end of epoch 106 | time:  1.91s | valid loss  1.73 | valid ppl     5.62
-----------------------------------------------------------------------------------------
-----------------------------------------------------------------------------------------
| end of epoch 107 | time:  1.91s | valid loss  1.72 | valid ppl     5.60
-----------------------------------------------------------------------------------------
-----------------------------------------------------------------------------------------
| end of epoch 108 | time:  1.91s | valid loss  1.72 | valid ppl     5.60
-----------------------------------------------------------------------------------------
-----------------------------------------------------------------------------------------
| end of epoch 109 | time:  1.91s | valid loss  1.72 | valid ppl     5.59
-----------------------------------------------------------------------------------------
-----------------------------------------------------------------------------------------
| end of epoch 110 | time:  1.91s | valid loss  1.72 | valid ppl     5.58
-----------------------------------------------------------------------------------------
-----------------------------------------------------------------------------------------
| end of epoch 111 | time:  1.90s | valid loss  1.72 | valid ppl     5.57
-----------------------------------------------------------------------------------------
-----------------------------------------------------------------------------------------
| end of epoch 112 | time:  1.90s | valid loss  1.72 | valid ppl     5.57
-----------------------------------------------------------------------------------------
-----------------------------------------------------------------------------------------
| end of epoch 113 | time:  1.91s | valid loss  1.71 | valid ppl     5.53
-----------------------------------------------------------------------------------------
-----------------------------------------------------------------------------------------
| end of epoch 114 | time:  1.90s | valid loss  1.71 | valid ppl     5.53
-----------------------------------------------------------------------------------------
-----------------------------------------------------------------------------------------
| end of epoch 115 | time:  1.91s | valid loss  1.71 | valid ppl     5.52
-----------------------------------------------------------------------------------------
-----------------------------------------------------------------------------------------
| end of epoch 116 | time:  1.91s | valid loss  1.71 | valid ppl     5.52
-----------------------------------------------------------------------------------------
-----------------------------------------------------------------------------------------
| end of epoch 117 | time:  1.91s | valid loss  1.71 | valid ppl     5.52
-----------------------------------------------------------------------------------------
-----------------------------------------------------------------------------------------
| end of epoch 118 | time:  1.92s | valid loss  1.71 | valid ppl     5.52
-----------------------------------------------------------------------------------------
-----------------------------------------------------------------------------------------
| end of epoch 119 | time:  1.91s | valid loss  1.71 | valid ppl     5.51
-----------------------------------------------------------------------------------------
-----------------------------------------------------------------------------------------
| end of epoch 120 | time:  1.90s | valid loss  1.71 | valid ppl     5.51
-----------------------------------------------------------------------------------------
-----------------------------------------------------------------------------------------
| end of epoch 121 | time:  1.90s | valid loss  1.71 | valid ppl     5.51
-----------------------------------------------------------------------------------------
-----------------------------------------------------------------------------------------
| end of epoch 122 | time:  1.91s | valid loss  1.71 | valid ppl     5.51
-----------------------------------------------------------------------------------------
-----------------------------------------------------------------------------------------
| end of epoch 123 | time:  1.91s | valid loss  1.71 | valid ppl     5.51
-----------------------------------------------------------------------------------------
-----------------------------------------------------------------------------------------
| end of epoch 124 | time:  1.91s | valid loss  1.71 | valid ppl     5.51
-----------------------------------------------------------------------------------------
-----------------------------------------------------------------------------------------
| end of epoch 125 | time:  1.91s | valid loss  1.71 | valid ppl     5.50
-----------------------------------------------------------------------------------------
-----------------------------------------------------------------------------------------
| end of epoch 126 | time:  1.91s | valid loss  1.70 | valid ppl     5.50
-----------------------------------------------------------------------------------------
-----------------------------------------------------------------------------------------
| end of epoch 127 | time:  1.90s | valid loss  1.70 | valid ppl     5.50
-----------------------------------------------------------------------------------------
-----------------------------------------------------------------------------------------
| end of epoch 128 | time:  1.91s | valid loss  1.70 | valid ppl     5.50
-----------------------------------------------------------------------------------------
-----------------------------------------------------------------------------------------
| end of epoch 129 | time:  1.91s | valid loss  1.70 | valid ppl     5.49
-----------------------------------------------------------------------------------------
-----------------------------------------------------------------------------------------
| end of epoch 130 | time:  1.91s | valid loss  1.70 | valid ppl     5.49
-----------------------------------------------------------------------------------------
-----------------------------------------------------------------------------------------
| end of epoch 131 | time:  1.91s | valid loss  1.70 | valid ppl     5.49
-----------------------------------------------------------------------------------------
-----------------------------------------------------------------------------------------
| end of epoch 132 | time:  1.92s | valid loss  1.70 | valid ppl     5.49
-----------------------------------------------------------------------------------------
-----------------------------------------------------------------------------------------
| end of epoch 133 | time:  1.91s | valid loss  1.70 | valid ppl     5.49
-----------------------------------------------------------------------------------------
-----------------------------------------------------------------------------------------
| end of epoch 134 | time:  1.91s | valid loss  1.70 | valid ppl     5.49
-----------------------------------------------------------------------------------------
-----------------------------------------------------------------------------------------
| end of epoch 135 | time:  1.91s | valid loss  1.70 | valid ppl     5.48
-----------------------------------------------------------------------------------------
-----------------------------------------------------------------------------------------
| end of epoch 136 | time:  1.91s | valid loss  1.70 | valid ppl     5.48
-----------------------------------------------------------------------------------------
-----------------------------------------------------------------------------------------
| end of epoch 137 | time:  1.91s | valid loss  1.70 | valid ppl     5.48
-----------------------------------------------------------------------------------------
-----------------------------------------------------------------------------------------
| end of epoch 138 | time:  1.91s | valid loss  1.70 | valid ppl     5.48
-----------------------------------------------------------------------------------------
-----------------------------------------------------------------------------------------
| end of epoch 139 | time:  1.91s | valid loss  1.70 | valid ppl     5.48
-----------------------------------------------------------------------------------------
-----------------------------------------------------------------------------------------
| end of epoch 140 | time:  1.91s | valid loss  1.70 | valid ppl     5.47
-----------------------------------------------------------------------------------------
-----------------------------------------------------------------------------------------
| end of epoch 141 | time:  1.92s | valid loss  1.70 | valid ppl     5.47
-----------------------------------------------------------------------------------------
-----------------------------------------------------------------------------------------
| end of epoch 142 | time:  1.91s | valid loss  1.70 | valid ppl     5.47
-----------------------------------------------------------------------------------------
-----------------------------------------------------------------------------------------
| end of epoch 143 | time:  1.91s | valid loss  1.70 | valid ppl     5.47
-----------------------------------------------------------------------------------------
-----------------------------------------------------------------------------------------
| end of epoch 144 | time:  1.91s | valid loss  1.70 | valid ppl     5.47
-----------------------------------------------------------------------------------------
-----------------------------------------------------------------------------------------
| end of epoch 145 | time:  1.91s | valid loss  1.70 | valid ppl     5.46
-----------------------------------------------------------------------------------------
-----------------------------------------------------------------------------------------
| end of epoch 146 | time:  1.91s | valid loss  1.70 | valid ppl     5.46
-----------------------------------------------------------------------------------------
-----------------------------------------------------------------------------------------
| end of epoch 147 | time:  1.92s | valid loss  1.70 | valid ppl     5.46
-----------------------------------------------------------------------------------------
-----------------------------------------------------------------------------------------
| end of epoch 148 | time:  1.91s | valid loss  1.70 | valid ppl     5.46
-----------------------------------------------------------------------------------------
-----------------------------------------------------------------------------------------
| end of epoch 149 | time:  1.91s | valid loss  1.70 | valid ppl     5.46
-----------------------------------------------------------------------------------------
-----------------------------------------------------------------------------------------
| end of epoch 150 | time:  1.91s | valid loss  1.70 | valid ppl     5.46
-----------------------------------------------------------------------------------------
-----------------------------------------------------------------------------------------
| end of epoch 151 | time:  1.91s | valid loss  1.70 | valid ppl     5.45
-----------------------------------------------------------------------------------------
-----------------------------------------------------------------------------------------
| end of epoch 152 | time:  1.91s | valid loss  1.70 | valid ppl     5.45
-----------------------------------------------------------------------------------------
-----------------------------------------------------------------------------------------
| end of epoch 153 | time:  1.91s | valid loss  1.70 | valid ppl     5.45
-----------------------------------------------------------------------------------------
-----------------------------------------------------------------------------------------
| end of epoch 154 | time:  1.91s | valid loss  1.70 | valid ppl     5.45
-----------------------------------------------------------------------------------------
-----------------------------------------------------------------------------------------
| end of epoch 155 | time:  1.90s | valid loss  1.70 | valid ppl     5.45
-----------------------------------------------------------------------------------------
-----------------------------------------------------------------------------------------
| end of epoch 156 | time:  1.91s | valid loss  1.69 | valid ppl     5.45
-----------------------------------------------------------------------------------------
-----------------------------------------------------------------------------------------
| end of epoch 157 | time:  1.91s | valid loss  1.69 | valid ppl     5.44
-----------------------------------------------------------------------------------------
-----------------------------------------------------------------------------------------
| end of epoch 158 | time:  1.91s | valid loss  1.69 | valid ppl     5.44
-----------------------------------------------------------------------------------------
-----------------------------------------------------------------------------------------
| end of epoch 159 | time:  1.91s | valid loss  1.69 | valid ppl     5.44
-----------------------------------------------------------------------------------------
-----------------------------------------------------------------------------------------
| end of epoch 160 | time:  1.91s | valid loss  1.69 | valid ppl     5.44
-----------------------------------------------------------------------------------------
-----------------------------------------------------------------------------------------
| end of epoch 161 | time:  1.90s | valid loss  1.69 | valid ppl     5.44
-----------------------------------------------------------------------------------------
-----------------------------------------------------------------------------------------
| end of epoch 162 | time:  1.91s | valid loss  1.69 | valid ppl     5.44
-----------------------------------------------------------------------------------------
-----------------------------------------------------------------------------------------
| end of epoch 163 | time:  1.91s | valid loss  1.69 | valid ppl     5.43
-----------------------------------------------------------------------------------------
-----------------------------------------------------------------------------------------
| end of epoch 164 | time:  1.91s | valid loss  1.69 | valid ppl     5.43
-----------------------------------------------------------------------------------------
-----------------------------------------------------------------------------------------
| end of epoch 165 | time:  1.91s | valid loss  1.69 | valid ppl     5.43
-----------------------------------------------------------------------------------------
-----------------------------------------------------------------------------------------
| end of epoch 166 | time:  1.91s | valid loss  1.69 | valid ppl     5.43
-----------------------------------------------------------------------------------------
-----------------------------------------------------------------------------------------
| end of epoch 167 | time:  1.91s | valid loss  1.69 | valid ppl     5.43
-----------------------------------------------------------------------------------------
-----------------------------------------------------------------------------------------
| end of epoch 168 | time:  1.91s | valid loss  1.69 | valid ppl     5.43
-----------------------------------------------------------------------------------------
-----------------------------------------------------------------------------------------
| end of epoch 169 | time:  1.91s | valid loss  1.69 | valid ppl     5.42
-----------------------------------------------------------------------------------------
-----------------------------------------------------------------------------------------
| end of epoch 170 | time:  1.91s | valid loss  1.69 | valid ppl     5.42
-----------------------------------------------------------------------------------------
-----------------------------------------------------------------------------------------
| end of epoch 171 | time:  1.91s | valid loss  1.69 | valid ppl     5.42
-----------------------------------------------------------------------------------------
-----------------------------------------------------------------------------------------
| end of epoch 172 | time:  1.91s | valid loss  1.69 | valid ppl     5.42
-----------------------------------------------------------------------------------------
-----------------------------------------------------------------------------------------
| end of epoch 173 | time:  1.91s | valid loss  1.69 | valid ppl     5.42
-----------------------------------------------------------------------------------------
-----------------------------------------------------------------------------------------
| end of epoch 174 | time:  1.91s | valid loss  1.69 | valid ppl     5.42
-----------------------------------------------------------------------------------------
-----------------------------------------------------------------------------------------
| end of epoch 175 | time:  1.90s | valid loss  1.69 | valid ppl     5.41
-----------------------------------------------------------------------------------------
-----------------------------------------------------------------------------------------
| end of epoch 176 | time:  1.91s | valid loss  1.69 | valid ppl     5.41
-----------------------------------------------------------------------------------------
-----------------------------------------------------------------------------------------
| end of epoch 177 | time:  1.91s | valid loss  1.69 | valid ppl     5.41
-----------------------------------------------------------------------------------------
-----------------------------------------------------------------------------------------
| end of epoch 178 | time:  1.90s | valid loss  1.69 | valid ppl     5.41
-----------------------------------------------------------------------------------------
-----------------------------------------------------------------------------------------
| end of epoch 179 | time:  1.91s | valid loss  1.69 | valid ppl     5.41
-----------------------------------------------------------------------------------------
-----------------------------------------------------------------------------------------
| end of epoch 180 | time:  1.91s | valid loss  1.69 | valid ppl     5.41
-----------------------------------------------------------------------------------------
-----------------------------------------------------------------------------------------
| end of epoch 181 | time:  1.91s | valid loss  1.69 | valid ppl     5.40
-----------------------------------------------------------------------------------------
-----------------------------------------------------------------------------------------
| end of epoch 182 | time:  1.91s | valid loss  1.69 | valid ppl     5.40
-----------------------------------------------------------------------------------------
-----------------------------------------------------------------------------------------
| end of epoch 183 | time:  1.91s | valid loss  1.69 | valid ppl     5.40
-----------------------------------------------------------------------------------------
-----------------------------------------------------------------------------------------
| end of epoch 184 | time:  1.91s | valid loss  1.69 | valid ppl     5.40
-----------------------------------------------------------------------------------------
-----------------------------------------------------------------------------------------
| end of epoch 185 | time:  1.91s | valid loss  1.69 | valid ppl     5.40
-----------------------------------------------------------------------------------------
-----------------------------------------------------------------------------------------
| end of epoch 186 | time:  1.91s | valid loss  1.69 | valid ppl     5.40
-----------------------------------------------------------------------------------------
-----------------------------------------------------------------------------------------
| end of epoch 187 | time:  1.91s | valid loss  1.69 | valid ppl     5.40
-----------------------------------------------------------------------------------------
-----------------------------------------------------------------------------------------
| end of epoch 188 | time:  1.90s | valid loss  1.69 | valid ppl     5.39
-----------------------------------------------------------------------------------------
-----------------------------------------------------------------------------------------
| end of epoch 189 | time:  1.90s | valid loss  1.68 | valid ppl     5.39
-----------------------------------------------------------------------------------------
-----------------------------------------------------------------------------------------
| end of epoch 190 | time:  1.90s | valid loss  1.68 | valid ppl     5.39
-----------------------------------------------------------------------------------------
-----------------------------------------------------------------------------------------
| end of epoch 191 | time:  1.90s | valid loss  1.68 | valid ppl     5.39
-----------------------------------------------------------------------------------------
-----------------------------------------------------------------------------------------
| end of epoch 192 | time:  1.91s | valid loss  1.68 | valid ppl     5.39
-----------------------------------------------------------------------------------------
-----------------------------------------------------------------------------------------
| end of epoch 193 | time:  1.91s | valid loss  1.68 | valid ppl     5.39
-----------------------------------------------------------------------------------------
-----------------------------------------------------------------------------------------
| end of epoch 194 | time:  1.91s | valid loss  1.68 | valid ppl     5.39
-----------------------------------------------------------------------------------------
-----------------------------------------------------------------------------------------
| end of epoch 195 | time:  1.91s | valid loss  1.68 | valid ppl     5.38
-----------------------------------------------------------------------------------------
-----------------------------------------------------------------------------------------
| end of epoch 196 | time:  1.91s | valid loss  1.68 | valid ppl     5.38
-----------------------------------------------------------------------------------------
-----------------------------------------------------------------------------------------
| end of epoch 197 | time:  1.91s | valid loss  1.68 | valid ppl     5.38
-----------------------------------------------------------------------------------------
-----------------------------------------------------------------------------------------
| end of epoch 198 | time:  1.91s | valid loss  1.68 | valid ppl     5.38
-----------------------------------------------------------------------------------------
-----------------------------------------------------------------------------------------
| end of epoch 199 | time:  1.91s | valid loss  1.68 | valid ppl     5.38
-----------------------------------------------------------------------------------------
-----------------------------------------------------------------------------------------
| end of epoch 200 | time:  1.91s | valid loss  1.68 | valid ppl     5.38
-----------------------------------------------------------------------------------------
-----------------------------------------------------------------------------------------
| end of epoch 201 | time:  1.91s | valid loss  1.68 | valid ppl     5.38
-----------------------------------------------------------------------------------------
-----------------------------------------------------------------------------------------
| end of epoch 202 | time:  1.91s | valid loss  1.68 | valid ppl     5.38
-----------------------------------------------------------------------------------------
-----------------------------------------------------------------------------------------
| end of epoch 203 | time:  1.90s | valid loss  1.68 | valid ppl     5.38
-----------------------------------------------------------------------------------------
-----------------------------------------------------------------------------------------
| end of epoch 204 | time:  1.91s | valid loss  1.68 | valid ppl     5.38
-----------------------------------------------------------------------------------------
-----------------------------------------------------------------------------------------
| end of epoch 205 | time:  1.90s | valid loss  1.68 | valid ppl     5.38
-----------------------------------------------------------------------------------------
-----------------------------------------------------------------------------------------
| end of epoch 206 | time:  1.91s | valid loss  1.68 | valid ppl     5.38
-----------------------------------------------------------------------------------------
-----------------------------------------------------------------------------------------
| end of epoch 207 | time:  1.91s | valid loss  1.68 | valid ppl     5.38
-----------------------------------------------------------------------------------------
-----------------------------------------------------------------------------------------
| end of epoch 208 | time:  1.91s | valid loss  1.68 | valid ppl     5.38
-----------------------------------------------------------------------------------------
-----------------------------------------------------------------------------------------
| end of epoch 209 | time:  1.91s | valid loss  1.68 | valid ppl     5.38
-----------------------------------------------------------------------------------------
-----------------------------------------------------------------------------------------
| end of epoch 210 | time:  1.91s | valid loss  1.68 | valid ppl     5.38
-----------------------------------------------------------------------------------------
-----------------------------------------------------------------------------------------
| end of epoch 211 | time:  1.91s | valid loss  1.68 | valid ppl     5.38
-----------------------------------------------------------------------------------------
-----------------------------------------------------------------------------------------
| end of epoch 212 | time:  1.91s | valid loss  1.68 | valid ppl     5.38
-----------------------------------------------------------------------------------------
-----------------------------------------------------------------------------------------
| end of epoch 213 | time:  1.91s | valid loss  1.68 | valid ppl     5.38
-----------------------------------------------------------------------------------------
-----------------------------------------------------------------------------------------
| end of epoch 214 | time:  1.90s | valid loss  1.68 | valid ppl     5.38
-----------------------------------------------------------------------------------------
-----------------------------------------------------------------------------------------
| end of epoch 215 | time:  1.90s | valid loss  1.68 | valid ppl     5.38
-----------------------------------------------------------------------------------------
-----------------------------------------------------------------------------------------
| end of epoch 216 | time:  1.90s | valid loss  1.68 | valid ppl     5.38
-----------------------------------------------------------------------------------------
-----------------------------------------------------------------------------------------
| end of epoch 217 | time:  1.90s | valid loss  1.68 | valid ppl     5.38
-----------------------------------------------------------------------------------------
-----------------------------------------------------------------------------------------
| end of epoch 218 | time:  1.91s | valid loss  1.68 | valid ppl     5.38
-----------------------------------------------------------------------------------------
-----------------------------------------------------------------------------------------
| end of epoch 219 | time:  1.90s | valid loss  1.68 | valid ppl     5.38
-----------------------------------------------------------------------------------------
-----------------------------------------------------------------------------------------
| end of epoch 220 | time:  1.91s | valid loss  1.68 | valid ppl     5.38
-----------------------------------------------------------------------------------------
-----------------------------------------------------------------------------------------
| end of epoch 221 | time:  1.91s | valid loss  1.68 | valid ppl     5.38
-----------------------------------------------------------------------------------------
-----------------------------------------------------------------------------------------
| end of epoch 222 | time:  1.91s | valid loss  1.68 | valid ppl     5.38
-----------------------------------------------------------------------------------------
-----------------------------------------------------------------------------------------
| end of epoch 223 | time:  1.91s | valid loss  1.68 | valid ppl     5.38
-----------------------------------------------------------------------------------------
-----------------------------------------------------------------------------------------
| end of epoch 224 | time:  1.91s | valid loss  1.68 | valid ppl     5.38
-----------------------------------------------------------------------------------------
-----------------------------------------------------------------------------------------
| end of epoch 225 | time:  1.91s | valid loss  1.68 | valid ppl     5.38
-----------------------------------------------------------------------------------------
-----------------------------------------------------------------------------------------
| end of epoch 226 | time:  1.91s | valid loss  1.68 | valid ppl     5.38
-----------------------------------------------------------------------------------------
-----------------------------------------------------------------------------------------
| end of epoch 227 | time:  1.91s | valid loss  1.68 | valid ppl     5.38
-----------------------------------------------------------------------------------------
-----------------------------------------------------------------------------------------
| end of epoch 228 | time:  1.91s | valid loss  1.68 | valid ppl     5.38
-----------------------------------------------------------------------------------------
-----------------------------------------------------------------------------------------
| end of epoch 229 | time:  1.91s | valid loss  1.68 | valid ppl     5.38
-----------------------------------------------------------------------------------------
-----------------------------------------------------------------------------------------
| end of epoch 230 | time:  1.91s | valid loss  1.68 | valid ppl     5.38
-----------------------------------------------------------------------------------------
-----------------------------------------------------------------------------------------
| end of epoch 231 | time:  1.91s | valid loss  1.68 | valid ppl     5.38
-----------------------------------------------------------------------------------------
-----------------------------------------------------------------------------------------
| end of epoch 232 | time:  1.90s | valid loss  1.68 | valid ppl     5.38
-----------------------------------------------------------------------------------------
-----------------------------------------------------------------------------------------
| end of epoch 233 | time:  1.90s | valid loss  1.68 | valid ppl     5.38
-----------------------------------------------------------------------------------------
-----------------------------------------------------------------------------------------
| end of epoch 234 | time:  1.91s | valid loss  1.68 | valid ppl     5.38
-----------------------------------------------------------------------------------------
-----------------------------------------------------------------------------------------
| end of epoch 235 | time:  1.92s | valid loss  1.68 | valid ppl     5.38
-----------------------------------------------------------------------------------------
-----------------------------------------------------------------------------------------
| end of epoch 236 | time:  1.91s | valid loss  1.68 | valid ppl     5.38
-----------------------------------------------------------------------------------------
-----------------------------------------------------------------------------------------
| end of epoch 237 | time:  1.92s | valid loss  1.68 | valid ppl     5.38
-----------------------------------------------------------------------------------------
-----------------------------------------------------------------------------------------
| end of epoch 238 | time:  1.91s | valid loss  1.68 | valid ppl     5.38
-----------------------------------------------------------------------------------------
-----------------------------------------------------------------------------------------
| end of epoch 239 | time:  1.91s | valid loss  1.68 | valid ppl     5.38
-----------------------------------------------------------------------------------------
-----------------------------------------------------------------------------------------
| end of epoch 240 | time:  1.90s | valid loss  1.68 | valid ppl     5.38
-----------------------------------------------------------------------------------------
-----------------------------------------------------------------------------------------
| end of epoch 241 | time:  1.90s | valid loss  1.68 | valid ppl     5.38
-----------------------------------------------------------------------------------------
-----------------------------------------------------------------------------------------
| end of epoch 242 | time:  1.90s | valid loss  1.68 | valid ppl     5.38
-----------------------------------------------------------------------------------------
-----------------------------------------------------------------------------------------
| end of epoch 243 | time:  1.90s | valid loss  1.68 | valid ppl     5.38
-----------------------------------------------------------------------------------------
-----------------------------------------------------------------------------------------
| end of epoch 244 | time:  1.91s | valid loss  1.68 | valid ppl     5.38
-----------------------------------------------------------------------------------------
-----------------------------------------------------------------------------------------
| end of epoch 245 | time:  1.91s | valid loss  1.68 | valid ppl     5.38
-----------------------------------------------------------------------------------------
-----------------------------------------------------------------------------------------
| end of epoch 246 | time:  1.91s | valid loss  1.68 | valid ppl     5.38
-----------------------------------------------------------------------------------------
-----------------------------------------------------------------------------------------
| end of epoch 247 | time:  1.91s | valid loss  1.68 | valid ppl     5.38
-----------------------------------------------------------------------------------------
-----------------------------------------------------------------------------------------
| end of epoch 248 | time:  1.91s | valid loss  1.68 | valid ppl     5.38
-----------------------------------------------------------------------------------------
-----------------------------------------------------------------------------------------
| end of epoch 249 | time:  1.91s | valid loss  1.68 | valid ppl     5.38
-----------------------------------------------------------------------------------------
-----------------------------------------------------------------------------------------
| end of epoch 250 | time:  1.91s | valid loss  1.68 | valid ppl     5.38
-----------------------------------------------------------------------------------------
-----------------------------------------------------------------------------------------
| end of epoch 251 | time:  1.91s | valid loss  1.68 | valid ppl     5.38
-----------------------------------------------------------------------------------------
-----------------------------------------------------------------------------------------
| end of epoch 252 | time:  1.91s | valid loss  1.68 | valid ppl     5.38
-----------------------------------------------------------------------------------------
-----------------------------------------------------------------------------------------
| end of epoch 253 | time:  1.90s | valid loss  1.68 | valid ppl     5.38
-----------------------------------------------------------------------------------------
-----------------------------------------------------------------------------------------
| end of epoch 254 | time:  1.91s | valid loss  1.68 | valid ppl     5.38
-----------------------------------------------------------------------------------------
-----------------------------------------------------------------------------------------
| end of epoch 255 | time:  1.91s | valid loss  1.68 | valid ppl     5.38
-----------------------------------------------------------------------------------------
-----------------------------------------------------------------------------------------
| end of epoch 256 | time:  1.91s | valid loss  1.68 | valid ppl     5.38
-----------------------------------------------------------------------------------------
-----------------------------------------------------------------------------------------
| end of epoch 257 | time:  1.91s | valid loss  1.68 | valid ppl     5.38
-----------------------------------------------------------------------------------------
-----------------------------------------------------------------------------------------
| end of epoch 258 | time:  1.91s | valid loss  1.68 | valid ppl     5.38
-----------------------------------------------------------------------------------------
-----------------------------------------------------------------------------------------
| end of epoch 259 | time:  1.91s | valid loss  1.68 | valid ppl     5.38
-----------------------------------------------------------------------------------------
-----------------------------------------------------------------------------------------
| end of epoch 260 | time:  1.91s | valid loss  1.68 | valid ppl     5.38
-----------------------------------------------------------------------------------------
-----------------------------------------------------------------------------------------
| end of epoch 261 | time:  1.91s | valid loss  1.68 | valid ppl     5.38
-----------------------------------------------------------------------------------------
-----------------------------------------------------------------------------------------
| end of epoch 262 | time:  1.91s | valid loss  1.68 | valid ppl     5.38
-----------------------------------------------------------------------------------------
-----------------------------------------------------------------------------------------
| end of epoch 263 | time:  1.91s | valid loss  1.68 | valid ppl     5.38
-----------------------------------------------------------------------------------------
-----------------------------------------------------------------------------------------
| end of epoch 264 | time:  1.91s | valid loss  1.68 | valid ppl     5.38
-----------------------------------------------------------------------------------------
-----------------------------------------------------------------------------------------
| end of epoch 265 | time:  1.91s | valid loss  1.68 | valid ppl     5.38
-----------------------------------------------------------------------------------------
-----------------------------------------------------------------------------------------
| end of epoch 266 | time:  1.91s | valid loss  1.68 | valid ppl     5.38
-----------------------------------------------------------------------------------------
-----------------------------------------------------------------------------------------
| end of epoch 267 | time:  1.90s | valid loss  1.68 | valid ppl     5.38
-----------------------------------------------------------------------------------------
-----------------------------------------------------------------------------------------
| end of epoch 268 | time:  1.90s | valid loss  1.68 | valid ppl     5.38
-----------------------------------------------------------------------------------------
-----------------------------------------------------------------------------------------
| end of epoch 269 | time:  1.91s | valid loss  1.68 | valid ppl     5.38
-----------------------------------------------------------------------------------------
-----------------------------------------------------------------------------------------
| end of epoch 270 | time:  1.91s | valid loss  1.68 | valid ppl     5.38
-----------------------------------------------------------------------------------------
-----------------------------------------------------------------------------------------
| end of epoch 271 | time:  1.92s | valid loss  1.68 | valid ppl     5.38
-----------------------------------------------------------------------------------------
-----------------------------------------------------------------------------------------
| end of epoch 272 | time:  1.91s | valid loss  1.68 | valid ppl     5.38
-----------------------------------------------------------------------------------------
-----------------------------------------------------------------------------------------
| end of epoch 273 | time:  1.91s | valid loss  1.68 | valid ppl     5.38
-----------------------------------------------------------------------------------------
-----------------------------------------------------------------------------------------
| end of epoch 274 | time:  1.91s | valid loss  1.68 | valid ppl     5.38
-----------------------------------------------------------------------------------------
-----------------------------------------------------------------------------------------
| end of epoch 275 | time:  1.91s | valid loss  1.68 | valid ppl     5.38
-----------------------------------------------------------------------------------------
-----------------------------------------------------------------------------------------
| end of epoch 276 | time:  1.92s | valid loss  1.68 | valid ppl     5.38
-----------------------------------------------------------------------------------------
-----------------------------------------------------------------------------------------
| end of epoch 277 | time:  1.91s | valid loss  1.68 | valid ppl     5.38
-----------------------------------------------------------------------------------------
-----------------------------------------------------------------------------------------
| end of epoch 278 | time:  1.91s | valid loss  1.68 | valid ppl     5.38
-----------------------------------------------------------------------------------------
-----------------------------------------------------------------------------------------
| end of epoch 279 | time:  1.91s | valid loss  1.68 | valid ppl     5.38
-----------------------------------------------------------------------------------------
-----------------------------------------------------------------------------------------
| end of epoch 280 | time:  1.91s | valid loss  1.68 | valid ppl     5.38
-----------------------------------------------------------------------------------------
-----------------------------------------------------------------------------------------
| end of epoch 281 | time:  1.91s | valid loss  1.68 | valid ppl     5.38
-----------------------------------------------------------------------------------------
-----------------------------------------------------------------------------------------
| end of epoch 282 | time:  1.91s | valid loss  1.68 | valid ppl     5.38
-----------------------------------------------------------------------------------------
-----------------------------------------------------------------------------------------
| end of epoch 283 | time:  1.91s | valid loss  1.68 | valid ppl     5.38
-----------------------------------------------------------------------------------------
-----------------------------------------------------------------------------------------
| end of epoch 284 | time:  1.92s | valid loss  1.68 | valid ppl     5.38
-----------------------------------------------------------------------------------------
-----------------------------------------------------------------------------------------
| end of epoch 285 | time:  1.92s | valid loss  1.68 | valid ppl     5.38
-----------------------------------------------------------------------------------------
-----------------------------------------------------------------------------------------
| end of epoch 286 | time:  1.92s | valid loss  1.68 | valid ppl     5.38
-----------------------------------------------------------------------------------------
-----------------------------------------------------------------------------------------
| end of epoch 287 | time:  1.91s | valid loss  1.68 | valid ppl     5.38
-----------------------------------------------------------------------------------------
-----------------------------------------------------------------------------------------
| end of epoch 288 | time:  1.91s | valid loss  1.68 | valid ppl     5.38
-----------------------------------------------------------------------------------------
-----------------------------------------------------------------------------------------
| end of epoch 289 | time:  1.91s | valid loss  1.68 | valid ppl     5.38
-----------------------------------------------------------------------------------------
-----------------------------------------------------------------------------------------
| end of epoch 290 | time:  1.91s | valid loss  1.68 | valid ppl     5.38
-----------------------------------------------------------------------------------------
-----------------------------------------------------------------------------------------
| end of epoch 291 | time:  1.91s | valid loss  1.68 | valid ppl     5.38
-----------------------------------------------------------------------------------------
-----------------------------------------------------------------------------------------
| end of epoch 292 | time:  1.90s | valid loss  1.68 | valid ppl     5.38
-----------------------------------------------------------------------------------------
-----------------------------------------------------------------------------------------
| end of epoch 293 | time:  1.90s | valid loss  1.68 | valid ppl     5.38
-----------------------------------------------------------------------------------------
-----------------------------------------------------------------------------------------
| end of epoch 294 | time:  1.90s | valid loss  1.68 | valid ppl     5.38
-----------------------------------------------------------------------------------------
-----------------------------------------------------------------------------------------
| end of epoch 295 | time:  1.90s | valid loss  1.68 | valid ppl     5.38
-----------------------------------------------------------------------------------------
-----------------------------------------------------------------------------------------
| end of epoch 296 | time:  1.91s | valid loss  1.68 | valid ppl     5.38
-----------------------------------------------------------------------------------------
-----------------------------------------------------------------------------------------
| end of epoch 297 | time:  1.91s | valid loss  1.68 | valid ppl     5.38
-----------------------------------------------------------------------------------------
-----------------------------------------------------------------------------------------
| end of epoch 298 | time:  1.91s | valid loss  1.68 | valid ppl     5.38
-----------------------------------------------------------------------------------------
-----------------------------------------------------------------------------------------
| end of epoch 299 | time:  1.91s | valid loss  1.68 | valid ppl     5.38
-----------------------------------------------------------------------------------------
-----------------------------------------------------------------------------------------
| end of epoch 300 | time:  1.91s | valid loss  1.68 | valid ppl     5.38
-----------------------------------------------------------------------------------------
=========================================================================================
| End of training | test loss  1.73 | test ppl     5.63
=========================================================================================
| Generated 0/1000 words
| Generated 100/1000 words
| Generated 200/1000 words
| Generated 300/1000 words
| Generated 400/1000 words
| Generated 500/1000 words
| Generated 600/1000 words
| Generated 700/1000 words
| Generated 800/1000 words
| Generated 900/1000 words
