-----------------------------------------------------------------------------------------
| end of epoch   1 | time:  3.00s | valid loss  8.63 | valid ppl  5569.45
-----------------------------------------------------------------------------------------
-----------------------------------------------------------------------------------------
| end of epoch   2 | time:  2.81s | valid loss  5.12 | valid ppl   168.15
-----------------------------------------------------------------------------------------
-----------------------------------------------------------------------------------------
| end of epoch   3 | time:  2.81s | valid loss  4.90 | valid ppl   134.34
-----------------------------------------------------------------------------------------
-----------------------------------------------------------------------------------------
| end of epoch   4 | time:  2.81s | valid loss  4.28 | valid ppl    72.43
-----------------------------------------------------------------------------------------
-----------------------------------------------------------------------------------------
| end of epoch   5 | time:  2.82s | valid loss  3.95 | valid ppl    52.15
-----------------------------------------------------------------------------------------
-----------------------------------------------------------------------------------------
| end of epoch   6 | time:  2.82s | valid loss  4.54 | valid ppl    93.45
-----------------------------------------------------------------------------------------
-----------------------------------------------------------------------------------------
| end of epoch   7 | time:  2.83s | valid loss  3.40 | valid ppl    29.82
-----------------------------------------------------------------------------------------
-----------------------------------------------------------------------------------------
| end of epoch   8 | time:  2.83s | valid loss  3.08 | valid ppl    21.76
-----------------------------------------------------------------------------------------
-----------------------------------------------------------------------------------------
| end of epoch   9 | time:  2.84s | valid loss  2.87 | valid ppl    17.57
-----------------------------------------------------------------------------------------
-----------------------------------------------------------------------------------------
| end of epoch  10 | time:  2.84s | valid loss  2.70 | valid ppl    14.93
-----------------------------------------------------------------------------------------
-----------------------------------------------------------------------------------------
| end of epoch  11 | time:  2.99s | valid loss  2.61 | valid ppl    13.66
-----------------------------------------------------------------------------------------
-----------------------------------------------------------------------------------------
| end of epoch  12 | time:  4.85s | valid loss  2.52 | valid ppl    12.48
-----------------------------------------------------------------------------------------
-----------------------------------------------------------------------------------------
| end of epoch  13 | time:  5.22s | valid loss  2.45 | valid ppl    11.55
-----------------------------------------------------------------------------------------
-----------------------------------------------------------------------------------------
| end of epoch  14 | time:  5.19s | valid loss  2.39 | valid ppl    10.91
-----------------------------------------------------------------------------------------
-----------------------------------------------------------------------------------------
| end of epoch  15 | time:  5.17s | valid loss  2.32 | valid ppl    10.16
-----------------------------------------------------------------------------------------
-----------------------------------------------------------------------------------------
| end of epoch  16 | time:  5.21s | valid loss  2.27 | valid ppl     9.66
-----------------------------------------------------------------------------------------
-----------------------------------------------------------------------------------------
| end of epoch  17 | time:  5.19s | valid loss  2.21 | valid ppl     9.10
-----------------------------------------------------------------------------------------
-----------------------------------------------------------------------------------------
| end of epoch  18 | time:  5.17s | valid loss  2.16 | valid ppl     8.67
-----------------------------------------------------------------------------------------
-----------------------------------------------------------------------------------------
| end of epoch  19 | time:  5.22s | valid loss  2.13 | valid ppl     8.38
-----------------------------------------------------------------------------------------
-----------------------------------------------------------------------------------------
| end of epoch  20 | time:  5.20s | valid loss  2.07 | valid ppl     7.94
-----------------------------------------------------------------------------------------
-----------------------------------------------------------------------------------------
| end of epoch  21 | time:  5.24s | valid loss  2.03 | valid ppl     7.65
-----------------------------------------------------------------------------------------
-----------------------------------------------------------------------------------------
| end of epoch  22 | time:  5.22s | valid loss  2.01 | valid ppl     7.45
-----------------------------------------------------------------------------------------
-----------------------------------------------------------------------------------------
| end of epoch  23 | time:  5.23s | valid loss  1.97 | valid ppl     7.19
-----------------------------------------------------------------------------------------
-----------------------------------------------------------------------------------------
| end of epoch  24 | time:  5.23s | valid loss  1.94 | valid ppl     6.97
-----------------------------------------------------------------------------------------
-----------------------------------------------------------------------------------------
| end of epoch  25 | time:  5.23s | valid loss  1.91 | valid ppl     6.72
-----------------------------------------------------------------------------------------
-----------------------------------------------------------------------------------------
| end of epoch  26 | time:  5.23s | valid loss  1.88 | valid ppl     6.58
-----------------------------------------------------------------------------------------
-----------------------------------------------------------------------------------------
| end of epoch  27 | time:  5.18s | valid loss  1.85 | valid ppl     6.38
-----------------------------------------------------------------------------------------
-----------------------------------------------------------------------------------------
| end of epoch  28 | time:  5.21s | valid loss  1.82 | valid ppl     6.15
-----------------------------------------------------------------------------------------
-----------------------------------------------------------------------------------------
| end of epoch  29 | time:  5.23s | valid loss  1.80 | valid ppl     6.06
-----------------------------------------------------------------------------------------
-----------------------------------------------------------------------------------------
| end of epoch  30 | time:  5.23s | valid loss  1.78 | valid ppl     5.94
-----------------------------------------------------------------------------------------
-----------------------------------------------------------------------------------------
| end of epoch  31 | time:  5.20s | valid loss  1.76 | valid ppl     5.83
-----------------------------------------------------------------------------------------
-----------------------------------------------------------------------------------------
| end of epoch  32 | time:  5.26s | valid loss  1.75 | valid ppl     5.76
-----------------------------------------------------------------------------------------
-----------------------------------------------------------------------------------------
| end of epoch  33 | time:  5.24s | valid loss  1.73 | valid ppl     5.62
-----------------------------------------------------------------------------------------
-----------------------------------------------------------------------------------------
| end of epoch  34 | time:  5.18s | valid loss  1.71 | valid ppl     5.51
-----------------------------------------------------------------------------------------
-----------------------------------------------------------------------------------------
| end of epoch  35 | time:  5.24s | valid loss  1.69 | valid ppl     5.42
-----------------------------------------------------------------------------------------
-----------------------------------------------------------------------------------------
| end of epoch  36 | time:  5.23s | valid loss  1.69 | valid ppl     5.41
-----------------------------------------------------------------------------------------
-----------------------------------------------------------------------------------------
| end of epoch  37 | time:  5.23s | valid loss  1.66 | valid ppl     5.28
-----------------------------------------------------------------------------------------
-----------------------------------------------------------------------------------------
| end of epoch  38 | time:  5.23s | valid loss  1.66 | valid ppl     5.24
-----------------------------------------------------------------------------------------
-----------------------------------------------------------------------------------------
| end of epoch  39 | time:  5.23s | valid loss  1.65 | valid ppl     5.21
-----------------------------------------------------------------------------------------
-----------------------------------------------------------------------------------------
| end of epoch  40 | time:  5.21s | valid loss  1.64 | valid ppl     5.15
-----------------------------------------------------------------------------------------
-----------------------------------------------------------------------------------------
| end of epoch  41 | time:  5.23s | valid loss  1.63 | valid ppl     5.10
-----------------------------------------------------------------------------------------
-----------------------------------------------------------------------------------------
| end of epoch  42 | time:  5.20s | valid loss  1.62 | valid ppl     5.08
-----------------------------------------------------------------------------------------
-----------------------------------------------------------------------------------------
| end of epoch  43 | time:  5.19s | valid loss  1.61 | valid ppl     4.99
-----------------------------------------------------------------------------------------
-----------------------------------------------------------------------------------------
| end of epoch  44 | time:  5.24s | valid loss  1.60 | valid ppl     4.96
-----------------------------------------------------------------------------------------
-----------------------------------------------------------------------------------------
| end of epoch  45 | time:  5.24s | valid loss  1.60 | valid ppl     4.96
-----------------------------------------------------------------------------------------
-----------------------------------------------------------------------------------------
| end of epoch  46 | time:  5.25s | valid loss  1.56 | valid ppl     4.74
-----------------------------------------------------------------------------------------
-----------------------------------------------------------------------------------------
| end of epoch  47 | time:  5.18s | valid loss  1.55 | valid ppl     4.72
-----------------------------------------------------------------------------------------
-----------------------------------------------------------------------------------------
| end of epoch  48 | time:  5.20s | valid loss  1.55 | valid ppl     4.71
-----------------------------------------------------------------------------------------
-----------------------------------------------------------------------------------------
| end of epoch  49 | time:  5.19s | valid loss  1.55 | valid ppl     4.71
-----------------------------------------------------------------------------------------
-----------------------------------------------------------------------------------------
| end of epoch  50 | time:  5.20s | valid loss  1.55 | valid ppl     4.70
-----------------------------------------------------------------------------------------
-----------------------------------------------------------------------------------------
| end of epoch  51 | time:  5.18s | valid loss  1.54 | valid ppl     4.68
-----------------------------------------------------------------------------------------
-----------------------------------------------------------------------------------------
| end of epoch  52 | time:  5.31s | valid loss  1.54 | valid ppl     4.69
-----------------------------------------------------------------------------------------
-----------------------------------------------------------------------------------------
| end of epoch  53 | time:  5.38s | valid loss  1.54 | valid ppl     4.67
-----------------------------------------------------------------------------------------
-----------------------------------------------------------------------------------------
| end of epoch  54 | time:  5.36s | valid loss  1.54 | valid ppl     4.66
-----------------------------------------------------------------------------------------
-----------------------------------------------------------------------------------------
| end of epoch  55 | time:  5.39s | valid loss  1.54 | valid ppl     4.66
-----------------------------------------------------------------------------------------
-----------------------------------------------------------------------------------------
| end of epoch  56 | time:  5.38s | valid loss  1.54 | valid ppl     4.66
-----------------------------------------------------------------------------------------
-----------------------------------------------------------------------------------------
| end of epoch  57 | time:  5.29s | valid loss  1.54 | valid ppl     4.66
-----------------------------------------------------------------------------------------
-----------------------------------------------------------------------------------------
| end of epoch  58 | time:  5.22s | valid loss  1.54 | valid ppl     4.65
-----------------------------------------------------------------------------------------
-----------------------------------------------------------------------------------------
| end of epoch  59 | time:  5.23s | valid loss  1.54 | valid ppl     4.65
-----------------------------------------------------------------------------------------
-----------------------------------------------------------------------------------------
| end of epoch  60 | time:  5.22s | valid loss  1.54 | valid ppl     4.65
-----------------------------------------------------------------------------------------
-----------------------------------------------------------------------------------------
| end of epoch  61 | time:  5.23s | valid loss  1.54 | valid ppl     4.65
-----------------------------------------------------------------------------------------
-----------------------------------------------------------------------------------------
| end of epoch  62 | time:  5.20s | valid loss  1.54 | valid ppl     4.65
-----------------------------------------------------------------------------------------
-----------------------------------------------------------------------------------------
| end of epoch  63 | time:  5.22s | valid loss  1.54 | valid ppl     4.65
-----------------------------------------------------------------------------------------
-----------------------------------------------------------------------------------------
| end of epoch  64 | time:  5.25s | valid loss  1.54 | valid ppl     4.65
-----------------------------------------------------------------------------------------
-----------------------------------------------------------------------------------------
| end of epoch  65 | time:  5.28s | valid loss  1.54 | valid ppl     4.65
-----------------------------------------------------------------------------------------
-----------------------------------------------------------------------------------------
| end of epoch  66 | time:  5.40s | valid loss  1.54 | valid ppl     4.64
-----------------------------------------------------------------------------------------
-----------------------------------------------------------------------------------------
| end of epoch  67 | time:  5.38s | valid loss  1.54 | valid ppl     4.64
-----------------------------------------------------------------------------------------
-----------------------------------------------------------------------------------------
| end of epoch  68 | time:  3.02s | valid loss  1.54 | valid ppl     4.64
-----------------------------------------------------------------------------------------
-----------------------------------------------------------------------------------------
| end of epoch  69 | time:  2.89s | valid loss  1.54 | valid ppl     4.64
-----------------------------------------------------------------------------------------
-----------------------------------------------------------------------------------------
| end of epoch  70 | time:  2.89s | valid loss  1.54 | valid ppl     4.64
-----------------------------------------------------------------------------------------
-----------------------------------------------------------------------------------------
| end of epoch  71 | time:  2.89s | valid loss  1.54 | valid ppl     4.64
-----------------------------------------------------------------------------------------
-----------------------------------------------------------------------------------------
| end of epoch  72 | time:  2.90s | valid loss  1.54 | valid ppl     4.64
-----------------------------------------------------------------------------------------
-----------------------------------------------------------------------------------------
| end of epoch  73 | time:  2.91s | valid loss  1.53 | valid ppl     4.64
-----------------------------------------------------------------------------------------
-----------------------------------------------------------------------------------------
| end of epoch  74 | time:  2.90s | valid loss  1.53 | valid ppl     4.64
-----------------------------------------------------------------------------------------
-----------------------------------------------------------------------------------------
| end of epoch  75 | time:  2.90s | valid loss  1.53 | valid ppl     4.64
-----------------------------------------------------------------------------------------
-----------------------------------------------------------------------------------------
| end of epoch  76 | time:  2.90s | valid loss  1.53 | valid ppl     4.64
-----------------------------------------------------------------------------------------
-----------------------------------------------------------------------------------------
| end of epoch  77 | time:  2.91s | valid loss  1.53 | valid ppl     4.64
-----------------------------------------------------------------------------------------
-----------------------------------------------------------------------------------------
| end of epoch  78 | time:  2.89s | valid loss  1.53 | valid ppl     4.64
-----------------------------------------------------------------------------------------
-----------------------------------------------------------------------------------------
| end of epoch  79 | time:  2.89s | valid loss  1.53 | valid ppl     4.64
-----------------------------------------------------------------------------------------
-----------------------------------------------------------------------------------------
| end of epoch  80 | time:  2.90s | valid loss  1.53 | valid ppl     4.64
-----------------------------------------------------------------------------------------
-----------------------------------------------------------------------------------------
| end of epoch  81 | time:  2.90s | valid loss  1.53 | valid ppl     4.64
-----------------------------------------------------------------------------------------
-----------------------------------------------------------------------------------------
| end of epoch  82 | time:  2.90s | valid loss  1.53 | valid ppl     4.64
-----------------------------------------------------------------------------------------
-----------------------------------------------------------------------------------------
| end of epoch  83 | time:  2.89s | valid loss  1.53 | valid ppl     4.64
-----------------------------------------------------------------------------------------
-----------------------------------------------------------------------------------------
| end of epoch  84 | time:  2.90s | valid loss  1.53 | valid ppl     4.64
-----------------------------------------------------------------------------------------
-----------------------------------------------------------------------------------------
| end of epoch  85 | time:  2.89s | valid loss  1.53 | valid ppl     4.64
-----------------------------------------------------------------------------------------
-----------------------------------------------------------------------------------------
| end of epoch  86 | time:  2.89s | valid loss  1.53 | valid ppl     4.64
-----------------------------------------------------------------------------------------
-----------------------------------------------------------------------------------------
| end of epoch  87 | time:  2.88s | valid loss  1.53 | valid ppl     4.64
-----------------------------------------------------------------------------------------
-----------------------------------------------------------------------------------------
| end of epoch  88 | time:  2.90s | valid loss  1.53 | valid ppl     4.64
-----------------------------------------------------------------------------------------
-----------------------------------------------------------------------------------------
| end of epoch  89 | time:  2.90s | valid loss  1.53 | valid ppl     4.64
-----------------------------------------------------------------------------------------
-----------------------------------------------------------------------------------------
| end of epoch  90 | time:  2.91s | valid loss  1.53 | valid ppl     4.64
-----------------------------------------------------------------------------------------
-----------------------------------------------------------------------------------------
| end of epoch  91 | time:  2.90s | valid loss  1.53 | valid ppl     4.64
-----------------------------------------------------------------------------------------
-----------------------------------------------------------------------------------------
| end of epoch  92 | time:  2.92s | valid loss  1.53 | valid ppl     4.64
-----------------------------------------------------------------------------------------
-----------------------------------------------------------------------------------------
| end of epoch  93 | time:  2.91s | valid loss  1.53 | valid ppl     4.64
-----------------------------------------------------------------------------------------
-----------------------------------------------------------------------------------------
| end of epoch  94 | time:  2.89s | valid loss  1.53 | valid ppl     4.64
-----------------------------------------------------------------------------------------
-----------------------------------------------------------------------------------------
| end of epoch  95 | time:  2.90s | valid loss  1.53 | valid ppl     4.64
-----------------------------------------------------------------------------------------
-----------------------------------------------------------------------------------------
| end of epoch  96 | time:  2.91s | valid loss  1.53 | valid ppl     4.63
-----------------------------------------------------------------------------------------
-----------------------------------------------------------------------------------------
| end of epoch  97 | time:  2.89s | valid loss  1.53 | valid ppl     4.63
-----------------------------------------------------------------------------------------
-----------------------------------------------------------------------------------------
| end of epoch  98 | time:  2.91s | valid loss  1.53 | valid ppl     4.63
-----------------------------------------------------------------------------------------
-----------------------------------------------------------------------------------------
| end of epoch  99 | time:  2.91s | valid loss  1.53 | valid ppl     4.63
-----------------------------------------------------------------------------------------
-----------------------------------------------------------------------------------------
| end of epoch 100 | time:  2.90s | valid loss  1.53 | valid ppl     4.63
-----------------------------------------------------------------------------------------
-----------------------------------------------------------------------------------------
| end of epoch 101 | time:  2.90s | valid loss  1.53 | valid ppl     4.63
-----------------------------------------------------------------------------------------
-----------------------------------------------------------------------------------------
| end of epoch 102 | time:  2.90s | valid loss  1.53 | valid ppl     4.63
-----------------------------------------------------------------------------------------
-----------------------------------------------------------------------------------------
| end of epoch 103 | time:  2.89s | valid loss  1.53 | valid ppl     4.63
-----------------------------------------------------------------------------------------
-----------------------------------------------------------------------------------------
| end of epoch 104 | time:  2.91s | valid loss  1.53 | valid ppl     4.63
-----------------------------------------------------------------------------------------
-----------------------------------------------------------------------------------------
| end of epoch 105 | time:  2.90s | valid loss  1.53 | valid ppl     4.63
-----------------------------------------------------------------------------------------
-----------------------------------------------------------------------------------------
| end of epoch 106 | time:  2.89s | valid loss  1.53 | valid ppl     4.63
-----------------------------------------------------------------------------------------
-----------------------------------------------------------------------------------------
| end of epoch 107 | time:  2.90s | valid loss  1.53 | valid ppl     4.63
-----------------------------------------------------------------------------------------
-----------------------------------------------------------------------------------------
| end of epoch 108 | time:  2.90s | valid loss  1.53 | valid ppl     4.63
-----------------------------------------------------------------------------------------
-----------------------------------------------------------------------------------------
| end of epoch 109 | time:  2.89s | valid loss  1.53 | valid ppl     4.63
-----------------------------------------------------------------------------------------
-----------------------------------------------------------------------------------------
| end of epoch 110 | time:  2.90s | valid loss  1.53 | valid ppl     4.63
-----------------------------------------------------------------------------------------
-----------------------------------------------------------------------------------------
| end of epoch 111 | time:  2.91s | valid loss  1.53 | valid ppl     4.63
-----------------------------------------------------------------------------------------
-----------------------------------------------------------------------------------------
| end of epoch 112 | time:  2.90s | valid loss  1.53 | valid ppl     4.63
-----------------------------------------------------------------------------------------
-----------------------------------------------------------------------------------------
| end of epoch 113 | time:  2.90s | valid loss  1.53 | valid ppl     4.63
-----------------------------------------------------------------------------------------
-----------------------------------------------------------------------------------------
| end of epoch 114 | time:  2.90s | valid loss  1.53 | valid ppl     4.63
-----------------------------------------------------------------------------------------
-----------------------------------------------------------------------------------------
| end of epoch 115 | time:  2.91s | valid loss  1.53 | valid ppl     4.63
-----------------------------------------------------------------------------------------
-----------------------------------------------------------------------------------------
| end of epoch 116 | time:  2.89s | valid loss  1.53 | valid ppl     4.63
-----------------------------------------------------------------------------------------
-----------------------------------------------------------------------------------------
| end of epoch 117 | time:  2.91s | valid loss  1.53 | valid ppl     4.63
-----------------------------------------------------------------------------------------
-----------------------------------------------------------------------------------------
| end of epoch 118 | time:  2.90s | valid loss  1.53 | valid ppl     4.63
-----------------------------------------------------------------------------------------
-----------------------------------------------------------------------------------------
| end of epoch 119 | time:  2.90s | valid loss  1.53 | valid ppl     4.63
-----------------------------------------------------------------------------------------
-----------------------------------------------------------------------------------------
| end of epoch 120 | time:  2.91s | valid loss  1.53 | valid ppl     4.63
-----------------------------------------------------------------------------------------
-----------------------------------------------------------------------------------------
| end of epoch 121 | time:  2.91s | valid loss  1.53 | valid ppl     4.63
-----------------------------------------------------------------------------------------
-----------------------------------------------------------------------------------------
| end of epoch 122 | time:  2.91s | valid loss  1.53 | valid ppl     4.63
-----------------------------------------------------------------------------------------
-----------------------------------------------------------------------------------------
| end of epoch 123 | time:  2.91s | valid loss  1.53 | valid ppl     4.63
-----------------------------------------------------------------------------------------
-----------------------------------------------------------------------------------------
| end of epoch 124 | time:  2.90s | valid loss  1.53 | valid ppl     4.63
-----------------------------------------------------------------------------------------
-----------------------------------------------------------------------------------------
| end of epoch 125 | time:  2.90s | valid loss  1.53 | valid ppl     4.63
-----------------------------------------------------------------------------------------
-----------------------------------------------------------------------------------------
| end of epoch 126 | time:  2.90s | valid loss  1.53 | valid ppl     4.63
-----------------------------------------------------------------------------------------
-----------------------------------------------------------------------------------------
| end of epoch 127 | time:  2.98s | valid loss  1.53 | valid ppl     4.63
-----------------------------------------------------------------------------------------
-----------------------------------------------------------------------------------------
| end of epoch 128 | time:  4.24s | valid loss  1.53 | valid ppl     4.63
-----------------------------------------------------------------------------------------
-----------------------------------------------------------------------------------------
| end of epoch 129 | time:  5.24s | valid loss  1.53 | valid ppl     4.63
-----------------------------------------------------------------------------------------
-----------------------------------------------------------------------------------------
| end of epoch 130 | time:  5.25s | valid loss  1.53 | valid ppl     4.63
-----------------------------------------------------------------------------------------
-----------------------------------------------------------------------------------------
| end of epoch 131 | time:  5.22s | valid loss  1.53 | valid ppl     4.63
-----------------------------------------------------------------------------------------
-----------------------------------------------------------------------------------------
| end of epoch 132 | time:  5.21s | valid loss  1.53 | valid ppl     4.63
-----------------------------------------------------------------------------------------
-----------------------------------------------------------------------------------------
| end of epoch 133 | time:  5.29s | valid loss  1.53 | valid ppl     4.63
-----------------------------------------------------------------------------------------
-----------------------------------------------------------------------------------------
| end of epoch 134 | time:  5.28s | valid loss  1.53 | valid ppl     4.63
-----------------------------------------------------------------------------------------
-----------------------------------------------------------------------------------------
| end of epoch 135 | time:  5.27s | valid loss  1.53 | valid ppl     4.63
-----------------------------------------------------------------------------------------
-----------------------------------------------------------------------------------------
| end of epoch 136 | time:  5.25s | valid loss  1.53 | valid ppl     4.63
-----------------------------------------------------------------------------------------
-----------------------------------------------------------------------------------------
| end of epoch 137 | time:  5.25s | valid loss  1.53 | valid ppl     4.63
-----------------------------------------------------------------------------------------
-----------------------------------------------------------------------------------------
| end of epoch 138 | time:  5.26s | valid loss  1.53 | valid ppl     4.63
-----------------------------------------------------------------------------------------
-----------------------------------------------------------------------------------------
| end of epoch 139 | time:  5.24s | valid loss  1.53 | valid ppl     4.63
-----------------------------------------------------------------------------------------
-----------------------------------------------------------------------------------------
| end of epoch 140 | time:  5.25s | valid loss  1.53 | valid ppl     4.63
-----------------------------------------------------------------------------------------
-----------------------------------------------------------------------------------------
| end of epoch 141 | time:  5.23s | valid loss  1.53 | valid ppl     4.63
-----------------------------------------------------------------------------------------
-----------------------------------------------------------------------------------------
| end of epoch 142 | time:  5.22s | valid loss  1.53 | valid ppl     4.63
-----------------------------------------------------------------------------------------
-----------------------------------------------------------------------------------------
| end of epoch 143 | time:  5.24s | valid loss  1.53 | valid ppl     4.63
-----------------------------------------------------------------------------------------
-----------------------------------------------------------------------------------------
| end of epoch 144 | time:  5.24s | valid loss  1.53 | valid ppl     4.63
-----------------------------------------------------------------------------------------
-----------------------------------------------------------------------------------------
| end of epoch 145 | time:  5.22s | valid loss  1.53 | valid ppl     4.63
-----------------------------------------------------------------------------------------
-----------------------------------------------------------------------------------------
| end of epoch 146 | time:  5.24s | valid loss  1.53 | valid ppl     4.63
-----------------------------------------------------------------------------------------
-----------------------------------------------------------------------------------------
| end of epoch 147 | time:  5.23s | valid loss  1.53 | valid ppl     4.63
-----------------------------------------------------------------------------------------
-----------------------------------------------------------------------------------------
| end of epoch 148 | time:  5.21s | valid loss  1.53 | valid ppl     4.63
-----------------------------------------------------------------------------------------
-----------------------------------------------------------------------------------------
| end of epoch 149 | time:  5.26s | valid loss  1.53 | valid ppl     4.63
-----------------------------------------------------------------------------------------
-----------------------------------------------------------------------------------------
| end of epoch 150 | time:  5.22s | valid loss  1.53 | valid ppl     4.63
-----------------------------------------------------------------------------------------
-----------------------------------------------------------------------------------------
| end of epoch 151 | time:  5.26s | valid loss  1.53 | valid ppl     4.63
-----------------------------------------------------------------------------------------
-----------------------------------------------------------------------------------------
| end of epoch 152 | time:  5.30s | valid loss  1.53 | valid ppl     4.63
-----------------------------------------------------------------------------------------
-----------------------------------------------------------------------------------------
| end of epoch 153 | time:  5.26s | valid loss  1.53 | valid ppl     4.63
-----------------------------------------------------------------------------------------
-----------------------------------------------------------------------------------------
| end of epoch 154 | time:  5.25s | valid loss  1.53 | valid ppl     4.63
-----------------------------------------------------------------------------------------
-----------------------------------------------------------------------------------------
| end of epoch 155 | time:  5.25s | valid loss  1.53 | valid ppl     4.63
-----------------------------------------------------------------------------------------
-----------------------------------------------------------------------------------------
| end of epoch 156 | time:  5.25s | valid loss  1.53 | valid ppl     4.63
-----------------------------------------------------------------------------------------
-----------------------------------------------------------------------------------------
| end of epoch 157 | time:  5.28s | valid loss  1.53 | valid ppl     4.63
-----------------------------------------------------------------------------------------
-----------------------------------------------------------------------------------------
| end of epoch 158 | time:  5.27s | valid loss  1.53 | valid ppl     4.63
-----------------------------------------------------------------------------------------
-----------------------------------------------------------------------------------------
| end of epoch 159 | time:  5.26s | valid loss  1.53 | valid ppl     4.63
-----------------------------------------------------------------------------------------
-----------------------------------------------------------------------------------------
| end of epoch 160 | time:  5.23s | valid loss  1.53 | valid ppl     4.63
-----------------------------------------------------------------------------------------
-----------------------------------------------------------------------------------------
| end of epoch 161 | time:  5.24s | valid loss  1.53 | valid ppl     4.63
-----------------------------------------------------------------------------------------
-----------------------------------------------------------------------------------------
| end of epoch 162 | time:  5.22s | valid loss  1.53 | valid ppl     4.63
-----------------------------------------------------------------------------------------
-----------------------------------------------------------------------------------------
| end of epoch 163 | time:  5.28s | valid loss  1.53 | valid ppl     4.63
-----------------------------------------------------------------------------------------
-----------------------------------------------------------------------------------------
| end of epoch 164 | time:  5.23s | valid loss  1.53 | valid ppl     4.63
-----------------------------------------------------------------------------------------
-----------------------------------------------------------------------------------------
| end of epoch 165 | time:  5.26s | valid loss  1.53 | valid ppl     4.63
-----------------------------------------------------------------------------------------
-----------------------------------------------------------------------------------------
| end of epoch 166 | time:  5.26s | valid loss  1.53 | valid ppl     4.63
-----------------------------------------------------------------------------------------
-----------------------------------------------------------------------------------------
| end of epoch 167 | time:  5.25s | valid loss  1.53 | valid ppl     4.63
-----------------------------------------------------------------------------------------
-----------------------------------------------------------------------------------------
| end of epoch 168 | time:  5.27s | valid loss  1.53 | valid ppl     4.63
-----------------------------------------------------------------------------------------
-----------------------------------------------------------------------------------------
| end of epoch 169 | time:  5.28s | valid loss  1.53 | valid ppl     4.63
-----------------------------------------------------------------------------------------
-----------------------------------------------------------------------------------------
| end of epoch 170 | time:  5.25s | valid loss  1.53 | valid ppl     4.63
-----------------------------------------------------------------------------------------
-----------------------------------------------------------------------------------------
| end of epoch 171 | time:  5.27s | valid loss  1.53 | valid ppl     4.63
-----------------------------------------------------------------------------------------
-----------------------------------------------------------------------------------------
| end of epoch 172 | time:  5.30s | valid loss  1.53 | valid ppl     4.63
-----------------------------------------------------------------------------------------
-----------------------------------------------------------------------------------------
| end of epoch 173 | time:  5.40s | valid loss  1.53 | valid ppl     4.63
-----------------------------------------------------------------------------------------
-----------------------------------------------------------------------------------------
| end of epoch 174 | time:  5.37s | valid loss  1.53 | valid ppl     4.63
-----------------------------------------------------------------------------------------
-----------------------------------------------------------------------------------------
| end of epoch 175 | time:  5.34s | valid loss  1.53 | valid ppl     4.63
-----------------------------------------------------------------------------------------
-----------------------------------------------------------------------------------------
| end of epoch 176 | time:  5.41s | valid loss  1.53 | valid ppl     4.63
-----------------------------------------------------------------------------------------
-----------------------------------------------------------------------------------------
| end of epoch 177 | time:  5.38s | valid loss  1.53 | valid ppl     4.63
-----------------------------------------------------------------------------------------
-----------------------------------------------------------------------------------------
| end of epoch 178 | time:  5.35s | valid loss  1.53 | valid ppl     4.63
-----------------------------------------------------------------------------------------
-----------------------------------------------------------------------------------------
| end of epoch 179 | time:  5.24s | valid loss  1.53 | valid ppl     4.63
-----------------------------------------------------------------------------------------
-----------------------------------------------------------------------------------------
| end of epoch 180 | time:  5.27s | valid loss  1.53 | valid ppl     4.63
-----------------------------------------------------------------------------------------
-----------------------------------------------------------------------------------------
| end of epoch 181 | time:  5.27s | valid loss  1.53 | valid ppl     4.63
-----------------------------------------------------------------------------------------
-----------------------------------------------------------------------------------------
| end of epoch 182 | time:  5.24s | valid loss  1.53 | valid ppl     4.63
-----------------------------------------------------------------------------------------
-----------------------------------------------------------------------------------------
| end of epoch 183 | time:  5.24s | valid loss  1.53 | valid ppl     4.63
-----------------------------------------------------------------------------------------
-----------------------------------------------------------------------------------------
| end of epoch 184 | time:  5.25s | valid loss  1.53 | valid ppl     4.63
-----------------------------------------------------------------------------------------
-----------------------------------------------------------------------------------------
| end of epoch 185 | time:  5.24s | valid loss  1.53 | valid ppl     4.63
-----------------------------------------------------------------------------------------
-----------------------------------------------------------------------------------------
| end of epoch 186 | time:  5.21s | valid loss  1.53 | valid ppl     4.63
-----------------------------------------------------------------------------------------
-----------------------------------------------------------------------------------------
| end of epoch 187 | time:  5.25s | valid loss  1.53 | valid ppl     4.63
-----------------------------------------------------------------------------------------
-----------------------------------------------------------------------------------------
| end of epoch 188 | time:  5.26s | valid loss  1.53 | valid ppl     4.63
-----------------------------------------------------------------------------------------
-----------------------------------------------------------------------------------------
| end of epoch 189 | time:  5.25s | valid loss  1.53 | valid ppl     4.63
-----------------------------------------------------------------------------------------
-----------------------------------------------------------------------------------------
| end of epoch 190 | time:  5.22s | valid loss  1.53 | valid ppl     4.63
-----------------------------------------------------------------------------------------
-----------------------------------------------------------------------------------------
| end of epoch 191 | time:  5.26s | valid loss  1.53 | valid ppl     4.63
-----------------------------------------------------------------------------------------
-----------------------------------------------------------------------------------------
| end of epoch 192 | time:  5.26s | valid loss  1.53 | valid ppl     4.63
-----------------------------------------------------------------------------------------
-----------------------------------------------------------------------------------------
| end of epoch 193 | time:  5.27s | valid loss  1.53 | valid ppl     4.63
-----------------------------------------------------------------------------------------
-----------------------------------------------------------------------------------------
| end of epoch 194 | time:  5.20s | valid loss  1.53 | valid ppl     4.63
-----------------------------------------------------------------------------------------
-----------------------------------------------------------------------------------------
| end of epoch 195 | time:  5.20s | valid loss  1.53 | valid ppl     4.63
-----------------------------------------------------------------------------------------
-----------------------------------------------------------------------------------------
| end of epoch 196 | time:  5.25s | valid loss  1.53 | valid ppl     4.63
-----------------------------------------------------------------------------------------
-----------------------------------------------------------------------------------------
| end of epoch 197 | time:  5.23s | valid loss  1.53 | valid ppl     4.63
-----------------------------------------------------------------------------------------
-----------------------------------------------------------------------------------------
| end of epoch 198 | time:  5.21s | valid loss  1.53 | valid ppl     4.63
-----------------------------------------------------------------------------------------
-----------------------------------------------------------------------------------------
| end of epoch 199 | time:  5.24s | valid loss  1.53 | valid ppl     4.63
-----------------------------------------------------------------------------------------
-----------------------------------------------------------------------------------------
| end of epoch 200 | time:  5.25s | valid loss  1.53 | valid ppl     4.63
-----------------------------------------------------------------------------------------
-----------------------------------------------------------------------------------------
| end of epoch 201 | time:  5.26s | valid loss  1.53 | valid ppl     4.63
-----------------------------------------------------------------------------------------
-----------------------------------------------------------------------------------------
| end of epoch 202 | time:  5.22s | valid loss  1.53 | valid ppl     4.63
-----------------------------------------------------------------------------------------
-----------------------------------------------------------------------------------------
| end of epoch 203 | time:  5.26s | valid loss  1.53 | valid ppl     4.63
-----------------------------------------------------------------------------------------
-----------------------------------------------------------------------------------------
| end of epoch 204 | time:  5.28s | valid loss  1.53 | valid ppl     4.63
-----------------------------------------------------------------------------------------
-----------------------------------------------------------------------------------------
| end of epoch 205 | time:  5.27s | valid loss  1.53 | valid ppl     4.63
-----------------------------------------------------------------------------------------
-----------------------------------------------------------------------------------------
| end of epoch 206 | time:  5.25s | valid loss  1.53 | valid ppl     4.63
-----------------------------------------------------------------------------------------
-----------------------------------------------------------------------------------------
| end of epoch 207 | time:  5.27s | valid loss  1.53 | valid ppl     4.63
-----------------------------------------------------------------------------------------
-----------------------------------------------------------------------------------------
| end of epoch 208 | time:  5.24s | valid loss  1.53 | valid ppl     4.63
-----------------------------------------------------------------------------------------
-----------------------------------------------------------------------------------------
| end of epoch 209 | time:  5.26s | valid loss  1.53 | valid ppl     4.63
-----------------------------------------------------------------------------------------
-----------------------------------------------------------------------------------------
| end of epoch 210 | time:  5.22s | valid loss  1.53 | valid ppl     4.63
-----------------------------------------------------------------------------------------
-----------------------------------------------------------------------------------------
| end of epoch 211 | time:  5.25s | valid loss  1.53 | valid ppl     4.63
-----------------------------------------------------------------------------------------
-----------------------------------------------------------------------------------------
| end of epoch 212 | time:  5.25s | valid loss  1.53 | valid ppl     4.63
-----------------------------------------------------------------------------------------
-----------------------------------------------------------------------------------------
| end of epoch 213 | time:  5.23s | valid loss  1.53 | valid ppl     4.63
-----------------------------------------------------------------------------------------
-----------------------------------------------------------------------------------------
| end of epoch 214 | time:  5.23s | valid loss  1.53 | valid ppl     4.63
-----------------------------------------------------------------------------------------
-----------------------------------------------------------------------------------------
| end of epoch 215 | time:  5.24s | valid loss  1.53 | valid ppl     4.63
-----------------------------------------------------------------------------------------
-----------------------------------------------------------------------------------------
| end of epoch 216 | time:  5.23s | valid loss  1.53 | valid ppl     4.63
-----------------------------------------------------------------------------------------
-----------------------------------------------------------------------------------------
| end of epoch 217 | time:  5.22s | valid loss  1.53 | valid ppl     4.63
-----------------------------------------------------------------------------------------
-----------------------------------------------------------------------------------------
| end of epoch 218 | time:  5.20s | valid loss  1.53 | valid ppl     4.63
-----------------------------------------------------------------------------------------
-----------------------------------------------------------------------------------------
| end of epoch 219 | time:  5.23s | valid loss  1.53 | valid ppl     4.63
-----------------------------------------------------------------------------------------
-----------------------------------------------------------------------------------------
| end of epoch 220 | time:  5.23s | valid loss  1.53 | valid ppl     4.63
-----------------------------------------------------------------------------------------
-----------------------------------------------------------------------------------------
| end of epoch 221 | time:  5.23s | valid loss  1.53 | valid ppl     4.63
-----------------------------------------------------------------------------------------
-----------------------------------------------------------------------------------------
| end of epoch 222 | time:  5.24s | valid loss  1.53 | valid ppl     4.63
-----------------------------------------------------------------------------------------
-----------------------------------------------------------------------------------------
| end of epoch 223 | time:  5.33s | valid loss  1.53 | valid ppl     4.63
-----------------------------------------------------------------------------------------
-----------------------------------------------------------------------------------------
| end of epoch 224 | time:  5.38s | valid loss  1.53 | valid ppl     4.63
-----------------------------------------------------------------------------------------
-----------------------------------------------------------------------------------------
| end of epoch 225 | time:  5.40s | valid loss  1.53 | valid ppl     4.63
-----------------------------------------------------------------------------------------
-----------------------------------------------------------------------------------------
| end of epoch 226 | time:  5.38s | valid loss  1.53 | valid ppl     4.63
-----------------------------------------------------------------------------------------
-----------------------------------------------------------------------------------------
| end of epoch 227 | time:  5.37s | valid loss  1.53 | valid ppl     4.63
-----------------------------------------------------------------------------------------
-----------------------------------------------------------------------------------------
| end of epoch 228 | time:  5.37s | valid loss  1.53 | valid ppl     4.63
-----------------------------------------------------------------------------------------
-----------------------------------------------------------------------------------------
| end of epoch 229 | time:  5.29s | valid loss  1.53 | valid ppl     4.63
-----------------------------------------------------------------------------------------
-----------------------------------------------------------------------------------------
| end of epoch 230 | time:  5.27s | valid loss  1.53 | valid ppl     4.63
-----------------------------------------------------------------------------------------
-----------------------------------------------------------------------------------------
| end of epoch 231 | time:  5.26s | valid loss  1.53 | valid ppl     4.63
-----------------------------------------------------------------------------------------
-----------------------------------------------------------------------------------------
| end of epoch 232 | time:  5.25s | valid loss  1.53 | valid ppl     4.63
-----------------------------------------------------------------------------------------
-----------------------------------------------------------------------------------------
| end of epoch 233 | time:  5.24s | valid loss  1.53 | valid ppl     4.63
-----------------------------------------------------------------------------------------
-----------------------------------------------------------------------------------------
| end of epoch 234 | time:  5.23s | valid loss  1.53 | valid ppl     4.63
-----------------------------------------------------------------------------------------
-----------------------------------------------------------------------------------------
| end of epoch 235 | time:  5.23s | valid loss  1.53 | valid ppl     4.63
-----------------------------------------------------------------------------------------
-----------------------------------------------------------------------------------------
| end of epoch 236 | time:  5.25s | valid loss  1.53 | valid ppl     4.63
-----------------------------------------------------------------------------------------
-----------------------------------------------------------------------------------------
| end of epoch 237 | time:  5.24s | valid loss  1.53 | valid ppl     4.63
-----------------------------------------------------------------------------------------
-----------------------------------------------------------------------------------------
| end of epoch 238 | time:  5.24s | valid loss  1.53 | valid ppl     4.63
-----------------------------------------------------------------------------------------
-----------------------------------------------------------------------------------------
| end of epoch 239 | time:  5.25s | valid loss  1.53 | valid ppl     4.63
-----------------------------------------------------------------------------------------
-----------------------------------------------------------------------------------------
| end of epoch 240 | time:  5.26s | valid loss  1.53 | valid ppl     4.63
-----------------------------------------------------------------------------------------
-----------------------------------------------------------------------------------------
| end of epoch 241 | time:  5.22s | valid loss  1.53 | valid ppl     4.63
-----------------------------------------------------------------------------------------
-----------------------------------------------------------------------------------------
| end of epoch 242 | time:  5.27s | valid loss  1.53 | valid ppl     4.63
-----------------------------------------------------------------------------------------
-----------------------------------------------------------------------------------------
| end of epoch 243 | time:  5.25s | valid loss  1.53 | valid ppl     4.63
-----------------------------------------------------------------------------------------
-----------------------------------------------------------------------------------------
| end of epoch 244 | time:  5.24s | valid loss  1.53 | valid ppl     4.63
-----------------------------------------------------------------------------------------
-----------------------------------------------------------------------------------------
| end of epoch 245 | time:  5.22s | valid loss  1.53 | valid ppl     4.63
-----------------------------------------------------------------------------------------
-----------------------------------------------------------------------------------------
| end of epoch 246 | time:  5.26s | valid loss  1.53 | valid ppl     4.63
-----------------------------------------------------------------------------------------
-----------------------------------------------------------------------------------------
| end of epoch 247 | time:  5.25s | valid loss  1.53 | valid ppl     4.63
-----------------------------------------------------------------------------------------
-----------------------------------------------------------------------------------------
| end of epoch 248 | time:  5.27s | valid loss  1.53 | valid ppl     4.63
-----------------------------------------------------------------------------------------
-----------------------------------------------------------------------------------------
| end of epoch 249 | time:  5.25s | valid loss  1.53 | valid ppl     4.63
-----------------------------------------------------------------------------------------
-----------------------------------------------------------------------------------------
| end of epoch 250 | time:  5.24s | valid loss  1.53 | valid ppl     4.63
-----------------------------------------------------------------------------------------
-----------------------------------------------------------------------------------------
| end of epoch 251 | time:  5.28s | valid loss  1.53 | valid ppl     4.63
-----------------------------------------------------------------------------------------
-----------------------------------------------------------------------------------------
| end of epoch 252 | time:  5.28s | valid loss  1.53 | valid ppl     4.63
-----------------------------------------------------------------------------------------
-----------------------------------------------------------------------------------------
| end of epoch 253 | time:  5.27s | valid loss  1.53 | valid ppl     4.63
-----------------------------------------------------------------------------------------
-----------------------------------------------------------------------------------------
| end of epoch 254 | time:  5.23s | valid loss  1.53 | valid ppl     4.63
-----------------------------------------------------------------------------------------
-----------------------------------------------------------------------------------------
| end of epoch 255 | time:  5.25s | valid loss  1.53 | valid ppl     4.63
-----------------------------------------------------------------------------------------
-----------------------------------------------------------------------------------------
| end of epoch 256 | time:  5.24s | valid loss  1.53 | valid ppl     4.63
-----------------------------------------------------------------------------------------
-----------------------------------------------------------------------------------------
| end of epoch 257 | time:  5.23s | valid loss  1.53 | valid ppl     4.63
-----------------------------------------------------------------------------------------
-----------------------------------------------------------------------------------------
| end of epoch 258 | time:  5.26s | valid loss  1.53 | valid ppl     4.63
-----------------------------------------------------------------------------------------
-----------------------------------------------------------------------------------------
| end of epoch 259 | time:  5.24s | valid loss  1.53 | valid ppl     4.63
-----------------------------------------------------------------------------------------
-----------------------------------------------------------------------------------------
| end of epoch 260 | time:  5.21s | valid loss  1.53 | valid ppl     4.63
-----------------------------------------------------------------------------------------
-----------------------------------------------------------------------------------------
| end of epoch 261 | time:  5.25s | valid loss  1.53 | valid ppl     4.63
-----------------------------------------------------------------------------------------
-----------------------------------------------------------------------------------------
| end of epoch 262 | time:  5.25s | valid loss  1.53 | valid ppl     4.63
-----------------------------------------------------------------------------------------
-----------------------------------------------------------------------------------------
| end of epoch 263 | time:  5.28s | valid loss  1.53 | valid ppl     4.63
-----------------------------------------------------------------------------------------
-----------------------------------------------------------------------------------------
| end of epoch 264 | time:  5.26s | valid loss  1.53 | valid ppl     4.63
-----------------------------------------------------------------------------------------
-----------------------------------------------------------------------------------------
| end of epoch 265 | time:  5.26s | valid loss  1.53 | valid ppl     4.63
-----------------------------------------------------------------------------------------
-----------------------------------------------------------------------------------------
| end of epoch 266 | time:  5.29s | valid loss  1.53 | valid ppl     4.63
-----------------------------------------------------------------------------------------
-----------------------------------------------------------------------------------------
| end of epoch 267 | time:  5.26s | valid loss  1.53 | valid ppl     4.63
-----------------------------------------------------------------------------------------
-----------------------------------------------------------------------------------------
| end of epoch 268 | time:  5.21s | valid loss  1.53 | valid ppl     4.63
-----------------------------------------------------------------------------------------
-----------------------------------------------------------------------------------------
| end of epoch 269 | time:  5.27s | valid loss  1.53 | valid ppl     4.63
-----------------------------------------------------------------------------------------
-----------------------------------------------------------------------------------------
| end of epoch 270 | time:  5.25s | valid loss  1.53 | valid ppl     4.63
-----------------------------------------------------------------------------------------
-----------------------------------------------------------------------------------------
| end of epoch 271 | time:  5.26s | valid loss  1.53 | valid ppl     4.63
-----------------------------------------------------------------------------------------
-----------------------------------------------------------------------------------------
| end of epoch 272 | time:  5.27s | valid loss  1.53 | valid ppl     4.63
-----------------------------------------------------------------------------------------
-----------------------------------------------------------------------------------------
| end of epoch 273 | time:  5.27s | valid loss  1.53 | valid ppl     4.63
-----------------------------------------------------------------------------------------
-----------------------------------------------------------------------------------------
| end of epoch 274 | time:  5.36s | valid loss  1.53 | valid ppl     4.63
-----------------------------------------------------------------------------------------
-----------------------------------------------------------------------------------------
| end of epoch 275 | time:  5.39s | valid loss  1.53 | valid ppl     4.63
-----------------------------------------------------------------------------------------
-----------------------------------------------------------------------------------------
| end of epoch 276 | time:  5.38s | valid loss  1.53 | valid ppl     4.63
-----------------------------------------------------------------------------------------
-----------------------------------------------------------------------------------------
| end of epoch 277 | time:  5.41s | valid loss  1.53 | valid ppl     4.63
-----------------------------------------------------------------------------------------
-----------------------------------------------------------------------------------------
| end of epoch 278 | time:  5.40s | valid loss  1.53 | valid ppl     4.63
-----------------------------------------------------------------------------------------
-----------------------------------------------------------------------------------------
| end of epoch 279 | time:  5.39s | valid loss  1.53 | valid ppl     4.63
-----------------------------------------------------------------------------------------
-----------------------------------------------------------------------------------------
| end of epoch 280 | time:  5.26s | valid loss  1.53 | valid ppl     4.63
-----------------------------------------------------------------------------------------
-----------------------------------------------------------------------------------------
| end of epoch 281 | time:  5.30s | valid loss  1.53 | valid ppl     4.63
-----------------------------------------------------------------------------------------
-----------------------------------------------------------------------------------------
| end of epoch 282 | time:  5.31s | valid loss  1.53 | valid ppl     4.63
-----------------------------------------------------------------------------------------
-----------------------------------------------------------------------------------------
| end of epoch 283 | time:  5.29s | valid loss  1.53 | valid ppl     4.63
-----------------------------------------------------------------------------------------
-----------------------------------------------------------------------------------------
| end of epoch 284 | time:  5.27s | valid loss  1.53 | valid ppl     4.63
-----------------------------------------------------------------------------------------
-----------------------------------------------------------------------------------------
| end of epoch 285 | time:  5.25s | valid loss  1.53 | valid ppl     4.63
-----------------------------------------------------------------------------------------
-----------------------------------------------------------------------------------------
| end of epoch 286 | time:  5.25s | valid loss  1.53 | valid ppl     4.63
-----------------------------------------------------------------------------------------
-----------------------------------------------------------------------------------------
| end of epoch 287 | time:  5.29s | valid loss  1.53 | valid ppl     4.63
-----------------------------------------------------------------------------------------
-----------------------------------------------------------------------------------------
| end of epoch 288 | time:  5.26s | valid loss  1.53 | valid ppl     4.63
-----------------------------------------------------------------------------------------
-----------------------------------------------------------------------------------------
| end of epoch 289 | time:  5.23s | valid loss  1.53 | valid ppl     4.63
-----------------------------------------------------------------------------------------
-----------------------------------------------------------------------------------------
| end of epoch 290 | time:  5.26s | valid loss  1.53 | valid ppl     4.63
-----------------------------------------------------------------------------------------
-----------------------------------------------------------------------------------------
| end of epoch 291 | time:  5.24s | valid loss  1.53 | valid ppl     4.63
-----------------------------------------------------------------------------------------
-----------------------------------------------------------------------------------------
| end of epoch 292 | time:  5.26s | valid loss  1.53 | valid ppl     4.63
-----------------------------------------------------------------------------------------
-----------------------------------------------------------------------------------------
| end of epoch 293 | time:  5.27s | valid loss  1.53 | valid ppl     4.63
-----------------------------------------------------------------------------------------
-----------------------------------------------------------------------------------------
| end of epoch 294 | time:  5.26s | valid loss  1.53 | valid ppl     4.63
-----------------------------------------------------------------------------------------
-----------------------------------------------------------------------------------------
| end of epoch 295 | time:  5.23s | valid loss  1.53 | valid ppl     4.63
-----------------------------------------------------------------------------------------
-----------------------------------------------------------------------------------------
| end of epoch 296 | time:  5.26s | valid loss  1.53 | valid ppl     4.63
-----------------------------------------------------------------------------------------
-----------------------------------------------------------------------------------------
| end of epoch 297 | time:  5.28s | valid loss  1.53 | valid ppl     4.63
-----------------------------------------------------------------------------------------
-----------------------------------------------------------------------------------------
| end of epoch 298 | time:  5.25s | valid loss  1.53 | valid ppl     4.63
-----------------------------------------------------------------------------------------
-----------------------------------------------------------------------------------------
| end of epoch 299 | time:  5.25s | valid loss  1.53 | valid ppl     4.63
-----------------------------------------------------------------------------------------
-----------------------------------------------------------------------------------------
| end of epoch 300 | time:  5.29s | valid loss  1.53 | valid ppl     4.63
-----------------------------------------------------------------------------------------
=========================================================================================
| End of training | test loss  1.49 | test ppl     4.44
=========================================================================================
| Generated 0/1000 words
| Generated 100/1000 words
| Generated 200/1000 words
| Generated 300/1000 words
| Generated 400/1000 words
| Generated 500/1000 words
| Generated 600/1000 words
| Generated 700/1000 words
| Generated 800/1000 words
| Generated 900/1000 words
